(field_trial.cc:164): Setting field trial string:WebRTC-Bwe-StableBandwidthEstimate/Enabled/WebRTC-Bwe-ProbeRateFallback/Enabled/WebRTC-AddPacingToCongestionWindowPushback/Enabled/
[000:000][903243] (fake_wnd.cc:120): SwitchToConnectUI
[000:000][903243] (conductor.cc:116): Conductor
[000:000][903243] (fake_wnd.cc:156): AutoLogin server: 100.64.0.5 port: 8888
[000:000][903243] (conductor.cc:455): StartLogin
[000:000][903243] (peer_connection_localvideo.cc:121): Connecting to server..
[000:101][903243] (peer_connection_localvideo.cc:288): Headers received
[000:101][903243] (peer_connection_localvideo.cc:465): OnClose
[000:101][903243] (conductor.cc:439): OnMessageSent
[000:101][903243] (fake_wnd.cc:99): QueueUIThreadCallback
[000:101][903243] (conductor.cc:533): UIThreadCallback 3
[000:101][903243] (conductor.cc:551): SEND_MESSAGE_TO_PEER
[000:101][903243] (conductor.cc:283): OnSignedIn
[000:101][903243] (fake_wnd.cc:124): SwitchToPeerList
[000:101][903243] (fake_wnd.cc:135): SwitchToPeerListpeer size: 0
[000:953][903243] (peer_connection_localvideo.cc:365): OnHangingGetRead
[000:953][903243] (peer_connection_localvideo.cc:288): Headers received
[000:953][903243] (peer_connection_localvideo.cc:465): OnClose
[000:953][903243] (conductor.cc:297): OnPeerConnected
[000:953][903243] (fake_wnd.cc:124): SwitchToPeerList
[000:953][903243] (fake_wnd.cc:132): SwitchToPeerListpeer id: 2 name: user@EEA089
[000:953][903243] (fake_wnd.cc:135): SwitchToPeerListpeer size: 1
[001:154][903243] (peer_connection_localvideo.cc:365): OnHangingGetRead
[001:154][903243] (peer_connection_localvideo.cc:288): Headers received
[001:154][903243] (peer_connection_localvideo.cc:465): OnClose
[001:154][903243] (conductor.cc:316): OnMessageFromPeer
[001:154][903243] (conductor.cc:320): !!!Received:2: {
	"sdp" : "v=0\r\no=- 3516504332571433697 2 IN IP4 127.0.0.1\r\ns=-\r\nt=0 0\r\na=group:BUNDLE 0\r\na=extmap-allow-mixed\r\na=msid-semantic: WMS stream_id\r\nm=video 9 UDP/TLS/RTP/SAVPF 96 97 98 99 100 101 127 103 104 105 35 36 106 107 108\r\nc=IN IP4 0.0.0.0\r\na=rtcp:9 IN IP4 0.0.0.0\r\na=ice-ufrag:IV/H\r\na=ice-pwd:0ofA1GCwSgyXPE4ogjE3F3tH\r\na=ice-options:trickle\r\na=fingerprint:sha-256 36:79:1F:FE:5C:93:1C:3C:AE:49:A3:2B:EE:38:C1:3B:A6:8B:A7:CF:DF:95:7B:56:DD:8E:E9:71:D5:E0:25:5D\r\na=setup:actpass\r\na=mid:0\r\na=extmap:1 urn:ietf:params:rtp-hdrext:toffset\r\na=extmap:2 http://www.webrtc.org/experiments/rtp-hdrext/abs-send-time\r\na=extmap:3 urn:3gpp:video-orientation\r\na=extmap:4 http://www.ietf.org/id/draft-holmer-rmcat-transport-wide-cc-extensions-01\r\na=extmap:5 http://www.webrtc.org/experiments/rtp-hdrext/playout-delay\r\na=extmap:6 http://www.webrtc.org/experiments/rtp-hdrext/video-content-type\r\na=extmap:7 http://www.webrtc.org/experiments/rtp-hdrext/video-timing\r\na=extmap:8 http://www.webrtc.org/experiments/rtp-hdrext/color-space\r\na=extmap:9 urn:ietf:params:rtp-hdrext:sdes:mid\r\na=extmap:10 urn:ietf:params:rtp-hdrext:sdes:rtp-stream-id\r\na=extmap:11 urn:ietf:params:rtp-hdrext:sdes:repaired-rtp-stream-id\r\na=sendrecv\r\na=msid:stream_id video_label\r\na=rtcp-mux\r\na=rtcp-rsize\r\na=rtpmap:96 H264/90000\r\na=rtcp-fb:96 goog-remb\r\na=rtcp-fb:96 transport-cc\r\na=rtcp-fb:96 ccm fir\r\na=rtcp-fb:96 nack\r\na=rtcp-fb:96 nack pli\r\na=fmtp:96 level-asymmetry-allowed=1;packetization-mode=1;profile-level-id=42001f\r\na=rtpmap:97 rtx/90000\r\na=fmtp:97 apt=96\r\na=rtpmap:98 H264/90000\r\na=rtcp-fb:98 goog-remb\r\na=rtcp-fb:98 transport-cc\r\na=rtcp-fb:98 ccm fir\r\na=rtcp-fb:98 nack\r\na=rtcp-fb:98 nack pli\r\na=fmtp:98 level-asymmetry-allowed=1;packetization-mode=0;profile-level-id=42001f\r\na=rtpmap:99 rtx/90000\r\na=fmtp:99 apt=98\r\na=rtpmap:100 H264/90000\r\na=rtcp-fb:100 goog-remb\r\na=rtcp-fb:100 transport-cc\r\na=rtcp-fb:100 ccm fir\r\na=rtcp-fb:100 nack\r\na=rtcp-fb:100 nack pli\r\na=fmtp:100 level-asymmetry-allowed=1;packetization-mode=1;profile-level-id=42e01f\r\na=rtpmap:101 rtx/90000\r\na=fmtp:101 apt=100\r\na=rtpmap:127 H264/90000\r\na=rtcp-fb:127 goog-remb\r\na=rtcp-fb:127 transport-cc\r\na=rtcp-fb:127 ccm fir\r\na=rtcp-fb:127 nack\r\na=rtcp-fb:127 nack pli\r\na=fmtp:127 level-asymmetry-allowed=1;packetization-mode=0;profile-level-id=42e01f\r\na=rtpmap:103 rtx/90000\r\na=fmtp:103 apt=127\r\na=rtpmap:104 H264/90000\r\na=rtcp-fb:104 goog-remb\r\na=rtcp-fb:104 transport-cc\r\na=rtcp-fb:104 ccm fir\r\na=rtcp-fb:104 nack\r\na=rtcp-fb:104 nack pli\r\na=fmtp:104 level-asymmetry-allowed=1;packetization-mode=1;profile-level-id=4d001f\r\na=rtpmap:105 rtx/90000\r\na=fmtp:105 apt=104\r\na=rtpmap:35 H264/90000\r\na=rtcp-fb:35 goog-remb\r\na=rtcp-fb:35 transport-cc\r\na=rtcp-fb:35 ccm fir\r\na=rtcp-fb:35 nack\r\na=rtcp-fb:35 nack pli\r\na=fmtp:35 level-asymmetry-allowed=1;packetization-mode=0;profile-level-id=4d001f\r\na=rtpmap:36 rtx/90000\r\na=fmtp:36 apt=35\r\na=rtpmap:106 red/90000\r\na=rtpmap:107 rtx/90000\r\na=fmtp:107 apt=106\r\na=rtpmap:108 ulpfec/90000\r\na=ssrc-group:FID 2674628613 3924060312\r\na=ssrc:2674628613 cname:TA94Y49LOquHa9aT\r\na=ssrc:2674628613 msid:stream_id video_label\r\na=ssrc:3924060312 cname:TA94Y49LOquHa9aT\r\na=ssrc:3924060312 msid:stream_id video_label\r\n",
	"type" : "offer"
}
[001:154][903243] (conductor.cc:324): if1
[001:154][903243] (conductor.cc:140): InitializePeerConnection
[001:154][903243] (input_volume_stats_reporter.cc:98): Will not log any `WebRTC.Audio.Apm.AppliedInputVolume.*` histogram stats.
[001:154][903243] (input_volume_stats_reporter.cc:98): Will not log any `WebRTC.Audio.Apm.RecommendedInputVolume.*` histogram stats.
[001:154][903243] (audio_processing_impl.cc:695): Injected APM submodules:
Echo control factory: 0
Echo detector: 0
Capture analyzer: 0
Capture post processor: 0
Render pre processor: 0
[001:154][903243] (audio_processing_impl.cc:708): AudioProcessing: AudioProcessing::Config{ pipeline: { maximum_internal_processing_rate: 48000, multi_channel_render: 0, multi_channel_capture: 0 }, pre_amplifier: { enabled: 0, fixed_gain_factor: 1 },capture_level_adjustment: { enabled: 0, pre_gain_factor: 1, post_gain_factor: 1, analog_mic_gain_emulation: { enabled: 0, initial_level: 255 }}, high_pass_filter: { enabled: 0 }, echo_canceller: { enabled: 0, mobile_mode: 0, enforce_high_pass_filtering: 1 }, noise_suppression: { enabled: 0, level: Moderate }, transient_suppression: { enabled: 0 }, gain_controller1: { enabled: 0, mode: AdaptiveAnalog, target_level_dbfs: 3, compression_gain_db: 9, enable_limiter: 1, analog_gain_controller { enabled: 1, startup_min_volume: 0, clipped_level_min: 70, enable_digital_adaptive: 1, clipped_level_step: 15, clipped_ratio_threshold: 0.1, clipped_wait_frames: 300, clipping_predictor:  { enabled: 0, mode: 0, window_length: 5, reference_window_length: 5, reference_window_delay: 5, clipping_threshold: -1, crest_factor_margin: 3, use_predicted_step: 1 }}}, gain_controller2: { enabled: 0, fixed_digital: { gain_db: 0 }, adaptive_digital: { enabled: 0, headroom_db: 6, max_gain_db: 30, initial_gain_db: 8, max_gain_change_db_per_second: 3, max_output_noise_level_dbfs: -50 }, input_volume_control : { enabled 0}}
[001:154][903243] (webrtc_voice_engine.cc:362): WebRtcVoiceEngine::WebRtcVoiceEngine
[001:154][903243] (webrtc_video_engine.cc:766): WebRtcVideoEngine::WebRtcVideoEngine()
[001:155][903307] (webrtc_voice_engine.cc:384): WebRtcVoiceEngine::Init
[001:155][903307] (audio_device_impl.cc:67): Create
[001:155][903307] (audio_device_impl.cc:75): CreateForTest
[001:155][903307] (audio_device_buffer.cc:66): AudioDeviceBuffer::ctor
[001:155][903307] (audio_device_impl.cc:120): AudioDeviceModuleImpl
[001:155][903307] (audio_device_impl.cc:135): CheckPlatform
[001:155][903307] (audio_device_impl.cc:146): current platform is Linux
[001:155][903307] (audio_device_impl.cc:168): CreatePlatformSpecificObjects
[001:155][903307] (audio_device_impl.cc:905): PlatformAudioLayer
[001:155][903307] (audio_device_impl.cc:226): PulseAudio support is enabled.
[001:155][903307] (audio_mixer_manager_pulse_linux.cc:57): AudioMixerManagerLinuxPulse created
[001:155][903307] (audio_device_pulse_linux.cc:82): AudioDeviceLinuxPulse created
[001:155][903307] (audio_device_impl.cc:231): Linux PulseAudio APIs will be utilized
[001:155][903307] (audio_device_impl.cc:272): AttachAudioBuffer
[001:155][903307] (audio_device_buffer.cc:186): SetRecordingSampleRate(0)
[001:155][903307] (audio_device_buffer.cc:192): SetPlayoutSampleRate(0)
[001:155][903307] (audio_device_buffer.cc:206): SetRecordingChannels(0)
[001:155][903307] (audio_device_buffer.cc:212): SetPlayoutChannels(0)
[001:155][903307] (audio_device_impl.cc:292): Init
[001:158][903307] (audio_device_impl.cc:636): SetPlayoutDevice(0)
[001:158][903307] (audio_device_impl.cc:325): InitSpeaker
[001:158][903307] (audio_device_impl.cc:540): StereoPlayoutIsAvailable
[001:158][903307] (audio_mixer_manager_pulse_linux.cc:189): SpeakerIsInitialized
[001:158][903307] (audio_device_impl.cc:547): output: 1
[001:158][903307] (audio_device_impl.cc:552): SetStereoPlayout(1)
[001:158][903307] (audio_device_buffer.cc:212): SetPlayoutChannels(2)
[001:159][903307] (audio_device_impl.cc:698): SetRecordingDevice(0)
[001:159][903307] (audio_device_impl.cc:331): InitMicrophone
[001:159][903307] (audio_device_impl.cc:494): StereoRecordingIsAvailable
[001:159][903307] (audio_mixer_manager_pulse_linux.cc:196): MicrophoneIsInitialized
[001:159][903307] (audio_device_impl.cc:501): output: 0
[001:159][903307] (audio_device_impl.cc:506): SetStereoRecording(0)
[001:159][903307] (audio_device_buffer.cc:206): SetRecordingChannels(1)
[001:159][903307] (audio_device_impl.cc:811): RegisterAudioCallback
[001:159][903307] (audio_device_buffer.cc:86): RegisterAudioCallback
[001:159][903307] (webrtc_voice_engine.cc:491): WebRtcVoiceEngine::ApplyOptions: AudioOptions {aec: 1, agc: 1, ns: 1, hf: 1, swap: 0, audio_jitter_buffer_max_packets: 200, audio_jitter_buffer_fast_accelerate: 0, audio_jitter_buffer_min_delay_ms: 0, }
[001:159][903307] (audio_device_impl.cc:827): BuiltInAECIsAvailable
[001:159][903307] (audio_device_generic.cc:18): virtual bool webrtc::AudioDeviceGeneric::BuiltInAECIsAvailable() const: Not supported on this platform
[001:159][903307] (audio_device_impl.cc:830): output: 0
[001:159][903307] (audio_device_impl.cc:843): BuiltInAGCIsAvailable
[001:159][903307] (audio_device_generic.cc:28): virtual bool webrtc::AudioDeviceGeneric::BuiltInAGCIsAvailable() const: Not supported on this platform
[001:159][903307] (audio_device_impl.cc:846): output: 0
[001:159][903307] (audio_device_impl.cc:859): BuiltInNSIsAvailable
[001:159][903307] (audio_device_generic.cc:38): virtual bool webrtc::AudioDeviceGeneric::BuiltInNSIsAvailable() const: Not supported on this platform
[001:159][903307] (audio_device_impl.cc:862): output: 0
[001:159][903307] (audio_processing_impl.cc:911): AudioProcessing::ApplyConfig: AudioProcessing::Config{ pipeline: { maximum_internal_processing_rate: 48000, multi_channel_render: 0, multi_channel_capture: 0 }, pre_amplifier: { enabled: 0, fixed_gain_factor: 1 },capture_level_adjustment: { enabled: 0, pre_gain_factor: 1, post_gain_factor: 1, analog_mic_gain_emulation: { enabled: 0, initial_level: 255 }}, high_pass_filter: { enabled: 1 }, echo_canceller: { enabled: 1, mobile_mode: 0, enforce_high_pass_filtering: 1 }, noise_suppression: { enabled: 1, level: High }, transient_suppression: { enabled: 0 }, gain_controller1: { enabled: 1, mode: AdaptiveAnalog, target_level_dbfs: 3, compression_gain_db: 9, enable_limiter: 1, analog_gain_controller { enabled: 1, startup_min_volume: 0, clipped_level_min: 70, enable_digital_adaptive: 1, clipped_level_step: 15, clipped_ratio_threshold: 0.1, clipped_wait_frames: 300, clipping_predictor:  { enabled: 0, mode: 0, window_length: 5, reference_window_length: 5, reference_window_delay: 5, clipping_threshold: -1, crest_factor_margin: 3, use_predicted_step: 1 }}}, gain_controller2: { enabled: 0, fixed_digital: { gain_db: 0 }, adaptive_digital: { enabled: 0, headroom_db: 6, max_gain_db: 30, initial_gain_db: 8, max_gain_change_db_per_second: 3, max_output_noise_level_dbfs: -50 }, input_volume_control : { enabled 0}}
[001:160][903307] (matched_filter.cc:141): AEC3: Pre echo configuration:  threshold = 0.5, mode =  3.
[001:160][903307] (transparent_mode.cc:239): AEC3 Transparent Mode: Legacy
[001:160][903307] (echo_canceller3.cc:793): AEC3 created with sample rate: 16000 Hz, num render channels: 1, num capture channels: 1
[001:160][903307] (clipping_predictor.cc:358): [AGC2] Clipping prediction disabled.
[001:160][903307] (agc_manager_direct.cc:481): [agc] analog controller enabled: yes
[001:160][903307] (agc_manager_direct.cc:484): [agc] Min mic level: 12 (overridden: no)
[001:160][903307] (agc_manager_direct.cc:507): AgcManagerDirect::Initialize
[001:160][903243] (conductor.cc:199): CreatePeerConnection
[001:160][903307] (rtc_event_log_impl.cc:40): Creating new format encoder for RTC event log.
[001:161][903307] (peer_connection_factory.cc:337): Using default network controller factory
[001:161][903307] (bitrate_prober.cc:47): Bandwidth probing enabled, set to inactive
[001:161][903307] (cpu_info.cc:53): Available number of cores: 24
[001:161][903307] (remote_estimator_proxy.cc:68): Maximum interval between transport feedback RTCP messages: 250 ms
[001:161][903307] (aimd_rate_control.cc:89): Using aimd rate control with back off factor 0.85
[001:161][903307] (remote_bitrate_estimator_single_stream.cc:51): RemoteBitrateEstimatorSingleStream: Instantiating.
format.name: H264
format.name: H264
format.name: H264
format.name: H264
format.name: H264
format.name: H264
supported_formats: H264
supported_formats: H264
supported_formats: H264
supported_formats: H264
supported_formats: H264
supported_formats: H264
format.name: H264
format.name: H264
format.name: H264
format.name: H264
format.name: H264
format.name: H264
format.name: H264
format.name: H264
supported_formats: H264
supported_formats: H264
supported_formats: H264
supported_formats: H264
supported_formats: H264
supported_formats: H264
supported_formats: H264
supported_formats: H264
[001:162][903306] (openssl_key_pair.cc:40): Making key pair
[001:162][903243] (wrapped_desktop_capturer.cc:56): Not sender, do not start capture
[001:163][903243] (fake_wnd.cc:146): SwitchToStreamingUI
[001:163][903306] (openssl_key_pair.cc:93): Returning key pair
[001:163][903306] (boringssl_certificate.cc:189): Making certificate for WebRTC
[001:163][903243] (conductor.cc:357): if3
[001:163][903306] (boringssl_certificate.cc:245): Returning certificate
[001:164][903243] (conductor.cc:392):  Received session description :{
	"sdp" : "v=0\r\no=- 3516504332571433697 2 IN IP4 127.0.0.1\r\ns=-\r\nt=0 0\r\na=group:BUNDLE 0\r\na=extmap-allow-mixed\r\na=msid-semantic: WMS stream_id\r\nm=video 9 UDP/TLS/RTP/SAVPF 96 97 98 99 100 101 127 103 104 105 35 36 106 107 108\r\nc=IN IP4 0.0.0.0\r\na=rtcp:9 IN IP4 0.0.0.0\r\na=ice-ufrag:IV/H\r\na=ice-pwd:0ofA1GCwSgyXPE4ogjE3F3tH\r\na=ice-options:trickle\r\na=fingerprint:sha-256 36:79:1F:FE:5C:93:1C:3C:AE:49:A3:2B:EE:38:C1:3B:A6:8B:A7:CF:DF:95:7B:56:DD:8E:E9:71:D5:E0:25:5D\r\na=setup:actpass\r\na=mid:0\r\na=extmap:1 urn:ietf:params:rtp-hdrext:toffset\r\na=extmap:2 http://www.webrtc.org/experiments/rtp-hdrext/abs-send-time\r\na=extmap:3 urn:3gpp:video-orientation\r\na=extmap:4 http://www.ietf.org/id/draft-holmer-rmcat-transport-wide-cc-extensions-01\r\na=extmap:5 http://www.webrtc.org/experiments/rtp-hdrext/playout-delay\r\na=extmap:6 http://www.webrtc.org/experiments/rtp-hdrext/video-content-type\r\na=extmap:7 http://www.webrtc.org/experiments/rtp-hdrext/video-timing\r\na=extmap:8 http://www.webrtc.org/experiments/rtp-hdrext/color-space\r\na=extmap:9 urn:ietf:params:rtp-hdrext:sdes:mid\r\na=extmap:10 urn:ietf:params:rtp-hdrext:sdes:rtp-stream-id\r\na=extmap:11 urn:ietf:params:rtp-hdrext:sdes:repaired-rtp-stream-id\r\na=sendrecv\r\na=msid:stream_id video_label\r\na=rtcp-mux\r\na=rtcp-rsize\r\na=rtpmap:96 H264/90000\r\na=rtcp-fb:96 goog-remb\r\na=rtcp-fb:96 transport-cc\r\na=rtcp-fb:96 ccm fir\r\na=rtcp-fb:96 nack\r\na=rtcp-fb:96 nack pli\r\na=fmtp:96 level-asymmetry-allowed=1;packetization-mode=1;profile-level-id=42001f\r\na=rtpmap:97 rtx/90000\r\na=fmtp:97 apt=96\r\na=rtpmap:98 H264/90000\r\na=rtcp-fb:98 goog-remb\r\na=rtcp-fb:98 transport-cc\r\na=rtcp-fb:98 ccm fir\r\na=rtcp-fb:98 nack\r\na=rtcp-fb:98 nack pli\r\na=fmtp:98 level-asymmetry-allowed=1;packetization-mode=0;profile-level-id=42001f\r\na=rtpmap:99 rtx/90000\r\na=fmtp:99 apt=98\r\na=rtpmap:100 H264/90000\r\na=rtcp-fb:100 goog-remb\r\na=rtcp-fb:100 transport-cc\r\na=rtcp-fb:100 ccm fir\r\na=rtcp-fb:100 nack\r\na=rtcp-fb:100 nack pli\r\na=fmtp:100 level-asymmetry-allowed=1;packetization-mode=1;profile-level-id=42e01f\r\na=rtpmap:101 rtx/90000\r\na=fmtp:101 apt=100\r\na=rtpmap:127 H264/90000\r\na=rtcp-fb:127 goog-remb\r\na=rtcp-fb:127 transport-cc\r\na=rtcp-fb:127 ccm fir\r\na=rtcp-fb:127 nack\r\na=rtcp-fb:127 nack pli\r\na=fmtp:127 level-asymmetry-allowed=1;packetization-mode=0;profile-level-id=42e01f\r\na=rtpmap:103 rtx/90000\r\na=fmtp:103 apt=127\r\na=rtpmap:104 H264/90000\r\na=rtcp-fb:104 goog-remb\r\na=rtcp-fb:104 transport-cc\r\na=rtcp-fb:104 ccm fir\r\na=rtcp-fb:104 nack\r\na=rtcp-fb:104 nack pli\r\na=fmtp:104 level-asymmetry-allowed=1;packetization-mode=1;profile-level-id=4d001f\r\na=rtpmap:105 rtx/90000\r\na=fmtp:105 apt=104\r\na=rtpmap:35 H264/90000\r\na=rtcp-fb:35 goog-remb\r\na=rtcp-fb:35 transport-cc\r\na=rtcp-fb:35 ccm fir\r\na=rtcp-fb:35 nack\r\na=rtcp-fb:35 nack pli\r\na=fmtp:35 level-asymmetry-allowed=1;packetization-mode=0;profile-level-id=4d001f\r\na=rtpmap:36 rtx/90000\r\na=fmtp:36 apt=35\r\na=rtpmap:106 red/90000\r\na=rtpmap:107 rtx/90000\r\na=fmtp:107 apt=106\r\na=rtpmap:108 ulpfec/90000\r\na=ssrc-group:FID 2674628613 3924060312\r\na=ssrc:2674628613 cname:TA94Y49LOquHa9aT\r\na=ssrc:2674628613 msid:stream_id video_label\r\na=ssrc:3924060312 cname:TA94Y49LOquHa9aT\r\na=ssrc:3924060312 msid:stream_id video_label\r\n",
	"type" : "offer"
}
[001:164][903306] (p2p_transport_channel.cc:544): Set backup connection ping interval to 25000 milliseconds.
[001:164][903306] (p2p_transport_channel.cc:553): Set ICE receiving timeout to 2500 milliseconds
[001:164][903306] (p2p_transport_channel.cc:560): Set ping most likely connection to 0
[001:164][903306] (p2p_transport_channel.cc:567): Set stable_writable_connection_ping_interval to 2500
[001:164][903306] (p2p_transport_channel.cc:580): Set presume writable when fully relayed to 0
[001:164][903306] (p2p_transport_channel.cc:598): Set regather_on_failed_networks_interval to 300000
[001:164][903306] (p2p_transport_channel.cc:605): Set receiving_switching_delay to 1000
[001:164][903306] (jsep_transport_controller.cc:1077): Creating DtlsSrtpTransport.
[001:164][903306] (dtls_srtp_transport.cc:71): Setting RTP Transport on 0 transport 30002260
[001:164][903306] (p2p_transport_channel.cc:489): Received remote ICE parameters: ufrag=IV/H, renomination disabled
[001:164][903305] (sdp_offer_answer.cc:3870): Adding video transceiver for MID=0 at i=0 in response to the remote description.
format.name: H264
format.name: H264
format.name: H264
format.name: H264
format.name: H264
format.name: H264
supported_formats: H264
supported_formats: H264
supported_formats: H264
supported_formats: H264
supported_formats: H264
supported_formats: H264
format.name: H264
format.name: H264
format.name: H264
format.name: H264
format.name: H264
format.name: H264
format.name: H264
format.name: H264
supported_formats: H264
supported_formats: H264
supported_formats: H264
supported_formats: H264
supported_formats: H264
supported_formats: H264
supported_formats: H264
supported_formats: H264
format.name: H264
format.name: H264
format.name: H264
format.name: H264
format.name: H264
format.name: H264
format.name: H264
format.name: H264
supported_formats: H264
supported_formats: H264
supported_formats: H264
supported_formats: H264
supported_formats: H264
supported_formats: H264
supported_formats: H264
supported_formats: H264
[001:165][903307] (channel.cc:141): Created channel: {mid: 0, media_type: video}
[001:165][903306] (rtp_demuxer.cc:163): Added sink = 34093d30 for criteria {mid: 0, rsid: <empty>, ssrcs: [], payload_types = []}
[001:165][903307] (pacing_controller.cc:110): PacedSender paused.
[001:165][903305] (sdp_offer_answer.cc:2882): Session: 4084124980401840683 Old state: stable New state: have-remote-offer
[001:165][903307] (webrtc_video_engine.cc:2968): ResetUnsignaledRecvStream.
[001:166][903307] (channel.cc:1142): Setting remote video description for {mid: 0, media_type: video}
[001:166][903307] (webrtc_video_engine.cc:1132): SetSenderParameters: {codecs: [VideoCodec[96:H264], VideoCodec[97:rtx], VideoCodec[98:H264], VideoCodec[99:rtx], VideoCodec[100:H264], VideoCodec[101:rtx], VideoCodec[127:H264], VideoCodec[103:rtx], VideoCodec[104:H264], VideoCodec[105:rtx], VideoCodec[35:H264], VideoCodec[36:rtx], VideoCodec[106:red], VideoCodec[107:rtx], VideoCodec[108:ulpfec]], conference_mode: no, extensions: [{uri: http://www.ietf.org/id/draft-holmer-rmcat-transport-wide-cc-extensions-01, id: 4}, {uri: http://www.webrtc.org/experiments/rtp-hdrext/abs-send-time, id: 2}, {uri: http://www.webrtc.org/experiments/rtp-hdrext/color-space, id: 8}, {uri: http://www.webrtc.org/experiments/rtp-hdrext/playout-delay, id: 5}, {uri: http://www.webrtc.org/experiments/rtp-hdrext/video-content-type, id: 6}, {uri: http://www.webrtc.org/experiments/rtp-hdrext/video-timing, id: 7}, {uri: urn:3gpp:video-orientation, id: 3}, {uri: urn:ietf:params:rtp-hdrext:sdes:mid, id: 9}, {uri: urn:ietf:params:rtp-hdrext:sdes:repaired-rtp-stream-id, id: 11}, {uri: urn:ietf:params:rtp-hdrext:sdes:rtp-stream-id, id: 10}, {uri: urn:ietf:params:rtp-hdrext:toffset, id: 1}], extmap-allow-mixed: true, max_bandwidth_bps: -1, mid: 0}
[001:166][903307] (webrtc_video_engine.cc:1140): Negotiated codec: VideoCodec[96:H264]
[001:166][903307] (webrtc_video_engine.cc:1140): Negotiated codec: VideoCodec[98:H264]
[001:166][903307] (webrtc_video_engine.cc:1140): Negotiated codec: VideoCodec[100:H264]
[001:166][903307] (webrtc_video_engine.cc:1140): Negotiated codec: VideoCodec[127:H264]
[001:166][903307] (webrtc_video_engine.cc:1140): Negotiated codec: VideoCodec[104:H264]
[001:166][903307] (webrtc_video_engine.cc:1140): Negotiated codec: VideoCodec[35:H264]
[001:166][903307] (webrtc_video_engine.cc:2856): AddRecvStream: {id:video_label;ssrcs:[2674628613,3924060312];ssrc_groups:{semantics:FID;ssrcs:[2674628613,3924060312]};cname:TA94Y49LOquHa9aT;stream_ids:stream_id;}
[001:166][903307] (video_receive_stream2.cc:228): VideoReceiveStream2: {decoders: [{payload_type: 96, payload_name: H264, codec_params: {level-asymmetry-allowed: 1, packetization-mode: 1, profile-level-id: 42001f}}, {payload_type: 98, payload_name: H264, codec_params: {level-asymmetry-allowed: 1, packetization-mode: 0, profile-level-id: 42001f}}, {payload_type: 100, payload_name: H264, codec_params: {level-asymmetry-allowed: 1, packetization-mode: 1, profile-level-id: 42e01f}}, {payload_type: 102, payload_name: H264, codec_params: {level-asymmetry-allowed: 1, packetization-mode: 0, profile-level-id: 42e01f}}, {payload_type: 104, payload_name: H264, codec_params: {level-asymmetry-allowed: 1, packetization-mode: 1, profile-level-id: 4d001f}}, {payload_type: 35, payload_name: H264, codec_params: {level-asymmetry-allowed: 1, packetization-mode: 0, profile-level-id: 4d001f}}, {payload_type: 37, payload_name: H264, codec_params: {level-asymmetry-allowed: 1, packetization-mode: 1, profile-level-id: f4001f}}, {payload_type: 39, payload_name: H264, codec_params: {level-asymmetry-allowed: 1, packetization-mode: 0, profile-level-id: f4001f}}], rtp: {remote_ssrc: 2674628613, local_ssrc: 1, rtcp_mode: RtcpMode::kReducedSize, rtcp_xr: {receiver_reference_time_report: off}, lntf: {enabled: false}, nack: {rtp_history_ms: 1000}, ulpfec_payload_type: 108, red_type: 106, rtx_ssrc: 3924060312, rtx_payload_types: {36 (pt) -> 35 (apt), 38 (pt) -> 37 (apt), 40 (pt) -> 39 (apt), 97 (pt) -> 96 (apt), 99 (pt) -> 98 (apt), 101 (pt) -> 100 (apt), 103 (pt) -> 102 (apt), 105 (pt) -> 104 (apt), 107 (pt) -> 106 (apt), }, raw_payload_types: {}}, renderer: (renderer), render_delay_ms: 10, sync_group: stream_id}
[001:166][903307] (rtp_demuxer.cc:163): Added sink = 340a2e50 for criteria {mid: <empty>, rsid: <empty>, ssrcs: [2674628613, ], payload_types = []}
[001:167][903307] (rtp_demuxer.cc:163): Added sink = 3408f7c0 for criteria {mid: <empty>, rsid: <empty>, ssrcs: [3924060312, ], payload_types = []}
[001:167][903307] (channel.cc:746): Add remote ssrc: 2674628613 to {mid: 0, media_type: video}
[001:167][903306] (rtp_demuxer.cc:163): Added sink = 34093d30 for criteria {mid: 0, rsid: <empty>, ssrcs: [2674628613, 3924060312, ], payload_types = []}
[001:167][903307] (video_receive_stream2.cc:269): ~VideoReceiveStream2: {decoders: [{payload_type: 96, payload_name: H264, codec_params: {level-asymmetry-allowed: 1, packetization-mode: 1, profile-level-id: 42001f}}, {payload_type: 98, payload_name: H264, codec_params: {level-asymmetry-allowed: 1, packetization-mode: 0, profile-level-id: 42001f}}, {payload_type: 100, payload_name: H264, codec_params: {level-asymmetry-allowed: 1, packetization-mode: 1, profile-level-id: 42e01f}}, {payload_type: 102, payload_name: H264, codec_params: {level-asymmetry-allowed: 1, packetization-mode: 0, profile-level-id: 42e01f}}, {payload_type: 104, payload_name: H264, codec_params: {level-asymmetry-allowed: 1, packetization-mode: 1, profile-level-id: 4d001f}}, {payload_type: 35, payload_name: H264, codec_params: {level-asymmetry-allowed: 1, packetization-mode: 0, profile-level-id: 4d001f}}, {payload_type: 37, payload_name: H264, codec_params: {level-asymmetry-allowed: 1, packetization-mode: 1, profile-level-id: f4001f}}, {payload_type: 39, payload_name: H264, codec_params: {level-asymmetry-allowed: 1, packetization-mode: 0, profile-level-id: f4001f}}], rtp: {remote_ssrc: 2674628613, local_ssrc: 1, rtcp_mode: RtcpMode::kReducedSize, rtcp_xr: {receiver_reference_time_report: off}, lntf: {enabled: false}, nack: {rtp_history_ms: 1000}, ulpfec_payload_type: 108, red_type: 106, rtx_ssrc: 3924060312, rtx_payload_types: {36 (pt) -> 35 (apt), 38 (pt) -> 37 (apt), 40 (pt) -> 39 (apt), 97 (pt) -> 96 (apt), 99 (pt) -> 98 (apt), 101 (pt) -> 100 (apt), 103 (pt) -> 102 (apt), 105 (pt) -> 104 (apt), 107 (pt) -> 106 (apt), }, raw_payload_types: {}}, renderer: (renderer), render_delay_ms: 10, sync_group: stream_id}
[001:167][903307] (video_receive_stream2.cc:228): VideoReceiveStream2: {decoders: [{payload_type: 96, payload_name: H264, codec_params: {level-asymmetry-allowed: 1, packetization-mode: 1, profile-level-id: 42001f}}, {payload_type: 98, payload_name: H264, codec_params: {level-asymmetry-allowed: 1, packetization-mode: 0, profile-level-id: 42001f}}, {payload_type: 100, payload_name: H264, codec_params: {level-asymmetry-allowed: 1, packetization-mode: 1, profile-level-id: 42e01f}}, {payload_type: 102, payload_name: H264, codec_params: {level-asymmetry-allowed: 1, packetization-mode: 0, profile-level-id: 42e01f}}, {payload_type: 104, payload_name: H264, codec_params: {level-asymmetry-allowed: 1, packetization-mode: 1, profile-level-id: 4d001f}}, {payload_type: 35, payload_name: H264, codec_params: {level-asymmetry-allowed: 1, packetization-mode: 0, profile-level-id: 4d001f}}, {payload_type: 37, payload_name: H264, codec_params: {level-asymmetry-allowed: 1, packetization-mode: 1, profile-level-id: f4001f}}, {payload_type: 39, payload_name: H264, codec_params: {level-asymmetry-allowed: 1, packetization-mode: 0, profile-level-id: f4001f}}], rtp: {remote_ssrc: 2674628613, local_ssrc: 1, rtcp_mode: RtcpMode::kReducedSize, rtcp_xr: {receiver_reference_time_report: off}, lntf: {enabled: false}, nack: {rtp_history_ms: 1000}, ulpfec_payload_type: 108, red_type: 106, rtx_ssrc: 3924060312, rtx_payload_types: {36 (pt) -> 35 (apt), 38 (pt) -> 37 (apt), 40 (pt) -> 39 (apt), 97 (pt) -> 96 (apt), 99 (pt) -> 98 (apt), 101 (pt) -> 100 (apt), 103 (pt) -> 102 (apt), 105 (pt) -> 104 (apt), 107 (pt) -> 106 (apt), }, raw_payload_types: {}}, renderer: (renderer), render_delay_ms: 10, sync_group: stream_id}
[001:167][903307] (rtp_demuxer.cc:163): Added sink = 340a2e50 for criteria {mid: <empty>, rsid: <empty>, ssrcs: [2674628613, ], payload_types = []}
[001:167][903307] (rtp_demuxer.cc:163): Added sink = 3408f7c0 for criteria {mid: <empty>, rsid: <empty>, ssrcs: [3924060312, ], payload_types = []}
[001:167][903307] (channel.cc:1012): Changing video state, recv=0 send=0 for {mid: 0, media_type: video}
[001:167][903305] (sdp_offer_answer.cc:2170): Processing the MSIDs for MID=0 (streams=[stream_id]).
[001:168][903305] (sdp_offer_answer.cc:2180): Processing the addition of a remote track for MID=0.
[001:168][903307] (webrtc_video_engine.cc:3013): SetSink: ssrc:2674628613 (ptr)
[001:168][903305] (conductor.cc:243): OnAddTrack video_label
[001:168][903305] (fake_wnd.cc:99): QueueUIThreadCallback
[001:168][903305] (conductor.cc:533): UIThreadCallback 4
[001:168][903305] (conductor.cc:580): NEW_TRACK_ADDED
[001:168][903305] (conductor.cc:75): OnSuccess
[001:170][903306] (dtls_srtp_transport.cc:71): Setting RTP Transport on 0 transport 30002260
[001:170][903306] (p2p_transport_channel.cc:478): Set ICE ufrag: lppI pwd: 8TGkZurNWW5QLFn2Ctd3nBZs on transport 0
[001:170][903306] (dtls_transport.cc:395): DtlsTransport[0|1|__]: DTLS setup complete.
[001:170][903305] (rtp_transceiver.cc:515): Changing transceiver (MID=0) current direction from <not set> to kRecvOnly.
[001:170][903305] (sdp_offer_answer.cc:2882): Session: 4084124980401840683 Old state: have-remote-offer New state: stable
[001:170][903307] (channel.cc:524): Channel enabled: {mid: 0, media_type: video}
[001:170][903307] (video_receive_stream2.cc:269): ~VideoReceiveStream2: {decoders: [{payload_type: 96, payload_name: H264, codec_params: {level-asymmetry-allowed: 1, packetization-mode: 1, profile-level-id: 42001f}}, {payload_type: 98, payload_name: H264, codec_params: {level-asymmetry-allowed: 1, packetization-mode: 0, profile-level-id: 42001f}}, {payload_type: 100, payload_name: H264, codec_params: {level-asymmetry-allowed: 1, packetization-mode: 1, profile-level-id: 42e01f}}, {payload_type: 102, payload_name: H264, codec_params: {level-asymmetry-allowed: 1, packetization-mode: 0, profile-level-id: 42e01f}}, {payload_type: 104, payload_name: H264, codec_params: {level-asymmetry-allowed: 1, packetization-mode: 1, profile-level-id: 4d001f}}, {payload_type: 35, payload_name: H264, codec_params: {level-asymmetry-allowed: 1, packetization-mode: 0, profile-level-id: 4d001f}}, {payload_type: 37, payload_name: H264, codec_params: {level-asymmetry-allowed: 1, packetization-mode: 1, profile-level-id: f4001f}}, {payload_type: 39, payload_name: H264, codec_params: {level-asymmetry-allowed: 1, packetization-mode: 0, profile-level-id: f4001f}}], rtp: {remote_ssrc: 2674628613, local_ssrc: 1, rtcp_mode: RtcpMode::kReducedSize, rtcp_xr: {receiver_reference_time_report: off}, lntf: {enabled: false}, nack: {rtp_history_ms: 1000}, ulpfec_payload_type: 108, red_type: 106, rtx_ssrc: 3924060312, rtx_payload_types: {36 (pt) -> 35 (apt), 38 (pt) -> 37 (apt), 40 (pt) -> 39 (apt), 97 (pt) -> 96 (apt), 99 (pt) -> 98 (apt), 101 (pt) -> 100 (apt), 103 (pt) -> 102 (apt), 105 (pt) -> 104 (apt), 107 (pt) -> 106 (apt), }, raw_payload_types: {}}, renderer: (renderer), render_delay_ms: 10, sync_group: stream_id}
[001:170][903307] (video_receive_stream2.cc:228): VideoReceiveStream2: {decoders: [{payload_type: 96, payload_name: H264, codec_params: {level-asymmetry-allowed: 1, packetization-mode: 1, profile-level-id: 42001f}}, {payload_type: 98, payload_name: H264, codec_params: {level-asymmetry-allowed: 1, packetization-mode: 0, profile-level-id: 42001f}}, {payload_type: 100, payload_name: H264, codec_params: {level-asymmetry-allowed: 1, packetization-mode: 1, profile-level-id: 42e01f}}, {payload_type: 102, payload_name: H264, codec_params: {level-asymmetry-allowed: 1, packetization-mode: 0, profile-level-id: 42e01f}}, {payload_type: 104, payload_name: H264, codec_params: {level-asymmetry-allowed: 1, packetization-mode: 1, profile-level-id: 4d001f}}, {payload_type: 35, payload_name: H264, codec_params: {level-asymmetry-allowed: 1, packetization-mode: 0, profile-level-id: 4d001f}}, {payload_type: 37, payload_name: H264, codec_params: {level-asymmetry-allowed: 1, packetization-mode: 1, profile-level-id: f4001f}}, {payload_type: 39, payload_name: H264, codec_params: {level-asymmetry-allowed: 1, packetization-mode: 0, profile-level-id: f4001f}}], rtp: {remote_ssrc: 2674628613, local_ssrc: 1, rtcp_mode: RtcpMode::kReducedSize, rtcp_xr: {receiver_reference_time_report: off}, lntf: {enabled: false}, nack: {rtp_history_ms: 1000}, ulpfec_payload_type: 108, red_type: 106, rtx_ssrc: 3924060312, rtx_payload_types: {36 (pt) -> 35 (apt), 38 (pt) -> 37 (apt), 40 (pt) -> 39 (apt), 97 (pt) -> 96 (apt), 99 (pt) -> 98 (apt), 101 (pt) -> 100 (apt), 103 (pt) -> 102 (apt), 105 (pt) -> 104 (apt), 107 (pt) -> 106 (apt), }, raw_payload_types: {}}, renderer: (renderer), render_delay_ms: 10, sync_group: stream_id}
[001:170][903307] (rtp_demuxer.cc:163): Added sink = 340a2e50 for criteria {mid: <empty>, rsid: <empty>, ssrcs: [2674628613, ], payload_types = []}
[001:170][903307] (rtp_demuxer.cc:163): Added sink = 3408f7c0 for criteria {mid: <empty>, rsid: <empty>, ssrcs: [3924060312, ], payload_types = []}
[001:170][903307] (channel.cc:1012): Changing video state, recv=0 send=0 for {mid: 0, media_type: video}
[001:171][903307] (channel.cc:1020): Setting local video description for {mid: 0, media_type: video}
[001:171][903307] (webrtc_video_engine.cc:2758): SetReceiverParameters: {codecs: [VideoCodec[96:H264], VideoCodec[97:rtx], VideoCodec[98:H264], VideoCodec[99:rtx], VideoCodec[100:H264], VideoCodec[101:rtx], VideoCodec[127:H264], VideoCodec[103:rtx], VideoCodec[104:H264], VideoCodec[105:rtx], VideoCodec[35:H264], VideoCodec[36:rtx], VideoCodec[106:red], VideoCodec[107:rtx], VideoCodec[108:ulpfec]], extensions: [{uri: http://www.ietf.org/id/draft-holmer-rmcat-transport-wide-cc-extensions-01, id: 4}, {uri: http://www.webrtc.org/experiments/rtp-hdrext/abs-send-time, id: 2}, {uri: http://www.webrtc.org/experiments/rtp-hdrext/color-space, id: 8}, {uri: http://www.webrtc.org/experiments/rtp-hdrext/playout-delay, id: 5}, {uri: http://www.webrtc.org/experiments/rtp-hdrext/video-content-type, id: 6}, {uri: http://www.webrtc.org/experiments/rtp-hdrext/video-timing, id: 7}, {uri: urn:3gpp:video-orientation, id: 3}, {uri: urn:ietf:params:rtp-hdrext:sdes:mid, id: 9}, {uri: urn:ietf:params:rtp-hdrext:sdes:repaired-rtp-stream-id, id: 11}, {uri: urn:ietf:params:rtp-hdrext:sdes:rtp-stream-id, id: 10}, {uri: urn:ietf:params:rtp-hdrext:toffset, id: 1}]}
format.name: H264
format.name: H264
format.name: H264
format.name: H264
format.name: H264
format.name: H264
format.name: H264
format.name: H264
supported_formats: H264
supported_formats: H264
supported_formats: H264
supported_formats: H264
supported_formats: H264
supported_formats: H264
supported_formats: H264
supported_formats: H264
[001:171][903307] (webrtc_video_engine.cc:2764): Changing FlexFEC payload type (recv) from 41 to -1
[001:171][903307] (webrtc_video_engine.cc:2775): Changing recv codecs from {VideoCodec[96:H264], VideoCodec[98:H264], VideoCodec[100:H264], VideoCodec[102:H264], VideoCodec[104:H264], VideoCodec[35:H264], VideoCodec[37:H264], VideoCodec[39:H264]} to {VideoCodec[96:H264], VideoCodec[98:H264], VideoCodec[100:H264], VideoCodec[127:H264], VideoCodec[104:H264], VideoCodec[35:H264]}
[001:171][903307] (video_receive_stream2.cc:269): ~VideoReceiveStream2: {decoders: [{payload_type: 96, payload_name: H264, codec_params: {level-asymmetry-allowed: 1, packetization-mode: 1, profile-level-id: 42001f}}, {payload_type: 98, payload_name: H264, codec_params: {level-asymmetry-allowed: 1, packetization-mode: 0, profile-level-id: 42001f}}, {payload_type: 100, payload_name: H264, codec_params: {level-asymmetry-allowed: 1, packetization-mode: 1, profile-level-id: 42e01f}}, {payload_type: 102, payload_name: H264, codec_params: {level-asymmetry-allowed: 1, packetization-mode: 0, profile-level-id: 42e01f}}, {payload_type: 104, payload_name: H264, codec_params: {level-asymmetry-allowed: 1, packetization-mode: 1, profile-level-id: 4d001f}}, {payload_type: 35, payload_name: H264, codec_params: {level-asymmetry-allowed: 1, packetization-mode: 0, profile-level-id: 4d001f}}, {payload_type: 37, payload_name: H264, codec_params: {level-asymmetry-allowed: 1, packetization-mode: 1, profile-level-id: f4001f}}, {payload_type: 39, payload_name: H264, codec_params: {level-asymmetry-allowed: 1, packetization-mode: 0, profile-level-id: f4001f}}], rtp: {remote_ssrc: 2674628613, local_ssrc: 1, rtcp_mode: RtcpMode::kReducedSize, rtcp_xr: {receiver_reference_time_report: off}, lntf: {enabled: false}, nack: {rtp_history_ms: 1000}, ulpfec_payload_type: 108, red_type: 106, rtx_ssrc: 3924060312, rtx_payload_types: {36 (pt) -> 35 (apt), 38 (pt) -> 37 (apt), 40 (pt) -> 39 (apt), 97 (pt) -> 96 (apt), 99 (pt) -> 98 (apt), 101 (pt) -> 100 (apt), 103 (pt) -> 102 (apt), 105 (pt) -> 104 (apt), 107 (pt) -> 106 (apt), }, raw_payload_types: {}}, renderer: (renderer), render_delay_ms: 10, sync_group: stream_id}
[001:172][903307] (video_receive_stream2.cc:228): VideoReceiveStream2: {decoders: [{payload_type: 96, payload_name: H264, codec_params: {level-asymmetry-allowed: 1, packetization-mode: 1, profile-level-id: 42001f}}, {payload_type: 98, payload_name: H264, codec_params: {level-asymmetry-allowed: 1, packetization-mode: 0, profile-level-id: 42001f}}, {payload_type: 100, payload_name: H264, codec_params: {level-asymmetry-allowed: 1, packetization-mode: 1, profile-level-id: 42e01f}}, {payload_type: 127, payload_name: H264, codec_params: {level-asymmetry-allowed: 1, packetization-mode: 0, profile-level-id: 42e01f}}, {payload_type: 104, payload_name: H264, codec_params: {level-asymmetry-allowed: 1, packetization-mode: 1, profile-level-id: 4d001f}}, {payload_type: 35, payload_name: H264, codec_params: {level-asymmetry-allowed: 1, packetization-mode: 0, profile-level-id: 4d001f}}], rtp: {remote_ssrc: 2674628613, local_ssrc: 1, rtcp_mode: RtcpMode::kReducedSize, rtcp_xr: {receiver_reference_time_report: off}, lntf: {enabled: false}, nack: {rtp_history_ms: 1000}, ulpfec_payload_type: 108, red_type: 106, rtx_ssrc: 3924060312, rtx_payload_types: {36 (pt) -> 35 (apt), 97 (pt) -> 96 (apt), 99 (pt) -> 98 (apt), 101 (pt) -> 100 (apt), 103 (pt) -> 127 (apt), 105 (pt) -> 104 (apt), 107 (pt) -> 106 (apt), }, raw_payload_types: {}}, renderer: (renderer), render_delay_ms: 10, sync_group: stream_id}
[001:172][903307] (rtp_demuxer.cc:163): Added sink = 340a2e50 for criteria {mid: <empty>, rsid: <empty>, ssrcs: [2674628613, ], payload_types = []}
[001:172][903307] (rtp_demuxer.cc:163): Added sink = 3408f7c0 for criteria {mid: <empty>, rsid: <empty>, ssrcs: [3924060312, ], payload_types = []}
[001:172][903307] (channel.cc:1012): Changing video state, recv=1 send=0 for {mid: 0, media_type: video}
[001:172][903306] (basic_port_allocator.cc:391): Start getting ports with turn_port_prune_policy 0
[001:172][903306] (basic_port_allocator.cc:723): Count of networks: 3
[001:173][903306] (basic_port_allocator.cc:725): Net[ingress:100.64.0.x/32:Unknown:id=1]
[001:173][903306] (basic_port_allocator.cc:725): Net[lo:0:0:0:x:x:x:x:x/128:Loopback:id=3]
[001:173][903306] (basic_port_allocator.cc:725): Net[lo:127.0.0.x/8:Loopback:id=2]
[001:173][903306] (basic_port_allocator.cc:113): Filtered out ignored networks:
[001:173][903306] (basic_port_allocator.cc:115): Net[lo:0:0:0:x:x:x:x:x/128:Loopback:id=3]
[001:173][903306] (basic_port_allocator.cc:115): Net[lo:127.0.0.x/8:Loopback:id=2]
[001:173][903306] (basic_port_allocator.cc:924): Network manager has started
[001:173][903306] (basic_port_allocator.cc:723): Count of networks: 3
[001:173][903306] (basic_port_allocator.cc:725): Net[ingress:100.64.0.x/32:Unknown:id=1]
[001:173][903306] (basic_port_allocator.cc:725): Net[lo:0:0:0:x:x:x:x:x/128:Loopback:id=3]
[001:173][903306] (basic_port_allocator.cc:725): Net[lo:127.0.0.x/8:Loopback:id=2]
[001:173][903306] (basic_port_allocator.cc:113): Filtered out ignored networks:
[001:173][903306] (basic_port_allocator.cc:115): Net[lo:0:0:0:x:x:x:x:x/128:Loopback:id=3]
[001:173][903306] (basic_port_allocator.cc:115): Net[lo:127.0.0.x/8:Loopback:id=2]
[001:173][903306] (basic_port_allocator.cc:834): Allocate ports on ingress 
[001:173][903306] (basic_port_allocator.cc:1431): Net[ingress:100.64.0.x/32:Unknown:id=1]: Allocation Phase=Udp
[001:173][903306] (port.cc:185): Port[30016e70::1:0:local:Net[ingress:100.64.0.x/32:Unknown:id=1]]: Port created with network cost 50
[001:173][903306] (basic_port_allocator.cc:1507): AllocationSequence: UDPPort will be handling the STUN candidate generation.
[001:173][903306] (basic_port_allocator.cc:947): Adding allocated port for 0
[001:173][903306] (basic_port_allocator.cc:969): Port[30016e70:0:1:0:local:Net[ingress:100.64.0.x/32:Unknown:id=1]]: Added port to allocator
[001:173][903306] (basic_port_allocator.cc:986): Port[30016e70:0:1:0:local:Net[ingress:100.64.0.x/32:Unknown:id=1]]: Gathered candidate: Cand[:2664067174:1:udp:2122260223:100.64.0.x:56335:local::0:lppI:8TGkZurNWW5QLFn2Ctd3nBZs:1:50:0]
[001:173][903306] (basic_port_allocator.cc:1019): Port[30016e70:0:1:0:local:Net[ingress:100.64.0.x/32:Unknown:id=1]]: Port ready.
[001:173][903306] (stun_port.cc:446): Port[30016e70:0:1:0:local:Net[ingress:100.64.0.x/32:Unknown:id=1]]: Starting STUN host lookup for stun.l.google.com:19302
[001:173][903305] (fake_wnd.cc:99): QueueUIThreadCallback
[001:173][903305] (conductor.cc:533): UIThreadCallback 3
[001:173][903305] (conductor.cc:551): SEND_MESSAGE_TO_PEER
[001:173][903305] (conductor.cc:558): SEND_MESSAGE_TO_PEER: {
	"sdp" : "v=0\r\no=- 4084124980401840683 2 IN IP4 127.0.0.1\r\ns=-\r\nt=0 0\r\na=group:BUNDLE 0\r\na=extmap-allow-mixed\r\na=msid-semantic: WMS\r\nm=video 9 UDP/TLS/RTP/SAVPF 96 97 98 99 100 101 127 103 104 105 35 36 106 107 108\r\nc=IN IP4 0.0.0.0\r\na=rtcp:9 IN IP4 0.0.0.0\r\na=ice-ufrag:lppI\r\na=ice-pwd:8TGkZurNWW5QLFn2Ctd3nBZs\r\na=ice-options:trickle\r\na=fingerprint:sha-256 99:F7:C5:6D:1B:9C:3B:AC:5C:34:AB:05:1D:99:E4:41:3E:55:36:DC:92:AC:57:05:7E:35:79:29:A8:F6:06:72\r\na=setup:active\r\na=mid:0\r\na=extmap:1 urn:ietf:params:rtp-hdrext:toffset\r\na=extmap:2 http://www.webrtc.org/experiments/rtp-hdrext/abs-send-time\r\na=extmap:3 urn:3gpp:video-orientation\r\na=extmap:4 http://www.ietf.org/id/draft-holmer-rmcat-transport-wide-cc-extensions-01\r\na=extmap:5 http://www.webrtc.org/experiments/rtp-hdrext/playout-delay\r\na=extmap:6 http://www.webrtc.org/experiments/rtp-hdrext/video-content-type\r\na=extmap:7 http://www.webrtc.org/experiments/rtp-hdrext/video-timing\r\na=extmap:8 http://www.webrtc.org/experiments/rtp-hdrext/color-space\r\na=extmap:9 urn:ietf:params:rtp-hdrext:sdes:mid\r\na=extmap:10 urn:ietf:params:rtp-hdrext:sdes:rtp-stream-id\r\na=extmap:11 urn:ietf:params:rtp-hdrext:sdes:repaired-rtp-stream-id\r\na=recvonly\r\na=rtcp-mux\r\na=rtcp-rsize\r\na=rtpmap:96 H264/90000\r\na=rtcp-fb:96 goog-remb\r\na=rtcp-fb:96 transport-cc\r\na=rtcp-fb:96 ccm fir\r\na=rtcp-fb:96 nack\r\na=rtcp-fb:96 nack pli\r\na=fmtp:96 level-asymmetry-allowed=1;packetization-mode=1;profile-level-id=42001f\r\na=rtpmap:97 rtx/90000\r\na=fmtp:97 apt=96\r\na=rtpmap:98 H264/90000\r\na=rtcp-fb:98 goog-remb\r\na=rtcp-fb:98 transport-cc\r\na=rtcp-fb:98 ccm fir\r\na=rtcp-fb:98 nack\r\na=rtcp-fb:98 nack pli\r\na=fmtp:98 level-asymmetry-allowed=1;packetization-mode=0;profile-level-id=42001f\r\na=rtpmap:99 rtx/90000\r\na=fmtp:99 apt=98\r\na=rtpmap:100 H264/90000\r\na=rtcp-fb:100 goog-remb\r\na=rtcp-fb:100 transport-cc\r\na=rtcp-fb:100 ccm fir\r\na=rtcp-fb:100 nack\r\na=rtcp-fb:100 nack pli\r\na=fmtp:100 level-asymmetry-allowed=1;packetization-mode=1;profile-level-id=42e01f\r\na=rtpmap:101 rtx/90000\r\na=fmtp:101 apt=100\r\na=rtpmap:127 H264/90000\r\na=rtcp-fb:127 goog-remb\r\na=rtcp-fb:127 transport-cc\r\na=rtcp-fb:127 ccm fir\r\na=rtcp-fb:127 nack\r\na=rtcp-fb:127 nack pli\r\na=fmtp:127 level-asymmetry-allowed=1;packetization-mode=0;profile-level-id=42e01f\r\na=rtpmap:103 rtx/90000\r\na=fmtp:103 apt=127\r\na=rtpmap:104 H264/90000\r\na=rtcp-fb:104 goog-remb\r\na=rtcp-fb:104 transport-cc\r\na=rtcp-fb:104 ccm fir\r\na=rtcp-fb:104 nack\r\na=rtcp-fb:104 nack pli\r\na=fmtp:104 level-asymmetry-allowed=1;packetization-mode=1;profile-level-id=4d001f\r\na=rtpmap:105 rtx/90000\r\na=fmtp:105 apt=104\r\na=rtpmap:35 H264/90000\r\na=rtcp-fb:35 goog-remb\r\na=rtcp-fb:35 transport-cc\r\na=rtcp-fb:35 ccm fir\r\na=rtcp-fb:35 nack\r\na=rtcp-fb:35 nack pli\r\na=fmtp:35 level-asymmetry-allowed=1;packetization-mode=0;profile-level-id=4d001f\r\na=rtpmap:36 rtx/90000\r\na=fmtp:36 apt=35\r\na=rtpmap:106 red/90000\r\na=rtpmap:107 rtx/90000\r\na=fmtp:107 apt=106\r\na=rtpmap:108 ulpfec/90000\r\n",
	"type" : "answer"
}
[001:180][903305] (conductor.cc:75): OnSuccess
[001:180][903305] (conductor.cc:255): OnIceCandidate 0
[001:180][903305] (fake_wnd.cc:99): QueueUIThreadCallback
[001:180][903305] (conductor.cc:533): UIThreadCallback 3
[001:180][903305] (conductor.cc:551): SEND_MESSAGE_TO_PEER
[001:180][903305] (conductor.cc:558): SEND_MESSAGE_TO_PEER: {
	"candidate" : "candidate:2664067174 1 udp 2122260223 100.64.0.10 56335 typ host generation 0 ufrag lppI network-id 1 network-cost 50",
	"sdpMLineIndex" : 0,
	"sdpMid" : "0"
}
[001:223][903306] (basic_port_allocator.cc:1431): Net[ingress:100.64.0.x/32:Unknown:id=1]: Allocation Phase=Relay
[001:223][903306] (stun_request.cc:115): CheckResponse called on a passwordless request. Fix test!
[001:223][903306] (basic_port_allocator.cc:986): Port[30016e70:0:1:0:local:Net[ingress:100.64.0.x/32:Unknown:id=1]]: Gathered candidate: Cand[:1170821159:1:udp:1686052607:143.89.47.x:62123:stun:100.64.0.x:56335:lppI:8TGkZurNWW5QLFn2Ctd3nBZs:1:50:0]
[001:223][903306] (basic_port_allocator.cc:1130): Port[30016e70:0:1:0:local:Net[ingress:100.64.0.x/32:Unknown:id=1]]: Port completed gathering candidates.
[001:223][903305] (conductor.cc:255): OnIceCandidate 0
[001:223][903305] (fake_wnd.cc:99): QueueUIThreadCallback
[001:223][903305] (conductor.cc:533): UIThreadCallback 3
[001:223][903305] (conductor.cc:551): SEND_MESSAGE_TO_PEER
[001:223][903305] (conductor.cc:558): SEND_MESSAGE_TO_PEER: {
	"candidate" : "candidate:1170821159 1 udp 1686052607 143.89.47.89 62123 typ srflx raddr 100.64.0.10 rport 56335 generation 0 ufrag lppI network-id 1 network-cost 50",
	"sdpMLineIndex" : 0,
	"sdpMid" : "0"
}
[001:273][903306] (basic_port_allocator.cc:1431): Net[ingress:100.64.0.x/32:Unknown:id=1]: Allocation Phase=Tcp
[001:273][903306] (port.cc:185): Port[30019730::1:0:local:Net[ingress:100.64.0.x/32:Unknown:id=1]]: Port created with network cost 50
[001:273][903306] (basic_port_allocator.cc:947): Adding allocated port for 0
[001:273][903306] (basic_port_allocator.cc:969): Port[30019730:0:1:0:local:Net[ingress:100.64.0.x/32:Unknown:id=1]]: Added port to allocator
[001:274][903306] (basic_port_allocator.cc:986): Port[30019730:0:1:0:local:Net[ingress:100.64.0.x/32:Unknown:id=1]]: Gathered candidate: Cand[:1616946418:1:tcp:1518280447:100.64.0.x:49027:local::0:lppI:8TGkZurNWW5QLFn2Ctd3nBZs:1:50:0]
[001:274][903306] (basic_port_allocator.cc:1019): Port[30019730:0:1:0:local:Net[ingress:100.64.0.x/32:Unknown:id=1]]: Port ready.
[001:274][903306] (basic_port_allocator.cc:1130): Port[30019730:0:1:0:local:Net[ingress:100.64.0.x/32:Unknown:id=1]]: Port completed gathering candidates.
[001:274][903306] (basic_port_allocator.cc:1204): All candidates gathered for 0:1:0
[001:274][903306] (p2p_transport_channel.cc:1011): P2PTransportChannel: 0, component 1 gathering complete
[001:274][903305] (conductor.cc:255): OnIceCandidate 0
[001:274][903305] (fake_wnd.cc:99): QueueUIThreadCallback
[001:274][903305] (conductor.cc:533): UIThreadCallback 3
[001:274][903305] (conductor.cc:551): SEND_MESSAGE_TO_PEER
[001:274][903305] (conductor.cc:558): SEND_MESSAGE_TO_PEER: {
	"candidate" : "candidate:1616946418 1 tcp 1518280447 100.64.0.10 49027 typ host tcptype passive generation 0 ufrag lppI network-id 1 network-cost 50",
	"sdpMLineIndex" : 0,
	"sdpMid" : "0"
}
[001:280][903243] (peer_connection_localvideo.cc:365): OnHangingGetRead
[001:280][903243] (peer_connection_localvideo.cc:288): Headers received
[001:280][903243] (peer_connection_localvideo.cc:465): OnClose
[001:280][903243] (conductor.cc:316): OnMessageFromPeer
[001:280][903243] (conductor.cc:320): !!!Received:2: {
	"candidate" : "candidate:694090627 1 udp 2122260223 100.64.0.9 33872 typ host generation 0 ufrag IV/H network-id 2 network-cost 50",
	"sdpMLineIndex" : 0,
	"sdpMid" : "0"
}
[001:280][903243] (conductor.cc:402): else3
[001:280][903243] (conductor.cc:407): che3 1
[001:280][903243] (conductor.cc:416): che3 2
[001:280][903243] (conductor.cc:420): che3 3
[001:280][903243] (conductor.cc:427): che3 4
[001:281][903243] (conductor.cc:432): che3 444
[001:281][903243] (conductor.cc:433):  Received candidate :{
	"candidate" : "candidate:694090627 1 udp 2122260223 100.64.0.9 33872 typ host generation 0 ufrag IV/H network-id 2 network-cost 50",
	"sdpMLineIndex" : 0,
	"sdpMid" : "0"
}
[001:281][903243] (conductor.cc:434): che3 5
[001:281][903243] (peer_connection_localvideo.cc:288): Headers received
[001:281][903306] (connection.cc:243): Conn[3001a970:0:Net[ingress:100.64.0.x/32:Unknown:id=1]:PvicdvqM:1:0:local:udp:100.64.0.x:56335->yFBe8Qhw:1:2122260223:local:udp:100.64.0.x:33872|C--W|-|0|0|9115038255631187454|-]: Connection created
[001:281][903243] (peer_connection_localvideo.cc:465): OnClose
[001:281][903243] (conductor.cc:439): OnMessageSent
[001:281][903243] (fake_wnd.cc:99): QueueUIThreadCallback
[001:281][903243] (conductor.cc:533): UIThreadCallback 3
[001:281][903243] (conductor.cc:551): SEND_MESSAGE_TO_PEER
[001:281][903306] (p2p_transport_channel.cc:1469): Channel[0|1|__]: Created connection with origin: 2, total: 1
[001:281][903306] (p2p_transport_channel.cc:1920): Channel[0|1|__]: Transport channel state changed from 0 to 2
[001:281][903306] (jsep_transport_controller.cc:1238): 0 Transport 1 state changed. Check if state is complete.
[001:281][903306] (jsep_transport_controller.cc:1238): 0 Transport 1 state changed. Check if state is complete.
[001:281][903306] (p2p_transport_channel.cc:1716): Channel[0|1|__]: Have a pingable connection for the first time; starting to ping.
[001:281][903305] (peer_connection.cc:1978): Changing standardized IceConnectionState 0 => 1
[001:281][903305] (peer_connection.cc:1959): Changing IceConnectionState 0 => 1
[001:282][903306] (connection.cc:1501): Conn[3001a970:0:Net[ingress:100.64.0.x/32:Unknown:id=1]:PvicdvqM:1:0:local:udp:100.64.0.x:56335->yFBe8Qhw:1:2122260223:local:udp:100.64.0.x:33872|C--W|-|0|0|9115038255631187454|-]: Sent STUN BINDING request, id=6e483145785a6f7875534d34, use_candidate=0, nomination=0
[001:295][903306] (connection.cc:1385): Conn[3001a970:0:Net[ingress:100.64.0.x/32:Unknown:id=1]:PvicdvqM:1:0:local:udp:100.64.0.x:56335->yFBe8Qhw:1:2122260223:local:udp:100.64.0.x:33872|C--I|-|0|0|9115038255631187454|-]: Received STUN BINDING response, id=6e483145785a6f7875534d34, code=0, rtt=14, pings_since_last_response=6e483145785a6f7875534d34 
[001:296][903306] (wrapping_active_ice_controller.cc:192): Switching selected connection due to: candidate pair state changed
[001:296][903306] (p2p_transport_channel.cc:1828): Channel[0|1|__]: New selected connection: Conn[3001a970:0:Net[ingress:100.64.0.x/32:Unknown:id=1]:PvicdvqM:1:0:local:udp:100.64.0.x:56335->yFBe8Qhw:1:2122260223:local:udp:100.64.0.x:33872|CRWS|S|0|0|9115038255631187454|14]
[001:296][903306] (channel.cc:342): Network route changed for {mid: 0, media_type: video}
[001:296][903307] (rtp_transport_controller_send.cc:280): Network route changed on transport 0: new_route = [ connected: 1 local: [ 0/1 Unknown turn: 0 ] remote: [ 0/2 Unknown turn: 0 ] packet_overhead_bytes: 28 ]
[001:296][903306] (dtls_transport.cc:859): DtlsTransport[0|1|__]: configuring DTLS handshake timeout 50 based on ICE RTT 14
[001:296][903306] (openssl_stream_adapter.cc:848): BeginSSL with peer.
[001:296][903306] (openssl_adapter.cc:833): handshake_start TLS client start_connect
[001:296][903306] (openssl_adapter.cc:833): connect_loop TLS client enter_early_data
[001:296][903306] (openssl_adapter.cc:833): connect_loop TLS client read_hello_verify_request
[001:296][903306] (openssl_adapter.cc:833): connect_exit TLS client read_hello_verify_request
[001:296][903306] (dtls_transport.cc:761): DtlsTransport[0|1|__]: DtlsTransport: Started DTLS handshake active=1
[001:296][903306] (srtp_transport.cc:363): The params in SRTP transport are reset.
[001:296][903306] (jsep_transport_controller.cc:1238): 0 Transport 1 state changed. Check if state is complete.
[001:296][903305] (peer_connection.cc:1978): Changing standardized IceConnectionState 1 => 2
[001:343][903306] (openssl_adapter.cc:833): connect_loop TLS client read_server_hello
[001:343][903306] (openssl_adapter.cc:833): connect_loop TLS client read_server_certificate
[001:344][903306] (openssl_adapter.cc:833): connect_loop TLS client read_certificate_status
[001:344][903306] (openssl_adapter.cc:833): connect_loop TLS client verify_server_certificate
[001:344][903306] (openssl_stream_adapter.cc:1137): Accepted peer certificate.
[001:344][903306] (openssl_adapter.cc:833): connect_loop TLS client read_server_key_exchange
[001:345][903306] (openssl_adapter.cc:833): connect_loop TLS client read_certificate_request
[001:345][903306] (openssl_adapter.cc:833): connect_loop TLS client read_server_hello_done
[001:345][903306] (openssl_adapter.cc:833): connect_loop TLS client send_client_certificate
[001:345][903306] (openssl_adapter.cc:833): connect_loop TLS client send_client_key_exchange
[001:345][903306] (openssl_adapter.cc:833): connect_loop TLS client send_client_certificate_verify
[001:346][903306] (openssl_adapter.cc:833): connect_loop TLS client send_client_finished
[001:346][903306] (openssl_adapter.cc:833): connect_loop TLS client finish_flight
[001:346][903306] (openssl_adapter.cc:833): connect_loop TLS client read_session_ticket
[001:346][903306] (openssl_adapter.cc:833): connect_exit TLS client read_session_ticket
[001:368][903306] (openssl_adapter.cc:833): connect_loop TLS client process_change_cipher_spec
[001:368][903306] (openssl_adapter.cc:833): connect_loop TLS client read_server_finished
[001:368][903306] (openssl_adapter.cc:833): connect_loop TLS client finish_client_handshake
[001:368][903306] (openssl_adapter.cc:833): connect_loop TLS client done
[001:368][903306] (openssl_adapter.cc:833): handshake_done TLS client done
[001:368][903306] (openssl_adapter.cc:833): connect_exit TLS client done
[001:368][903306] (dtls_transport.cc:688): DtlsTransport[0|1|__]: DTLS handshake complete.
[001:368][903306] (jsep_transport_controller.cc:1176):  Transport 0 writability changed to 1.
[001:368][903307] (call.cc:1220): UpdateAggregateNetworkState: aggregate_state change to up
[001:368][903306] (dtls_srtp_transport.cc:221): Extracting keys from transport: 0
[001:368][903305] (peer_connection.cc:2404): Changing to ICE connected state because all transports are writable.
[001:368][903307] (pacing_controller.cc:117): PacedSender resumed.
[001:368][903305] (peer_connection.cc:1959): Changing IceConnectionState 1 => 2
[001:368][903307] (rtp_transport_controller_send.cc:588): Creating fallback congestion controller
[001:368][903307] (alr_experiment.cc:80): Using ALR experiment settings: pacing factor: 1, max pacer queue length: 2875, ALR bandwidth usage percent: 80, ALR start budget level percent: 40, ALR end budget level percent: -60, ALR experiment group ID: 3
[001:368][903307] (trendline_estimator.cc:191): Using Trendline filter for delay change estimation with settings sort:false,cap:false,beginning_packets:7,end_packets:7,cap_uncertainty:0,window_size:20 and no network state predictor
[001:369][903307] (trendline_estimator.cc:191): Using Trendline filter for delay change estimation with settings sort:false,cap:false,beginning_packets:7,end_packets:7,cap_uncertainty:0,window_size:20 and no network state predictor
[001:369][903307] (aimd_rate_control.cc:89): Using aimd rate control with back off factor 0.85
[001:369][903307] (delay_based_bwe.cc:92): Initialized DelayBasedBwe with separate audio overuse detectionenabled:false,packet_threshold:10,time_threshold:1 s
[001:369][903307] (delay_based_bwe.cc:299): BWE Setting start bitrate to: 300 kbps
[001:369][903307] (probe_controller.cc:305): Measured bitrate: 300 kbps Minimum to probe further: 1260 kbps upper limit: +inf bps
[001:369][903307] (bitrate_prober.cc:111): Probe cluster (bitrate_bps:min bytes:min packets): (900000:1688:5, Inactive)
[001:369][903307] (bitrate_prober.cc:111): Probe cluster (bitrate_bps:min bytes:min packets): (1800000:3375:5, Inactive)
[001:369][903307] (bitrate_allocator.cc:393): Current BWE 300000
[001:370][903306] (srtp_transport.cc:306): SRTP activated with negotiated parameters: send crypto_suite 1 recv crypto_suite 1
[001:370][903306] (channel.cc:554): Channel writable ({mid: 0, media_type: video}) for the first time
[001:370][903307] (channel.cc:1012): Changing video state, recv=1 send=0 for {mid: 0, media_type: video}
[001:381][903243] (peer_connection_localvideo.cc:365): OnHangingGetRead
[001:381][903243] (peer_connection_localvideo.cc:288): Headers received
[001:381][903243] (peer_connection_localvideo.cc:465): OnClose
[001:381][903243] (conductor.cc:316): OnMessageFromPeer
[001:381][903243] (conductor.cc:320): !!!Received:2: {
	"candidate" : "candidate:4216571709 1 udp 2122194687 100.64.0.1 47706 typ host generation 0 ufrag IV/H network-id 5 network-cost 50",
	"sdpMLineIndex" : 0,
	"sdpMid" : "0"
}
[001:382][903243] (conductor.cc:402): else3
[001:382][903243] (conductor.cc:407): che3 1
[001:382][903243] (conductor.cc:416): che3 2
[001:382][903243] (conductor.cc:420): che3 3
[001:382][903243] (conductor.cc:427): che3 4
[001:382][903243] (conductor.cc:432): che3 444
[001:382][903243] (conductor.cc:433):  Received candidate :{
	"candidate" : "candidate:4216571709 1 udp 2122194687 100.64.0.1 47706 typ host generation 0 ufrag IV/H network-id 5 network-cost 50",
	"sdpMLineIndex" : 0,
	"sdpMid" : "0"
}
[001:382][903243] (conductor.cc:434): che3 5
[001:382][903243] (peer_connection_localvideo.cc:288): Headers received
[001:382][903306] (connection.cc:243): Conn[30024cd0:0:Net[ingress:100.64.0.x/32:Unknown:id=1]:PvicdvqM:1:0:local:udp:100.64.0.x:56335->tY3vuTwb:1:2122194687:local:udp:100.64.0.x:47706|C--W|-|0|0|9114756780654476798|-]: Connection created
[001:382][903243] (peer_connection_localvideo.cc:465): OnClose
[001:382][903243] (conductor.cc:439): OnMessageSent
[001:382][903243] (fake_wnd.cc:99): QueueUIThreadCallback
[001:382][903306] (p2p_transport_channel.cc:1469): Channel[0|1|RW]: Created connection with origin: 2, total: 2
[001:382][903243] (conductor.cc:533): UIThreadCallback 3
[001:382][903243] (conductor.cc:551): SEND_MESSAGE_TO_PEER
[001:382][903306] (connection.cc:800): Conn[30024cd0:0:Net[ingress:100.64.0.x/32:Unknown:id=1]:PvicdvqM:1:0:local:udp:100.64.0.x:56335->tY3vuTwb:1:2122194687:local:udp:100.64.0.x:47706|C--W|-|0|0|9114756780654476798|-]: Connection pruned
[001:416][903307] (rtp_video_stream_receiver2.cc:1284): Packet received on SSRC: 2674628613 with payload type: 96, timestamp: 250000725, sequence number: 13344, arrival time: 78941680309 us, abs send time: 7778239
[001:416][903307] (rtp_video_stream_receiver2.cc:1238): Found out of band supplied codec parameters for payload type: 96
[001:475][903306] (port.cc:383): Received STUN BINDING request id=374178566f59767270476d33 from unknown address 172.21.127.x:41372
[001:476][903306] (connection.cc:243): Conn[30028580:0:Net[ingress:100.64.0.x/32:Unknown:id=1]:PvicdvqM:1:0:local:udp:100.64.0.x:56335->qZJvIHjR:1:1853497087:prflx:udp:172.21.127.x:41372|C--W|-|0|0|7960709376140787198|-]: Connection created
[001:476][903306] (p2p_transport_channel.cc:1149): Adding connection from peer reflexive candidate: Cand[:3637427393:1:udp:1853497087:172.21.127.x:41372:prflx::0:IV/H:0ofA1GCwSgyXPE4ogjE3F3tH:1:0:0]
[001:476][903306] (connection.cc:766): Conn[30028580:0:Net[ingress:100.64.0.x/32:Unknown:id=1]:PvicdvqM:1:0:local:udp:100.64.0.x:56335->qZJvIHjR:1:1853497087:prflx:udp:172.21.127.x:41372|CR-W|-|0|0|7960709376140787198|-]: Sent STUN BINDING response, to=172.21.127.x:41372, id=374178566f59767270476d33
[001:476][903306] (p2p_transport_channel.cc:1217): Not switching the selected connection on controlled side yet: Conn[30028580:0:Net[ingress:100.64.0.x/32:Unknown:id=1]:PvicdvqM:1:0:local:udp:100.64.0.x:56335->qZJvIHjR:1:1853497087:prflx:udp:172.21.127.x:41372|CR-W|-|1|0|7960709376140787198|-]
[001:476][903306] (p2p_transport_channel.cc:1920): Channel[0|1|RW]: Transport channel state changed from 2 to 1
[001:476][903306] (jsep_transport_controller.cc:1238): 0 Transport 1 state changed. Check if state is complete.
[001:483][903243] (peer_connection_localvideo.cc:365): OnHangingGetRead
[001:483][903243] (peer_connection_localvideo.cc:288): Headers received
[001:483][903243] (peer_connection_localvideo.cc:465): OnClose
[001:483][903243] (conductor.cc:316): OnMessageFromPeer
[001:483][903243] (conductor.cc:320): !!!Received:2: {
	"candidate" : "candidate:577243954 1 udp 2122129151 100.64.0.3 35621 typ host generation 0 ufrag IV/H network-id 6 network-cost 50",
	"sdpMLineIndex" : 0,
	"sdpMid" : "0"
}
[001:483][903243] (conductor.cc:402): else3
[001:483][903243] (conductor.cc:407): che3 1
[001:483][903243] (conductor.cc:416): che3 2
[001:483][903243] (conductor.cc:420): che3 3
[001:483][903243] (conductor.cc:427): che3 4
[001:483][903243] (conductor.cc:432): che3 444
[001:483][903243] (conductor.cc:433):  Received candidate :{
	"candidate" : "candidate:577243954 1 udp 2122129151 100.64.0.3 35621 typ host generation 0 ufrag IV/H network-id 6 network-cost 50",
	"sdpMLineIndex" : 0,
	"sdpMid" : "0"
}
[001:483][903243] (conductor.cc:434): che3 5
[001:483][903306] (connection.cc:243): Conn[30029900:0:Net[ingress:100.64.0.x/32:Unknown:id=1]:PvicdvqM:1:0:local:udp:100.64.0.x:56335->hRuirYZx:1:2122129151:local:udp:100.64.0.x:35621|C--W|-|0|0|9114475305677766142|-]: Connection created
[001:483][903243] (peer_connection_localvideo.cc:288): Headers received
[001:483][903306] (p2p_transport_channel.cc:1469): Channel[0|1|RW]: Created connection with origin: 2, total: 4
[001:483][903243] (peer_connection_localvideo.cc:465): OnClose
[001:483][903243] (conductor.cc:439): OnMessageSent
[001:483][903243] (fake_wnd.cc:99): QueueUIThreadCallback
[001:483][903243] (conductor.cc:533): UIThreadCallback 3
[001:484][903243] (conductor.cc:551): SEND_MESSAGE_TO_PEER
[001:484][903306] (connection.cc:800): Conn[30029900:0:Net[ingress:100.64.0.x/32:Unknown:id=1]:PvicdvqM:1:0:local:udp:100.64.0.x:56335->hRuirYZx:1:2122129151:local:udp:100.64.0.x:35621|C--W|-|0|0|9114475305677766142|-]: Connection pruned
[001:524][903306] (connection.cc:515): Conn[30028580:0:Net[ingress:100.64.0.x/32:Unknown:id=1]:PvicdvqM:1:0:local:udp:100.64.0.x:56335->qZJvIHjR:1:1853497087:prflx:udp:172.21.127.x:41372|CR-W|-|1|0|7960709376140787198|-]: Received STUN BINDING request, id=634250746e6c2b3454473334
[001:524][903306] (connection.cc:766): Conn[30028580:0:Net[ingress:100.64.0.x/32:Unknown:id=1]:PvicdvqM:1:0:local:udp:100.64.0.x:56335->qZJvIHjR:1:1853497087:prflx:udp:172.21.127.x:41372|CR-W|-|1|0|7960709376140787198|-]: Sent STUN BINDING response, to=172.21.127.x:41372, id=634250746e6c2b3454473334
[001:560][903306] (connection.cc:515): Conn[30028580:0:Net[ingress:100.64.0.x/32:Unknown:id=1]:PvicdvqM:1:0:local:udp:100.64.0.x:56335->qZJvIHjR:1:1853497087:prflx:udp:172.21.127.x:41372|CR-W|-|1|0|7960709376140787198|-]: Received STUN BINDING request, id=3138485a4f51776b32305070
[001:560][903306] (connection.cc:766): Conn[30028580:0:Net[ingress:100.64.0.x/32:Unknown:id=1]:PvicdvqM:1:0:local:udp:100.64.0.x:56335->qZJvIHjR:1:1853497087:prflx:udp:172.21.127.x:41372|CR-W|-|1|0|7960709376140787198|-]: Sent STUN BINDING response, to=172.21.127.x:41372, id=3138485a4f51776b32305070
[001:584][903243] (peer_connection_localvideo.cc:365): OnHangingGetRead
[001:584][903243] (peer_connection_localvideo.cc:288): Headers received
[001:584][903243] (peer_connection_localvideo.cc:465): OnClose
[001:584][903243] (conductor.cc:316): OnMessageFromPeer
[001:584][903243] (conductor.cc:320): !!!Received:2: {
	"candidate" : "candidate:2455066978 1 udp 2122063615 100.64.0.5 60840 typ host generation 0 ufrag IV/H network-id 7 network-cost 50",
	"sdpMLineIndex" : 0,
	"sdpMid" : "0"
}
[001:584][903243] (conductor.cc:402): else3
[001:584][903243] (conductor.cc:407): che3 1
[001:584][903243] (conductor.cc:416): che3 2
[001:584][903243] (conductor.cc:420): che3 3
[001:584][903243] (conductor.cc:427): che3 4
[001:584][903243] (conductor.cc:432): che3 444
[001:584][903243] (conductor.cc:433):  Received candidate :{
	"candidate" : "candidate:2455066978 1 udp 2122063615 100.64.0.5 60840 typ host generation 0 ufrag IV/H network-id 7 network-cost 50",
	"sdpMLineIndex" : 0,
	"sdpMid" : "0"
}
[001:584][903306] (connection.cc:243): Conn[3002c6a0:0:Net[ingress:100.64.0.x/32:Unknown:id=1]:PvicdvqM:1:0:local:udp:100.64.0.x:56335->/1x9Carx:1:2122063615:local:udp:100.64.0.x:60840|C--W|-|0|0|9114193830701055486|-]: Connection created
[001:584][903243] (conductor.cc:434): che3 5
[001:584][903306] (p2p_transport_channel.cc:1469): Channel[0|1|RW]: Created connection with origin: 2, total: 5
[001:585][903243] (peer_connection_localvideo.cc:288): Headers received
[001:585][903243] (peer_connection_localvideo.cc:465): OnClose
[001:585][903243] (conductor.cc:439): OnMessageSent
[001:585][903243] (fake_wnd.cc:99): QueueUIThreadCallback
[001:585][903243] (conductor.cc:533): UIThreadCallback 3
[001:585][903243] (conductor.cc:551): SEND_MESSAGE_TO_PEER
[001:585][903306] (connection.cc:800): Conn[3002c6a0:0:Net[ingress:100.64.0.x/32:Unknown:id=1]:PvicdvqM:1:0:local:udp:100.64.0.x:56335->/1x9Carx:1:2122063615:local:udp:100.64.0.x:60840|C--W|-|0|0|9114193830701055486|-]: Connection pruned
[001:608][903306] (connection.cc:515): Conn[30024cd0:0:Net[ingress:100.64.0.x/32:Unknown:id=1]:PvicdvqM:1:0:local:udp:100.64.0.x:56335->tY3vuTwb:1:2122194687:local:udp:100.64.0.x:47706|C-xW|-|0|0|9114756780654476798|-]: Received STUN BINDING request, id=32567951384e68637a4b4b6a
[001:608][903306] (connection.cc:766): Conn[30024cd0:0:Net[ingress:100.64.0.x/32:Unknown:id=1]:PvicdvqM:1:0:local:udp:100.64.0.x:56335->tY3vuTwb:1:2122194687:local:udp:100.64.0.x:47706|CRxW|-|0|0|9114756780654476798|-]: Sent STUN BINDING response, to=100.64.0.x:47706, id=32567951384e68637a4b4b6a
[001:655][903306] (physical_socket_server.cc:852): Assuming benign blocking error : [0x0000006B] Transport endpoint is not connected
[001:655][903306] (physical_socket_server.cc:852): Assuming benign blocking error : [0x0000006B] Transport endpoint is not connected
[001:655][903306] (physical_socket_server.cc:852): Assuming benign blocking error : [0x0000006B] Transport endpoint is not connected
[001:655][903306] (physical_socket_server.cc:852): Assuming benign blocking error : [0x0000006B] Transport endpoint is not connected
[001:668][903306] (connection.cc:515): Conn[30029900:0:Net[ingress:100.64.0.x/32:Unknown:id=1]:PvicdvqM:1:0:local:udp:100.64.0.x:56335->hRuirYZx:1:2122129151:local:udp:100.64.0.x:35621|C-xW|-|0|0|9114475305677766142|-]: Received STUN BINDING request, id=4e3339365a5a755979434472
[001:668][903306] (connection.cc:766): Conn[30029900:0:Net[ingress:100.64.0.x/32:Unknown:id=1]:PvicdvqM:1:0:local:udp:100.64.0.x:56335->hRuirYZx:1:2122129151:local:udp:100.64.0.x:35621|CRxW|-|0|0|9114475305677766142|-]: Sent STUN BINDING response, to=100.64.0.x:35621, id=4e3339365a5a755979434472
[001:668][903306] (physical_socket_server.cc:852): Assuming benign blocking error : [0x0000006B] Transport endpoint is not connected
[001:668][903306] (physical_socket_server.cc:852): Assuming benign blocking error : [0x0000006B] Transport endpoint is not connected
[001:676][903306] (basic_ice_controller.cc:231): Selecting connection for triggered check: Conn[30028580:0:Net[ingress:100.64.0.x/32:Unknown:id=1]:PvicdvqM:1:0:local:udp:100.64.0.x:56335->qZJvIHjR:1:1853497087:prflx:udp:172.21.127.x:41372|CR-W|-|1|0|7960709376140787198|-]
[001:677][903306] (connection.cc:1501): Conn[30028580:0:Net[ingress:100.64.0.x/32:Unknown:id=1]:PvicdvqM:1:0:local:udp:100.64.0.x:56335->qZJvIHjR:1:1853497087:prflx:udp:172.21.127.x:41372|CR-W|-|1|0|7960709376140787198|-]: Sent STUN BINDING request, id=726a52747a50316d30567631, use_candidate=0, nomination=0
[001:685][903243] (peer_connection_localvideo.cc:365): OnHangingGetRead
[001:685][903243] (peer_connection_localvideo.cc:288): Headers received
[001:685][903243] (peer_connection_localvideo.cc:465): OnClose
[001:685][903243] (conductor.cc:316): OnMessageFromPeer
[001:685][903243] (conductor.cc:320): !!!Received:2: {
	"candidate" : "candidate:1265538413 1 udp 2121998079 100.64.0.7 43550 typ host generation 0 ufrag IV/H network-id 8 network-cost 50",
	"sdpMLineIndex" : 0,
	"sdpMid" : "0"
}
[001:685][903243] (conductor.cc:402): else3
[001:685][903243] (conductor.cc:407): che3 1
[001:685][903243] (conductor.cc:416): che3 2
[001:685][903243] (conductor.cc:420): che3 3
[001:685][903243] (conductor.cc:427): che3 4
[001:685][903243] (conductor.cc:432): che3 444
[001:685][903243] (conductor.cc:433):  Received candidate :{
	"candidate" : "candidate:1265538413 1 udp 2121998079 100.64.0.7 43550 typ host generation 0 ufrag IV/H network-id 8 network-cost 50",
	"sdpMLineIndex" : 0,
	"sdpMid" : "0"
}
[001:685][903306] (connection.cc:243): Conn[300317c0:0:Net[ingress:100.64.0.x/32:Unknown:id=1]:PvicdvqM:1:0:local:udp:100.64.0.x:56335->tAbjo5sR:1:2121998079:local:udp:100.64.0.x:43550|C--W|-|0|0|9113912355724344830|-]: Connection created
[001:685][903243] (conductor.cc:434): che3 5
[001:685][903306] (p2p_transport_channel.cc:1469): Channel[0|1|RW]: Created connection with origin: 2, total: 6
[001:686][903306] (connection.cc:800): Conn[300317c0:0:Net[ingress:100.64.0.x/32:Unknown:id=1]:PvicdvqM:1:0:local:udp:100.64.0.x:56335->tAbjo5sR:1:2121998079:local:udp:100.64.0.x:43550|C--W|-|0|0|9113912355724344830|-]: Connection pruned
[001:691][903306] (connection.cc:1385): Conn[30028580:0:Net[ingress:100.64.0.x/32:Unknown:id=1]:PvicdvqM:1:0:local:udp:100.64.0.x:56335->qZJvIHjR:1:1853497087:prflx:udp:172.21.127.x:41372|CR-I|-|1|0|7960709376140787198|-]: Received STUN BINDING response, id=726a52747a50316d30567631, code=0, rtt=14, pings_since_last_response=726a52747a50316d30567631 
[001:692][903306] (wrapping_active_ice_controller.cc:192): Switching selected connection due to: candidate pair state changed
[001:692][903306] (p2p_transport_channel.cc:1825): Channel[0|1|RW]: Previous selected connection: Conn[3001a970:0:Net[ingress:100.64.0.x/32:Unknown:id=1]:PvicdvqM:1:0:local:udp:100.64.0.x:56335->yFBe8Qhw:1:2122260223:local:udp:100.64.0.x:33872|CRWS|-|1|0|9115038255631187454|13]
[001:692][903306] (p2p_transport_channel.cc:1828): Channel[0|1|RW]: New selected connection: Conn[30028580:0:Net[ingress:100.64.0.x/32:Unknown:id=1]:PvicdvqM:1:0:local:udp:100.64.0.x:56335->qZJvIHjR:1:1853497087:prflx:udp:172.21.127.x:41372|CRWS|S|1|0|7960709376140787198|14]
[001:692][903306] (channel.cc:342): Network route changed for {mid: 0, media_type: video}
[001:692][903307] (rtp_transport_controller_send.cc:280): Network route changed on transport 0: new_route = [ connected: 1 local: [ 0/1 Unknown turn: 0 ] remote: [ 1/1 Ethernet turn: 0 ] packet_overhead_bytes: 38 ]
[001:692][903307] (rtp_transport_controller_send.cc:283): old_route = [ connected: 1 local: [ 0/1 Unknown turn: 0 ] remote: [ 0/2 Unknown turn: 0 ] packet_overhead_bytes: 28 ]
[001:692][903307] (rtp_transport_controller_send.cc:303): Reset bitrates to min: 0 bps, start: 300000 bps,  max: -1 bps.
[001:693][903306] (connection.cc:800): Conn[3001a970:0:Net[ingress:100.64.0.x/32:Unknown:id=1]:PvicdvqM:1:0:local:udp:100.64.0.x:56335->yFBe8Qhw:1:2122260223:local:udp:100.64.0.x:33872|CRWS|-|1|0|9115038255631187454|13]: Connection pruned
[001:693][903307] (trendline_estimator.cc:191): Using Trendline filter for delay change estimation with settings sort:false,cap:false,beginning_packets:7,end_packets:7,cap_uncertainty:0,window_size:20 and no network state predictor
[001:693][903306] (p2p_transport_channel.cc:1920): Channel[0|1|RW]: Transport channel state changed from 1 to 2
[001:693][903307] (trendline_estimator.cc:191): Using Trendline filter for delay change estimation with settings sort:false,cap:false,beginning_packets:7,end_packets:7,cap_uncertainty:0,window_size:20 and no network state predictor
[001:693][903306] (jsep_transport_controller.cc:1238): 0 Transport 1 state changed. Check if state is complete.
[001:693][903307] (aimd_rate_control.cc:89): Using aimd rate control with back off factor 0.85
[001:693][903307] (delay_based_bwe.cc:92): Initialized DelayBasedBwe with separate audio overuse detectionenabled:false,packet_threshold:10,time_threshold:1 s
[001:693][903307] (delay_based_bwe.cc:299): BWE Setting start bitrate to: 300 kbps
[001:693][903307] (bitrate_prober.cc:111): Probe cluster (bitrate_bps:min bytes:min packets): (900000:1688:5, Inactive)
[001:693][903307] (bitrate_prober.cc:111): Probe cluster (bitrate_bps:min bytes:min packets): (1800000:3375:5, Inactive)
[001:704][903306] (connection.cc:515): Conn[3002c6a0:0:Net[ingress:100.64.0.x/32:Unknown:id=1]:PvicdvqM:1:0:local:udp:100.64.0.x:56335->/1x9Carx:1:2122063615:local:udp:100.64.0.x:60840|C-xW|-|0|0|9114193830701055486|-]: Received STUN BINDING request, id=4c425a4d5169343937613452
[001:704][903306] (connection.cc:766): Conn[3002c6a0:0:Net[ingress:100.64.0.x/32:Unknown:id=1]:PvicdvqM:1:0:local:udp:100.64.0.x:56335->/1x9Carx:1:2122063615:local:udp:100.64.0.x:60840|CRxW|-|0|0|9114193830701055486|-]: Sent STUN BINDING response, to=100.64.0.x:60840, id=4c425a4d5169343937613452
[001:763][903306] (connection.cc:515): Conn[300317c0:0:Net[ingress:100.64.0.x/32:Unknown:id=1]:PvicdvqM:1:0:local:udp:100.64.0.x:56335->tAbjo5sR:1:2121998079:local:udp:100.64.0.x:43550|C-xW|-|0|0|9113912355724344830|-]: Received STUN BINDING request, id=537a4c543656514c6b307767
[001:763][903306] (connection.cc:766): Conn[300317c0:0:Net[ingress:100.64.0.x/32:Unknown:id=1]:PvicdvqM:1:0:local:udp:100.64.0.x:56335->tAbjo5sR:1:2121998079:local:udp:100.64.0.x:43550|CRxW|-|0|0|9113912355724344830|-]: Sent STUN BINDING response, to=100.64.0.x:43550, id=537a4c543656514c6b307767
[001:786][903243] (peer_connection_localvideo.cc:365): OnHangingGetRead
[001:786][903243] (peer_connection_localvideo.cc:288): Headers received
[001:786][903243] (peer_connection_localvideo.cc:465): OnClose
[001:786][903243] (conductor.cc:316): OnMessageFromPeer
[001:786][903243] (conductor.cc:320): !!!Received:2: {
	"candidate" : "candidate:3621343547 1 udp 2121932543 172.21.127.116 41372 typ host generation 0 ufrag IV/H network-id 1",
	"sdpMLineIndex" : 0,
	"sdpMid" : "0"
}
[001:786][903243] (conductor.cc:402): else3
[001:786][903243] (conductor.cc:407): che3 1
[001:786][903243] (conductor.cc:416): che3 2
[001:786][903243] (conductor.cc:420): che3 3
[001:786][903243] (conductor.cc:427): che3 4
[001:786][903243] (conductor.cc:432): che3 444
[001:786][903243] (conductor.cc:433):  Received candidate :{
	"candidate" : "candidate:3621343547 1 udp 2121932543 172.21.127.116 41372 typ host generation 0 ufrag IV/H network-id 1",
	"sdpMLineIndex" : 0,
	"sdpMid" : "0"
}
[001:786][903243] (conductor.cc:434): che3 5
[001:886][903243] (peer_connection_localvideo.cc:365): OnHangingGetRead
[001:886][903243] (peer_connection_localvideo.cc:288): Headers received
[001:887][903243] (peer_connection_localvideo.cc:465): OnClose
[001:887][903243] (conductor.cc:316): OnMessageFromPeer
[001:887][903243] (conductor.cc:320): !!!Received:2: {
	"candidate" : "candidate:2852963087 1 udp 1685724927 143.89.47.89 62080 typ srflx raddr 172.21.127.116 rport 41372 generation 0 ufrag IV/H network-id 1",
	"sdpMLineIndex" : 0,
	"sdpMid" : "0"
}
[001:887][903243] (conductor.cc:402): else3
[001:887][903243] (conductor.cc:407): che3 1
[001:887][903243] (conductor.cc:416): che3 2
[001:887][903243] (conductor.cc:420): che3 3
[001:887][903243] (conductor.cc:427): che3 4
[001:887][903306] (connection.cc:243): Conn[30036e40:0:Net[ingress:100.64.0.x/32:Unknown:id=1]:PvicdvqM:1:0:local:udp:100.64.0.x:56335->8/56cIZS:1:1685724927:stun:udp:143.89.47.x:62080|C--W|-|0|0|7240133435761507838|-]: Connection created
[001:887][903243] (conductor.cc:432): che3 444
[001:887][903243] (conductor.cc:433):  Received candidate :{
	"candidate" : "candidate:2852963087 1 udp 1685724927 143.89.47.89 62080 typ srflx raddr 172.21.127.116 rport 41372 generation 0 ufrag IV/H network-id 1",
	"sdpMLineIndex" : 0,
	"sdpMid" : "0"
}
[001:887][903306] (p2p_transport_channel.cc:1469): Channel[0|1|RW]: Created connection with origin: 2, total: 7
[001:887][903243] (conductor.cc:434): che3 5
[001:887][903306] (connection.cc:800): Conn[30036e40:0:Net[ingress:100.64.0.x/32:Unknown:id=1]:PvicdvqM:1:0:local:udp:100.64.0.x:56335->8/56cIZS:1:1685724927:stun:udp:143.89.47.x:62080|C--W|-|0|0|7240133435761507838|-]: Connection pruned
[001:987][903243] (peer_connection_localvideo.cc:365): OnHangingGetRead
[001:987][903243] (peer_connection_localvideo.cc:288): Headers received
[001:987][903243] (peer_connection_localvideo.cc:465): OnClose
[001:987][903243] (conductor.cc:316): OnMessageFromPeer
[001:987][903243] (conductor.cc:320): !!!Received:2: {
	"candidate" : "candidate:3623104279 1 tcp 1518280447 100.64.0.9 51573 typ host tcptype passive generation 0 ufrag IV/H network-id 2 network-cost 50",
	"sdpMLineIndex" : 0,
	"sdpMid" : "0"
}
[001:987][903243] (conductor.cc:402): else3
[001:988][903243] (conductor.cc:407): che3 1
[001:988][903243] (conductor.cc:416): che3 2
[001:988][903243] (conductor.cc:420): che3 3
[001:988][903243] (conductor.cc:427): che3 4
[001:988][903243] (conductor.cc:432): che3 444
[001:988][903243] (conductor.cc:433):  Received candidate :{
	"candidate" : "candidate:3623104279 1 tcp 1518280447 100.64.0.9 51573 typ host tcptype passive generation 0 ufrag IV/H network-id 2 network-cost 50",
	"sdpMLineIndex" : 0,
	"sdpMid" : "0"
}
[001:988][903243] (conductor.cc:434): che3 5
[001:988][903306] (connection.cc:243): Conn[300394f0:0:Net[ingress:100.64.0.x/32:Unknown:id=1]:YAVMpcBO:1:0:local:tcp:100.64.0.x:49027->RcskPSTI:1:1518280447:local:tcp:100.64.0.x:51573|C--W|-|0|0|6520964869057822206|-]: Connection created
[001:988][903306] (p2p_transport_channel.cc:1469): Channel[0|1|RW]: Created connection with origin: 2, total: 8
[001:988][903306] (connection.cc:800): Conn[300394f0:0:Net[ingress:100.64.0.x/32:Unknown:id=1]:YAVMpcBO:1:0:local:tcp:100.64.0.x:49027->RcskPSTI:1:1518280447:local:tcp:100.64.0.x:51573|---W|-|0|0|6520964869057822206|-]: Connection pruned
[002:088][903243] (peer_connection_localvideo.cc:365): OnHangingGetRead
[002:088][903243] (peer_connection_localvideo.cc:288): Headers received
[002:088][903243] (peer_connection_localvideo.cc:465): OnClose
[002:088][903243] (conductor.cc:316): OnMessageFromPeer
[002:088][903243] (conductor.cc:320): !!!Received:2: {
	"candidate" : "candidate:100209577 1 tcp 1518214911 100.64.0.1 36575 typ host tcptype passive generation 0 ufrag IV/H network-id 5 network-cost 50",
	"sdpMLineIndex" : 0,
	"sdpMid" : "0"
}
[002:088][903243] (conductor.cc:402): else3
[002:088][903243] (conductor.cc:407): che3 1
[002:088][903243] (conductor.cc:416): che3 2
[002:088][903243] (conductor.cc:420): che3 3
[002:088][903243] (conductor.cc:427): che3 4
[002:088][903243] (conductor.cc:432): che3 444
[002:088][903243] (conductor.cc:433):  Received candidate :{
	"candidate" : "candidate:100209577 1 tcp 1518214911 100.64.0.1 36575 typ host tcptype passive generation 0 ufrag IV/H network-id 5 network-cost 50",
	"sdpMLineIndex" : 0,
	"sdpMid" : "0"
}
[002:088][903243] (conductor.cc:434): che3 5
[002:088][903306] (connection.cc:243): Conn[3003d040:0:Net[ingress:100.64.0.x/32:Unknown:id=1]:YAVMpcBO:1:0:local:tcp:100.64.0.x:49027->dy+ZqTac:1:1518214911:local:tcp:100.64.0.x:36575|C--W|-|0|0|6520683394081111550|-]: Connection created
[002:089][903306] (p2p_transport_channel.cc:1469): Channel[0|1|RW]: Created connection with origin: 2, total: 9
[002:089][903306] (connection.cc:800): Conn[3003d040:0:Net[ingress:100.64.0.x/32:Unknown:id=1]:YAVMpcBO:1:0:local:tcp:100.64.0.x:49027->dy+ZqTac:1:1518214911:local:tcp:100.64.0.x:36575|---W|-|0|0|6520683394081111550|-]: Connection pruned
[002:189][903243] (peer_connection_localvideo.cc:365): OnHangingGetRead
[002:189][903243] (peer_connection_localvideo.cc:288): Headers received
[002:189][903243] (peer_connection_localvideo.cc:465): OnClose
[002:189][903243] (conductor.cc:316): OnMessageFromPeer
[002:189][903243] (conductor.cc:320): !!!Received:2: {
	"candidate" : "candidate:3703758758 1 tcp 1518149375 100.64.0.3 44397 typ host tcptype passive generation 0 ufrag IV/H network-id 6 network-cost 50",
	"sdpMLineIndex" : 0,
	"sdpMid" : "0"
}
[002:189][903243] (conductor.cc:402): else3
[002:189][903243] (conductor.cc:407): che3 1
[002:189][903243] (conductor.cc:416): che3 2
[002:189][903243] (conductor.cc:420): che3 3
[002:189][903243] (conductor.cc:427): che3 4
[002:189][903243] (conductor.cc:432): che3 444
[002:189][903243] (conductor.cc:433):  Received candidate :{
	"candidate" : "candidate:3703758758 1 tcp 1518149375 100.64.0.3 44397 typ host tcptype passive generation 0 ufrag IV/H network-id 6 network-cost 50",
	"sdpMLineIndex" : 0,
	"sdpMid" : "0"
}
[002:189][903243] (conductor.cc:434): che3 5
[002:189][903306] (connection.cc:243): Conn[300417b0:0:Net[ingress:100.64.0.x/32:Unknown:id=1]:YAVMpcBO:1:0:local:tcp:100.64.0.x:49027->799+TMoW:1:1518149375:local:tcp:100.64.0.x:44397|C--W|-|0|0|6520401919104400894|-]: Connection created
[002:189][903306] (p2p_transport_channel.cc:1469): Channel[0|1|RW]: Created connection with origin: 2, total: 10
[002:190][903306] (connection.cc:800): Conn[300417b0:0:Net[ingress:100.64.0.x/32:Unknown:id=1]:YAVMpcBO:1:0:local:tcp:100.64.0.x:49027->799+TMoW:1:1518149375:local:tcp:100.64.0.x:44397|---W|-|0|0|6520401919104400894|-]: Connection pruned
[002:289][903243] (peer_connection_localvideo.cc:365): OnHangingGetRead
[002:290][903243] (peer_connection_localvideo.cc:288): Headers received
[002:290][903243] (peer_connection_localvideo.cc:465): OnClose
[002:290][903243] (conductor.cc:316): OnMessageFromPeer
[002:290][903243] (conductor.cc:320): !!!Received:2: {
	"candidate" : "candidate:1828687350 1 tcp 1518083839 100.64.0.5 52063 typ host tcptype passive generation 0 ufrag IV/H network-id 7 network-cost 50",
	"sdpMLineIndex" : 0,
	"sdpMid" : "0"
}
[002:290][903243] (conductor.cc:402): else3
[002:290][903243] (conductor.cc:407): che3 1
[002:290][903243] (conductor.cc:416): che3 2
[002:290][903243] (conductor.cc:420): che3 3
[002:290][903243] (conductor.cc:427): che3 4
[002:290][903243] (conductor.cc:432): che3 444
[002:290][903243] (conductor.cc:433):  Received candidate :{
	"candidate" : "candidate:1828687350 1 tcp 1518083839 100.64.0.5 52063 typ host tcptype passive generation 0 ufrag IV/H network-id 7 network-cost 50",
	"sdpMLineIndex" : 0,
	"sdpMid" : "0"
}
[002:290][903243] (conductor.cc:434): che3 5
[002:290][903306] (connection.cc:243): Conn[30044c20:0:Net[ingress:100.64.0.x/32:Unknown:id=1]:YAVMpcBO:1:0:local:tcp:100.64.0.x:49027->vv9Rvz2R:1:1518083839:local:tcp:100.64.0.x:52063|C--W|-|0|0|6520120444127690238|-]: Connection created
[002:290][903306] (p2p_transport_channel.cc:1469): Channel[0|1|RW]: Created connection with origin: 2, total: 11
[002:291][903306] (connection.cc:800): Conn[30044c20:0:Net[ingress:100.64.0.x/32:Unknown:id=1]:YAVMpcBO:1:0:local:tcp:100.64.0.x:49027->vv9Rvz2R:1:1518083839:local:tcp:100.64.0.x:52063|---W|-|0|0|6520120444127690238|-]: Connection pruned
[002:390][903243] (peer_connection_localvideo.cc:365): OnHangingGetRead
[002:390][903243] (peer_connection_localvideo.cc:288): Headers received
[002:390][903243] (peer_connection_localvideo.cc:465): OnClose
[002:390][903243] (conductor.cc:316): OnMessageFromPeer
[002:390][903243] (conductor.cc:320): !!!Received:2: {
	"candidate" : "candidate:3049538041 1 tcp 1518018303 100.64.0.7 35983 typ host tcptype passive generation 0 ufrag IV/H network-id 8 network-cost 50",
	"sdpMLineIndex" : 0,
	"sdpMid" : "0"
}
[002:390][903243] (conductor.cc:402): else3
[002:390][903243] (conductor.cc:407): che3 1
[002:390][903243] (conductor.cc:416): che3 2
[002:391][903243] (conductor.cc:420): che3 3
[002:391][903243] (conductor.cc:427): che3 4
[002:391][903243] (conductor.cc:432): che3 444
[002:391][903243] (conductor.cc:433):  Received candidate :{
	"candidate" : "candidate:3049538041 1 tcp 1518018303 100.64.0.7 35983 typ host tcptype passive generation 0 ufrag IV/H network-id 8 network-cost 50",
	"sdpMLineIndex" : 0,
	"sdpMid" : "0"
}
[002:391][903306] (connection.cc:243): Conn[300479c0:0:Net[ingress:100.64.0.x/32:Unknown:id=1]:YAVMpcBO:1:0:local:tcp:100.64.0.x:49027->iCFhRJga:1:1518018303:local:tcp:100.64.0.x:35983|C--W|-|0|0|6519838969150979582|-]: Connection created
[002:391][903243] (conductor.cc:434): che3 5
[002:391][903306] (p2p_transport_channel.cc:1469): Channel[0|1|RW]: Created connection with origin: 2, total: 12
[002:391][903306] (connection.cc:800): Conn[300479c0:0:Net[ingress:100.64.0.x/32:Unknown:id=1]:YAVMpcBO:1:0:local:tcp:100.64.0.x:49027->iCFhRJga:1:1518018303:local:tcp:100.64.0.x:35983|---W|-|0|0|6519838969150979582|-]: Connection pruned
[002:491][903243] (peer_connection_localvideo.cc:365): OnHangingGetRead
[002:491][903243] (peer_connection_localvideo.cc:288): Headers received
[002:491][903243] (peer_connection_localvideo.cc:465): OnClose
[002:491][903243] (conductor.cc:316): OnMessageFromPeer
[002:491][903243] (conductor.cc:320): !!!Received:2: {
	"candidate" : "candidate:695436719 1 tcp 1517952767 172.21.127.116 53007 typ host tcptype passive generation 0 ufrag IV/H network-id 1",
	"sdpMLineIndex" : 0,
	"sdpMid" : "0"
}
[002:491][903243] (conductor.cc:402): else3
[002:491][903243] (conductor.cc:407): che3 1
[002:491][903243] (conductor.cc:416): che3 2
[002:491][903243] (conductor.cc:420): che3 3
[002:491][903243] (conductor.cc:427): che3 4
[002:492][903306] (connection.cc:243): Conn[3004c4e0:0:Net[ingress:100.64.0.x/32:Unknown:id=1]:YAVMpcBO:1:0:local:tcp:100.64.0.x:49027->SNo3BKqz:1:1517952767:local:tcp:172.21.127.x:53007|C--W|-|0|0|6519557494174268926|-]: Connection created
[002:492][903243] (conductor.cc:432): che3 444
[002:492][903243] (conductor.cc:433):  Received candidate :{
	"candidate" : "candidate:695436719 1 tcp 1517952767 172.21.127.116 53007 typ host tcptype passive generation 0 ufrag IV/H network-id 1",
	"sdpMLineIndex" : 0,
	"sdpMid" : "0"
}
[002:492][903306] (p2p_transport_channel.cc:1469): Channel[0|1|RW]: Created connection with origin: 2, total: 13
[002:492][903243] (conductor.cc:434): che3 5
[002:492][903306] (connection.cc:800): Conn[3004c4e0:0:Net[ingress:100.64.0.x/32:Unknown:id=1]:YAVMpcBO:1:0:local:tcp:100.64.0.x:49027->SNo3BKqz:1:1517952767:local:tcp:172.21.127.x:53007|---W|-|0|0|6519557494174268926|-]: Connection pruned
[002:695][903307] (probe_controller.cc:439): kWaitingForProbingResult: timeout
[002:868][903317] (h264.cc:158): Creating H264DecoderImpl.
[002:868][903317] (decoder_database.cc:122): Initializing decoder with payload type '96'.
[002:868][903317] (h264_decoder_impl.cc:315): av_context_->codec_id:27
[002:869][903317] (generic_decoder.cc:277): Decoder implementation: DecoderInfo { prefers_late_decoding = implementation_name = 'FFmpeg', is_hardware_accelerated = false }
[002:878][903317] (h264_decoder_impl.cc:860): LOGREC 70590 78943142 7e4ef998a74f6b14c517c34b589e08b8 0
MYDEC duration:9832.000000
[002:878][903318] (fake_wnd.cc:216): OnFrame write to file78943142
[004:328][903318] (fake_wnd.cc:216): OnFrame write to file78944592
[004:328][903317] (h264_decoder_impl.cc:860): LOGREC 70617 78944592 3c3c0fde790b9d2c33a2ab89a78657b6 0
MYDEC duration:9049.000000
[007:689][903318] (fake_wnd.cc:216): OnFrame write to file78947953
[007:689][903317] (h264_decoder_impl.cc:860): LOGREC 75513 78947953 1537df009207f3ff22ae684d5a59690d 0
MYDEC duration:7310.000000
[008:533][903318] (fake_wnd.cc:216): OnFrame write to file78948797
[008:533][903317] (h264_decoder_impl.cc:860): LOGREC 73078 78948797 7b0805924c158d8a580b3d916ea0699a 0
MYDEC duration:7430.000000
[009:103][903318] (fake_wnd.cc:216): OnFrame write to file78949367
[009:103][903317] (h264_decoder_impl.cc:860): LOGREC 74709 78949367 5ac4fca9448f0ff4b800b746135b6886 0
MYDEC duration:7288.000000
[011:167][903318] (fake_wnd.cc:216): OnFrame write to file78951431
[011:167][903317] (h264_decoder_impl.cc:860): LOGREC 77500 78951431 f140cd98437040c6a1eb388f8b710f60 0
MYDEC duration:7577.000000
[011:256][903306] (stun_request.cc:115): CheckResponse called on a passwordless request. Fix test!
[011:459][903307] (rtp_video_stream_receiver2.cc:1284): Packet received on SSRC: 2674628613 with payload type: 96, timestamp: 250907655, sequence number: 13731, arrival time: 78951723844 us, abs send time: 10412760
[012:088][903306] (p2p_transport_channel.cc:2131): Channel[0|1|RW]: Removed connection 30036e40 (12 remaining)
[012:088][903306] (p2p_transport_channel.cc:2131): Channel[0|1|RW]: Removed connection 300394f0 (11 remaining)
[012:339][903306] (p2p_transport_channel.cc:2131): Channel[0|1|RW]: Removed connection 3003d040 (10 remaining)
[012:339][903306] (p2p_transport_channel.cc:2131): Channel[0|1|RW]: Removed connection 300417b0 (9 remaining)
[012:339][903306] (p2p_transport_channel.cc:2131): Channel[0|1|RW]: Removed connection 30044c20 (8 remaining)
[012:426][903318] (fake_wnd.cc:216): OnFrame write to file78952690
[012:426][903317] (h264_decoder_impl.cc:860): LOGREC 70364 78952690 202dcda990e0b04e8d7cc88c00623559 0
MYDEC duration:6401.000000
[012:589][903306] (p2p_transport_channel.cc:2131): Channel[0|1|RW]: Removed connection 300479c0 (7 remaining)
[012:589][903306] (p2p_transport_channel.cc:2131): Channel[0|1|RW]: Removed connection 3004c4e0 (6 remaining)
[013:326][903318] (fake_wnd.cc:216): OnFrame write to file78953590
[013:326][903317] (h264_decoder_impl.cc:860): LOGREC 70654 78953590 c7d2ccf71f1c1451a2bc04865f10480f 0
MYDEC duration:6340.000000
[015:343][903317] (h264_decoder_impl.cc:860): LOGREC 80192 78955607 9ee929ebd45421bbdc6a96ba7dc159c9 0
[015:343][903318] (fake_wnd.cc:216): OnFrame write to file78955607
MYDEC duration:7232.000000
[015:785][903318] (fake_wnd.cc:216): OnFrame write to file78956049
[015:785][903317] (h264_decoder_impl.cc:860): LOGREC 38386 78956049 3a11f060d9b2fa88d328499de3d6cd28 0
MYDEC duration:4969.000000
[016:755][903318] (fake_wnd.cc:216): OnFrame write to file78957019
[016:755][903317] (h264_decoder_impl.cc:860): LOGREC 77952 78957019 f923a95bd1bc8e32355647dbfc067db3 0
MYDEC duration:7020.000000
[019:051][903318] (fake_wnd.cc:216): OnFrame write to file78959315
[019:051][903317] (h264_decoder_impl.cc:860): LOGREC 74103 78959315 f2d506863b4b29bfdafc88ae9cc670e3 0
MYDEC duration:6849.000000
[020:670][903318] (fake_wnd.cc:216): OnFrame write to file78960934
[020:670][903317] (h264_decoder_impl.cc:860): LOGREC 73886 78960934 4470451132edc75cc1fc5c01adcbbaef 0
MYDEC duration:6636.000000
[021:288][903306] (stun_request.cc:115): CheckResponse called on a passwordless request. Fix test!
[021:468][903307] (rtp_video_stream_receiver2.cc:1284): Packet received on SSRC: 2674628613 with payload type: 96, timestamp: 251776245, sequence number: 14170, arrival time: 78961731819 us, abs send time: 13034182
[022:807][903317] (h264_decoder_impl.cc:860): LOGREC 76398 78963071 1023715ec96108ab3f438e4c8619c5f1 0
MYDEC duration:6774.000000
[022:807][903318] (fake_wnd.cc:216): OnFrame write to file78963071
[025:569][903318] (fake_wnd.cc:216): OnFrame write to file78965833
[025:570][903317] (h264_decoder_impl.cc:860): LOGREC 79500 78965834 5e3842225a9ce0fb6fb3c85bc9673e23 0
MYDEC duration:9862.000000
