(field_trial.cc:164): Setting field trial string:WebRTC-Bwe-StableBandwidthEstimate/Enabled/WebRTC-Bwe-ProbeRateFallback/Enabled/WebRTC-AddPacingToCongestionWindowPushback/Enabled/
[000:000][334384] (fake_wnd.cc:120): SwitchToConnectUI
[000:000][334384] (conductor.cc:116): Conductor
[000:000][334384] (fake_wnd.cc:156): AutoLogin server: 100.64.0.1 port: 8888
[000:000][334384] (conductor.cc:463): StartLogin
[000:000][334384] (peer_connection_localvideo.cc:121): Connecting to server..
[000:101][334384] (peer_connection_localvideo.cc:288): Headers received
[000:101][334384] (peer_connection_localvideo.cc:465): OnClose
[000:101][334384] (conductor.cc:447): OnMessageSent
[000:101][334384] (fake_wnd.cc:99): QueueUIThreadCallback
[000:101][334384] (conductor.cc:541): UIThreadCallback 3
[000:101][334384] (conductor.cc:559): SEND_MESSAGE_TO_PEER
[000:101][334384] (conductor.cc:291): OnSignedIn
[000:101][334384] (fake_wnd.cc:124): SwitchToPeerList
[000:101][334384] (fake_wnd.cc:135): SwitchToPeerListpeer size: 0
[001:052][334384] (peer_connection_localvideo.cc:365): OnHangingGetRead
[001:053][334384] (peer_connection_localvideo.cc:288): Headers received
[001:053][334384] (peer_connection_localvideo.cc:465): OnClose
[001:053][334384] (conductor.cc:305): OnPeerConnected
[001:053][334384] (fake_wnd.cc:124): SwitchToPeerList
[001:053][334384] (fake_wnd.cc:132): SwitchToPeerListpeer id: 2 name: user@ecelvd431.ece.local
[001:053][334384] (fake_wnd.cc:135): SwitchToPeerListpeer size: 1
[001:153][334384] (peer_connection_localvideo.cc:365): OnHangingGetRead
[001:153][334384] (peer_connection_localvideo.cc:288): Headers received
[001:153][334384] (peer_connection_localvideo.cc:465): OnClose
[001:153][334384] (conductor.cc:324): OnMessageFromPeer
[001:153][334384] (conductor.cc:328): !!!Received:2: {
	"sdp" : "v=0\r\no=- 8128866560696083855 2 IN IP4 127.0.0.1\r\ns=-\r\nt=0 0\r\na=group:BUNDLE 0\r\na=extmap-allow-mixed\r\na=msid-semantic: WMS stream_id\r\nm=video 9 UDP/TLS/RTP/SAVPF 35 36 96 97 98\r\nc=IN IP4 0.0.0.0\r\na=rtcp:9 IN IP4 0.0.0.0\r\na=ice-ufrag:IoKB\r\na=ice-pwd:JDh84Q4+bPQ1Rn+kWDfvu7et\r\na=ice-options:trickle\r\na=fingerprint:sha-256 56:73:07:26:21:D9:06:29:8A:57:91:02:3E:5E:7D:A6:8B:CD:F7:7F:BE:ED:64:5F:EC:35:10:3C:88:BF:63:E1\r\na=setup:actpass\r\na=mid:0\r\na=extmap:1 urn:ietf:params:rtp-hdrext:toffset\r\na=extmap:2 http://www.webrtc.org/experiments/rtp-hdrext/abs-send-time\r\na=extmap:3 urn:3gpp:video-orientation\r\na=extmap:4 http://www.ietf.org/id/draft-holmer-rmcat-transport-wide-cc-extensions-01\r\na=extmap:5 http://www.webrtc.org/experiments/rtp-hdrext/playout-delay\r\na=extmap:6 http://www.webrtc.org/experiments/rtp-hdrext/video-content-type\r\na=extmap:7 http://www.webrtc.org/experiments/rtp-hdrext/video-timing\r\na=extmap:8 http://www.webrtc.org/experiments/rtp-hdrext/color-space\r\na=extmap:9 urn:ietf:params:rtp-hdrext:sdes:mid\r\na=extmap:10 urn:ietf:params:rtp-hdrext:sdes:rtp-stream-id\r\na=extmap:11 urn:ietf:params:rtp-hdrext:sdes:repaired-rtp-stream-id\r\na=sendrecv\r\na=msid:stream_id video_label\r\na=rtcp-mux\r\na=rtcp-rsize\r\na=rtpmap:35 AV1/90000\r\na=rtcp-fb:35 goog-remb\r\na=rtcp-fb:35 transport-cc\r\na=rtcp-fb:35 ccm fir\r\na=rtcp-fb:35 nack\r\na=rtcp-fb:35 nack pli\r\na=rtpmap:36 rtx/90000\r\na=fmtp:36 apt=35\r\na=rtpmap:96 red/90000\r\na=rtpmap:97 rtx/90000\r\na=fmtp:97 apt=96\r\na=rtpmap:98 ulpfec/90000\r\na=ssrc-group:FID 1630000278 3349778238\r\na=ssrc:1630000278 cname:rYuceQEG2dqwJqcg\r\na=ssrc:1630000278 msid:stream_id video_label\r\na=ssrc:3349778238 cname:rYuceQEG2dqwJqcg\r\na=ssrc:3349778238 msid:stream_id video_label\r\n",
	"type" : "offer"
}
[001:153][334384] (conductor.cc:332): if1
[001:153][334384] (conductor.cc:140): InitializePeerConnection
[001:153][334384] (input_volume_stats_reporter.cc:98): Will not log any `WebRTC.Audio.Apm.AppliedInputVolume.*` histogram stats.
[001:153][334384] (input_volume_stats_reporter.cc:98): Will not log any `WebRTC.Audio.Apm.RecommendedInputVolume.*` histogram stats.
[001:153][334384] (audio_processing_impl.cc:695): Injected APM submodules:
Echo control factory: 0
Echo detector: 0
Capture analyzer: 0
Capture post processor: 0
Render pre processor: 0
[001:153][334384] (audio_processing_impl.cc:708): AudioProcessing: AudioProcessing::Config{ pipeline: { maximum_internal_processing_rate: 48000, multi_channel_render: 0, multi_channel_capture: 0 }, pre_amplifier: { enabled: 0, fixed_gain_factor: 1 },capture_level_adjustment: { enabled: 0, pre_gain_factor: 1, post_gain_factor: 1, analog_mic_gain_emulation: { enabled: 0, initial_level: 255 }}, high_pass_filter: { enabled: 0 }, echo_canceller: { enabled: 0, mobile_mode: 0, enforce_high_pass_filtering: 1 }, noise_suppression: { enabled: 0, level: Moderate }, transient_suppression: { enabled: 0 }, gain_controller1: { enabled: 0, mode: AdaptiveAnalog, target_level_dbfs: 3, compression_gain_db: 9, enable_limiter: 1, analog_gain_controller { enabled: 1, startup_min_volume: 0, clipped_level_min: 70, enable_digital_adaptive: 1, clipped_level_step: 15, clipped_ratio_threshold: 0.1, clipped_wait_frames: 300, clipping_predictor:  { enabled: 0, mode: 0, window_length: 5, reference_window_length: 5, reference_window_delay: 5, clipping_threshold: -1, crest_factor_margin: 3, use_predicted_step: 1 }}}, gain_controller2: { enabled: 0, fixed_digital: { gain_db: 0 }, adaptive_digital: { enabled: 0, headroom_db: 6, max_gain_db: 30, initial_gain_db: 8, max_gain_change_db_per_second: 3, max_output_noise_level_dbfs: -50 }, input_volume_control : { enabled 0}}
[001:153][334384] (webrtc_voice_engine.cc:362): WebRtcVoiceEngine::WebRtcVoiceEngine
[001:153][334384] (webrtc_video_engine.cc:755): WebRtcVideoEngine::WebRtcVideoEngine()
[001:154][334402] (webrtc_voice_engine.cc:384): WebRtcVoiceEngine::Init
[001:154][334402] (audio_device_impl.cc:67): Create
[001:154][334402] (audio_device_impl.cc:75): CreateForTest
[001:154][334402] (audio_device_buffer.cc:66): AudioDeviceBuffer::ctor
[001:154][334402] (audio_device_impl.cc:120): AudioDeviceModuleImpl
[001:154][334402] (audio_device_impl.cc:135): CheckPlatform
[001:154][334402] (audio_device_impl.cc:146): current platform is Linux
[001:154][334402] (audio_device_impl.cc:168): CreatePlatformSpecificObjects
[001:154][334402] (audio_device_impl.cc:905): PlatformAudioLayer
[001:154][334402] (audio_device_impl.cc:226): PulseAudio support is enabled.
[001:154][334402] (audio_mixer_manager_pulse_linux.cc:57): AudioMixerManagerLinuxPulse created
[001:154][334402] (audio_device_pulse_linux.cc:82): AudioDeviceLinuxPulse created
[001:154][334402] (audio_device_impl.cc:231): Linux PulseAudio APIs will be utilized
[001:154][334402] (audio_device_impl.cc:272): AttachAudioBuffer
[001:154][334402] (audio_device_buffer.cc:186): SetRecordingSampleRate(0)
[001:154][334402] (audio_device_buffer.cc:192): SetPlayoutSampleRate(0)
[001:154][334402] (audio_device_buffer.cc:206): SetRecordingChannels(0)
[001:154][334402] (audio_device_buffer.cc:212): SetPlayoutChannels(0)
[001:154][334402] (audio_device_impl.cc:292): Init
[001:157][334402] (audio_device_pulse_linux.cc:156): failed to open X display, typing detection will not work
[001:158][334402] (audio_device_impl.cc:636): SetPlayoutDevice(0)
[001:158][334402] (audio_device_impl.cc:325): InitSpeaker
[001:158][334402] (audio_device_impl.cc:540): StereoPlayoutIsAvailable
[001:158][334402] (audio_mixer_manager_pulse_linux.cc:189): SpeakerIsInitialized
[001:158][334402] (audio_device_impl.cc:547): output: 1
[001:158][334402] (audio_device_impl.cc:552): SetStereoPlayout(1)
[001:158][334402] (audio_device_buffer.cc:212): SetPlayoutChannels(2)
[001:158][334402] (audio_device_impl.cc:698): SetRecordingDevice(0)
[001:158][334402] (audio_device_impl.cc:331): InitMicrophone
[001:158][334402] (audio_device_impl.cc:494): StereoRecordingIsAvailable
[001:158][334402] (audio_mixer_manager_pulse_linux.cc:196): MicrophoneIsInitialized
[001:158][334402] (audio_mixer_manager_pulse_linux.cc:429): input device index has not been set
[001:158][334402] (adm_helpers.cc:74): Failed to query stereo recording.
[001:158][334402] (audio_device_impl.cc:506): SetStereoRecording(0)
[001:158][334402] (audio_device_buffer.cc:206): SetRecordingChannels(1)
[001:158][334402] (audio_device_impl.cc:811): RegisterAudioCallback
[001:158][334402] (audio_device_buffer.cc:86): RegisterAudioCallback
[001:158][334402] (webrtc_voice_engine.cc:491): WebRtcVoiceEngine::ApplyOptions: AudioOptions {aec: 1, agc: 1, ns: 1, hf: 1, swap: 0, audio_jitter_buffer_max_packets: 200, audio_jitter_buffer_fast_accelerate: 0, audio_jitter_buffer_min_delay_ms: 0, }
[001:158][334402] (audio_device_impl.cc:827): BuiltInAECIsAvailable
[001:158][334402] (audio_device_generic.cc:18): virtual bool webrtc::AudioDeviceGeneric::BuiltInAECIsAvailable() const: Not supported on this platform
[001:158][334402] (audio_device_impl.cc:830): output: 0
[001:158][334402] (audio_device_impl.cc:843): BuiltInAGCIsAvailable
[001:158][334402] (audio_device_generic.cc:28): virtual bool webrtc::AudioDeviceGeneric::BuiltInAGCIsAvailable() const: Not supported on this platform
[001:158][334402] (audio_device_impl.cc:846): output: 0
[001:158][334402] (audio_device_impl.cc:859): BuiltInNSIsAvailable
[001:158][334402] (audio_device_generic.cc:38): virtual bool webrtc::AudioDeviceGeneric::BuiltInNSIsAvailable() const: Not supported on this platform
[001:158][334402] (audio_device_impl.cc:862): output: 0
[001:158][334402] (audio_processing_impl.cc:911): AudioProcessing::ApplyConfig: AudioProcessing::Config{ pipeline: { maximum_internal_processing_rate: 48000, multi_channel_render: 0, multi_channel_capture: 0 }, pre_amplifier: { enabled: 0, fixed_gain_factor: 1 },capture_level_adjustment: { enabled: 0, pre_gain_factor: 1, post_gain_factor: 1, analog_mic_gain_emulation: { enabled: 0, initial_level: 255 }}, high_pass_filter: { enabled: 1 }, echo_canceller: { enabled: 1, mobile_mode: 0, enforce_high_pass_filtering: 1 }, noise_suppression: { enabled: 1, level: High }, transient_suppression: { enabled: 0 }, gain_controller1: { enabled: 1, mode: AdaptiveAnalog, target_level_dbfs: 3, compression_gain_db: 9, enable_limiter: 1, analog_gain_controller { enabled: 1, startup_min_volume: 0, clipped_level_min: 70, enable_digital_adaptive: 1, clipped_level_step: 15, clipped_ratio_threshold: 0.1, clipped_wait_frames: 300, clipping_predictor:  { enabled: 0, mode: 0, window_length: 5, reference_window_length: 5, reference_window_delay: 5, clipping_threshold: -1, crest_factor_margin: 3, use_predicted_step: 1 }}}, gain_controller2: { enabled: 0, fixed_digital: { gain_db: 0 }, adaptive_digital: { enabled: 0, headroom_db: 6, max_gain_db: 30, initial_gain_db: 8, max_gain_change_db_per_second: 3, max_output_noise_level_dbfs: -50 }, input_volume_control : { enabled 0}}
[001:159][334402] (matched_filter.cc:141): AEC3: Pre echo configuration:  threshold = 0.5, mode =  3.
[001:159][334402] (transparent_mode.cc:239): AEC3 Transparent Mode: Legacy
[001:159][334402] (echo_canceller3.cc:793): AEC3 created with sample rate: 16000 Hz, num render channels: 1, num capture channels: 1
[001:160][334402] (clipping_predictor.cc:358): [AGC2] Clipping prediction disabled.
[001:160][334402] (agc_manager_direct.cc:481): [agc] analog controller enabled: yes
[001:160][334402] (agc_manager_direct.cc:484): [agc] Min mic level: 12 (overridden: no)
[001:160][334402] (agc_manager_direct.cc:507): AgcManagerDirect::Initialize
[001:160][334384] (conductor.cc:207): CreatePeerConnection
[001:160][334402] (rtc_event_log_impl.cc:40): Creating new format encoder for RTC event log.
[001:160][334402] (peer_connection_factory.cc:337): Using default network controller factory
[001:160][334402] (bitrate_prober.cc:47): Bandwidth probing enabled, set to inactive
[001:160][334402] (cpu_info.cc:53): Available number of cores: 16
[001:160][334402] (remote_estimator_proxy.cc:68): Maximum interval between transport feedback RTCP messages: 250 ms
[001:160][334402] (aimd_rate_control.cc:89): Using aimd rate control with back off factor 0.85
[001:160][334402] (remote_bitrate_estimator_single_stream.cc:51): RemoteBitrateEstimatorSingleStream: Instantiating.
[001:161][334401] (openssl_key_pair.cc:40): Making key pair
[001:161][334384] (wrapped_desktop_capturer.cc:56): Not sender, do not start capture
[001:161][334384] (fake_wnd.cc:146): SwitchToStreamingUI
[001:161][334384] (conductor.cc:365): if3
[001:161][334384] (conductor.cc:400):  Received session description :{
	"sdp" : "v=0\r\no=- 8128866560696083855 2 IN IP4 127.0.0.1\r\ns=-\r\nt=0 0\r\na=group:BUNDLE 0\r\na=extmap-allow-mixed\r\na=msid-semantic: WMS stream_id\r\nm=video 9 UDP/TLS/RTP/SAVPF 35 36 96 97 98\r\nc=IN IP4 0.0.0.0\r\na=rtcp:9 IN IP4 0.0.0.0\r\na=ice-ufrag:IoKB\r\na=ice-pwd:JDh84Q4+bPQ1Rn+kWDfvu7et\r\na=ice-options:trickle\r\na=fingerprint:sha-256 56:73:07:26:21:D9:06:29:8A:57:91:02:3E:5E:7D:A6:8B:CD:F7:7F:BE:ED:64:5F:EC:35:10:3C:88:BF:63:E1\r\na=setup:actpass\r\na=mid:0\r\na=extmap:1 urn:ietf:params:rtp-hdrext:toffset\r\na=extmap:2 http://www.webrtc.org/experiments/rtp-hdrext/abs-send-time\r\na=extmap:3 urn:3gpp:video-orientation\r\na=extmap:4 http://www.ietf.org/id/draft-holmer-rmcat-transport-wide-cc-extensions-01\r\na=extmap:5 http://www.webrtc.org/experiments/rtp-hdrext/playout-delay\r\na=extmap:6 http://www.webrtc.org/experiments/rtp-hdrext/video-content-type\r\na=extmap:7 http://www.webrtc.org/experiments/rtp-hdrext/video-timing\r\na=extmap:8 http://www.webrtc.org/experiments/rtp-hdrext/color-space\r\na=extmap:9 urn:ietf:params:rtp-hdrext:sdes:mid\r\na=extmap:10 urn:ietf:params:rtp-hdrext:sdes:rtp-stream-id\r\na=extmap:11 urn:ietf:params:rtp-hdrext:sdes:repaired-rtp-stream-id\r\na=sendrecv\r\na=msid:stream_id video_label\r\na=rtcp-mux\r\na=rtcp-rsize\r\na=rtpmap:35 AV1/90000\r\na=rtcp-fb:35 goog-remb\r\na=rtcp-fb:35 transport-cc\r\na=rtcp-fb:35 ccm fir\r\na=rtcp-fb:35 nack\r\na=rtcp-fb:35 nack pli\r\na=rtpmap:36 rtx/90000\r\na=fmtp:36 apt=35\r\na=rtpmap:96 red/90000\r\na=rtpmap:97 rtx/90000\r\na=fmtp:97 apt=96\r\na=rtpmap:98 ulpfec/90000\r\na=ssrc-group:FID 1630000278 3349778238\r\na=ssrc:1630000278 cname:rYuceQEG2dqwJqcg\r\na=ssrc:1630000278 msid:stream_id video_label\r\na=ssrc:3349778238 cname:rYuceQEG2dqwJqcg\r\na=ssrc:3349778238 msid:stream_id video_label\r\n",
	"type" : "offer"
}
[001:162][334401] (openssl_key_pair.cc:93): Returning key pair
[001:162][334401] (boringssl_certificate.cc:189): Making certificate for WebRTC
[001:164][334401] (boringssl_certificate.cc:245): Returning certificate
[001:164][334401] (p2p_transport_channel.cc:544): Set backup connection ping interval to 25000 milliseconds.
[001:164][334401] (p2p_transport_channel.cc:553): Set ICE receiving timeout to 2500 milliseconds
[001:164][334401] (p2p_transport_channel.cc:560): Set ping most likely connection to 0
[001:164][334401] (p2p_transport_channel.cc:567): Set stable_writable_connection_ping_interval to 2500
[001:164][334401] (p2p_transport_channel.cc:580): Set presume writable when fully relayed to 0
[001:164][334401] (p2p_transport_channel.cc:598): Set regather_on_failed_networks_interval to 300000
[001:164][334401] (p2p_transport_channel.cc:605): Set receiving_switching_delay to 1000
[001:164][334401] (jsep_transport_controller.cc:1077): Creating DtlsSrtpTransport.
[001:164][334401] (dtls_srtp_transport.cc:71): Setting RTP Transport on 0 transport c0002260
[001:164][334401] (p2p_transport_channel.cc:489): Received remote ICE parameters: ufrag=IoKB, renomination disabled
[001:164][334400] (sdp_offer_answer.cc:3870): Adding video transceiver for MID=0 at i=0 in response to the remote description.
[001:164][334402] (channel.cc:141): Created channel: {mid: 0, media_type: video}
[001:164][334401] (rtp_demuxer.cc:163): Added sink = c4083a40 for criteria {mid: 0, rsid: <empty>, ssrcs: [], payload_types = []}
[001:165][334402] (pacing_controller.cc:110): PacedSender paused.
[001:165][334400] (sdp_offer_answer.cc:2882): Session: 3278597225260963040 Old state: stable New state: have-remote-offer
[001:165][334402] (webrtc_video_engine.cc:2936): ResetUnsignaledRecvStream.
[001:165][334402] (channel.cc:1142): Setting remote video description for {mid: 0, media_type: video}
[001:165][334402] (webrtc_video_engine.cc:1121): SetSenderParameters: {codecs: [VideoCodec[35:AV1], VideoCodec[36:rtx], VideoCodec[96:red], VideoCodec[97:rtx], VideoCodec[98:ulpfec]], conference_mode: no, extensions: [{uri: http://www.ietf.org/id/draft-holmer-rmcat-transport-wide-cc-extensions-01, id: 4}, {uri: http://www.webrtc.org/experiments/rtp-hdrext/abs-send-time, id: 2}, {uri: http://www.webrtc.org/experiments/rtp-hdrext/color-space, id: 8}, {uri: http://www.webrtc.org/experiments/rtp-hdrext/playout-delay, id: 5}, {uri: http://www.webrtc.org/experiments/rtp-hdrext/video-content-type, id: 6}, {uri: http://www.webrtc.org/experiments/rtp-hdrext/video-timing, id: 7}, {uri: urn:3gpp:video-orientation, id: 3}, {uri: urn:ietf:params:rtp-hdrext:sdes:mid, id: 9}, {uri: urn:ietf:params:rtp-hdrext:sdes:repaired-rtp-stream-id, id: 11}, {uri: urn:ietf:params:rtp-hdrext:sdes:rtp-stream-id, id: 10}, {uri: urn:ietf:params:rtp-hdrext:toffset, id: 1}], extmap-allow-mixed: true, max_bandwidth_bps: -1, mid: 0}
[001:165][334402] (webrtc_video_engine.cc:1129): Negotiated codec: VideoCodec[35:AV1]
[001:165][334402] (webrtc_video_engine.cc:2824): AddRecvStream: {id:video_label;ssrcs:[1630000278,3349778238];ssrc_groups:{semantics:FID;ssrcs:[1630000278,3349778238]};cname:rYuceQEG2dqwJqcg;stream_ids:stream_id;}
[001:165][334402] (video_receive_stream2.cc:228): VideoReceiveStream2: {decoders: [{payload_type: 35, payload_name: AV1, codec_params: {}}, {payload_type: 37, payload_name: AV1, codec_params: {profile: 1}}], rtp: {remote_ssrc: 1630000278, local_ssrc: 1, rtcp_mode: RtcpMode::kReducedSize, rtcp_xr: {receiver_reference_time_report: off}, lntf: {enabled: false}, nack: {rtp_history_ms: 1000}, ulpfec_payload_type: 98, red_type: 96, rtx_ssrc: 3349778238, rtx_payload_types: {36 (pt) -> 35 (apt), 38 (pt) -> 37 (apt), 97 (pt) -> 96 (apt), }, raw_payload_types: {}}, renderer: (renderer), render_delay_ms: 10, sync_group: stream_id}
[001:165][334402] (rtp_demuxer.cc:163): Added sink = c4089710 for criteria {mid: <empty>, rsid: <empty>, ssrcs: [1630000278, ], payload_types = []}
[001:165][334402] (rtp_demuxer.cc:163): Added sink = c407fed0 for criteria {mid: <empty>, rsid: <empty>, ssrcs: [3349778238, ], payload_types = []}
[001:165][334402] (channel.cc:746): Add remote ssrc: 1630000278 to {mid: 0, media_type: video}
[001:165][334401] (rtp_demuxer.cc:163): Added sink = c4083a40 for criteria {mid: 0, rsid: <empty>, ssrcs: [1630000278, 3349778238, ], payload_types = []}
[001:166][334402] (video_receive_stream2.cc:269): ~VideoReceiveStream2: {decoders: [{payload_type: 35, payload_name: AV1, codec_params: {}}, {payload_type: 37, payload_name: AV1, codec_params: {profile: 1}}], rtp: {remote_ssrc: 1630000278, local_ssrc: 1, rtcp_mode: RtcpMode::kReducedSize, rtcp_xr: {receiver_reference_time_report: off}, lntf: {enabled: false}, nack: {rtp_history_ms: 1000}, ulpfec_payload_type: 98, red_type: 96, rtx_ssrc: 3349778238, rtx_payload_types: {36 (pt) -> 35 (apt), 38 (pt) -> 37 (apt), 97 (pt) -> 96 (apt), }, raw_payload_types: {}}, renderer: (renderer), render_delay_ms: 10, sync_group: stream_id}
[001:166][334402] (video_receive_stream2.cc:228): VideoReceiveStream2: {decoders: [{payload_type: 35, payload_name: AV1, codec_params: {}}, {payload_type: 37, payload_name: AV1, codec_params: {profile: 1}}], rtp: {remote_ssrc: 1630000278, local_ssrc: 1, rtcp_mode: RtcpMode::kReducedSize, rtcp_xr: {receiver_reference_time_report: off}, lntf: {enabled: false}, nack: {rtp_history_ms: 1000}, ulpfec_payload_type: 98, red_type: 96, rtx_ssrc: 3349778238, rtx_payload_types: {36 (pt) -> 35 (apt), 38 (pt) -> 37 (apt), 97 (pt) -> 96 (apt), }, raw_payload_types: {}}, renderer: (renderer), render_delay_ms: 10, sync_group: stream_id}
[001:166][334402] (rtp_demuxer.cc:163): Added sink = c4089710 for criteria {mid: <empty>, rsid: <empty>, ssrcs: [1630000278, ], payload_types = []}
[001:166][334402] (rtp_demuxer.cc:163): Added sink = c407fed0 for criteria {mid: <empty>, rsid: <empty>, ssrcs: [3349778238, ], payload_types = []}
[001:166][334402] (channel.cc:1012): Changing video state, recv=0 send=0 for {mid: 0, media_type: video}
[001:166][334400] (sdp_offer_answer.cc:2170): Processing the MSIDs for MID=0 (streams=[stream_id]).
[001:166][334400] (sdp_offer_answer.cc:2180): Processing the addition of a remote track for MID=0.
[001:166][334402] (webrtc_video_engine.cc:2981): SetSink: ssrc:1630000278 (ptr)
[001:166][334400] (conductor.cc:251): OnAddTrack video_label
[001:166][334400] (fake_wnd.cc:99): QueueUIThreadCallback
[001:166][334400] (conductor.cc:541): UIThreadCallback 4
[001:166][334400] (conductor.cc:588): NEW_TRACK_ADDED
[001:166][334400] (conductor.cc:75): OnSuccess
[001:167][334401] (dtls_srtp_transport.cc:71): Setting RTP Transport on 0 transport c0002260
[001:167][334401] (p2p_transport_channel.cc:478): Set ICE ufrag: GNWf pwd: bsyb6fo+wp+OrCogJbL3hLju on transport 0
[001:167][334401] (dtls_transport.cc:395): DtlsTransport[0|1|__]: DTLS setup complete.
[001:167][334400] (rtp_transceiver.cc:515): Changing transceiver (MID=0) current direction from <not set> to kRecvOnly.
[001:167][334400] (sdp_offer_answer.cc:2882): Session: 3278597225260963040 Old state: have-remote-offer New state: stable
[001:167][334402] (channel.cc:524): Channel enabled: {mid: 0, media_type: video}
[001:167][334402] (video_receive_stream2.cc:269): ~VideoReceiveStream2: {decoders: [{payload_type: 35, payload_name: AV1, codec_params: {}}, {payload_type: 37, payload_name: AV1, codec_params: {profile: 1}}], rtp: {remote_ssrc: 1630000278, local_ssrc: 1, rtcp_mode: RtcpMode::kReducedSize, rtcp_xr: {receiver_reference_time_report: off}, lntf: {enabled: false}, nack: {rtp_history_ms: 1000}, ulpfec_payload_type: 98, red_type: 96, rtx_ssrc: 3349778238, rtx_payload_types: {36 (pt) -> 35 (apt), 38 (pt) -> 37 (apt), 97 (pt) -> 96 (apt), }, raw_payload_types: {}}, renderer: (renderer), render_delay_ms: 10, sync_group: stream_id}
[001:167][334402] (video_receive_stream2.cc:228): VideoReceiveStream2: {decoders: [{payload_type: 35, payload_name: AV1, codec_params: {}}, {payload_type: 37, payload_name: AV1, codec_params: {profile: 1}}], rtp: {remote_ssrc: 1630000278, local_ssrc: 1, rtcp_mode: RtcpMode::kReducedSize, rtcp_xr: {receiver_reference_time_report: off}, lntf: {enabled: false}, nack: {rtp_history_ms: 1000}, ulpfec_payload_type: 98, red_type: 96, rtx_ssrc: 3349778238, rtx_payload_types: {36 (pt) -> 35 (apt), 38 (pt) -> 37 (apt), 97 (pt) -> 96 (apt), }, raw_payload_types: {}}, renderer: (renderer), render_delay_ms: 10, sync_group: stream_id}
[001:167][334402] (rtp_demuxer.cc:163): Added sink = c4089710 for criteria {mid: <empty>, rsid: <empty>, ssrcs: [1630000278, ], payload_types = []}
[001:168][334402] (rtp_demuxer.cc:163): Added sink = c407fed0 for criteria {mid: <empty>, rsid: <empty>, ssrcs: [3349778238, ], payload_types = []}
[001:168][334402] (channel.cc:1012): Changing video state, recv=0 send=0 for {mid: 0, media_type: video}
[001:168][334402] (channel.cc:1020): Setting local video description for {mid: 0, media_type: video}
[001:168][334402] (webrtc_video_engine.cc:2726): SetReceiverParameters: {codecs: [VideoCodec[35:AV1], VideoCodec[36:rtx], VideoCodec[96:red], VideoCodec[97:rtx], VideoCodec[98:ulpfec]], extensions: [{uri: http://www.ietf.org/id/draft-holmer-rmcat-transport-wide-cc-extensions-01, id: 4}, {uri: http://www.webrtc.org/experiments/rtp-hdrext/abs-send-time, id: 2}, {uri: http://www.webrtc.org/experiments/rtp-hdrext/color-space, id: 8}, {uri: http://www.webrtc.org/experiments/rtp-hdrext/playout-delay, id: 5}, {uri: http://www.webrtc.org/experiments/rtp-hdrext/video-content-type, id: 6}, {uri: http://www.webrtc.org/experiments/rtp-hdrext/video-timing, id: 7}, {uri: urn:3gpp:video-orientation, id: 3}, {uri: urn:ietf:params:rtp-hdrext:sdes:mid, id: 9}, {uri: urn:ietf:params:rtp-hdrext:sdes:repaired-rtp-stream-id, id: 11}, {uri: urn:ietf:params:rtp-hdrext:sdes:rtp-stream-id, id: 10}, {uri: urn:ietf:params:rtp-hdrext:toffset, id: 1}]}
[001:168][334402] (webrtc_video_engine.cc:2732): Changing FlexFEC payload type (recv) from 39 to -1
[001:168][334402] (webrtc_video_engine.cc:2743): Changing recv codecs from {VideoCodec[35:AV1], VideoCodec[37:AV1]} to {VideoCodec[35:AV1]}
[001:168][334402] (video_receive_stream2.cc:269): ~VideoReceiveStream2: {decoders: [{payload_type: 35, payload_name: AV1, codec_params: {}}, {payload_type: 37, payload_name: AV1, codec_params: {profile: 1}}], rtp: {remote_ssrc: 1630000278, local_ssrc: 1, rtcp_mode: RtcpMode::kReducedSize, rtcp_xr: {receiver_reference_time_report: off}, lntf: {enabled: false}, nack: {rtp_history_ms: 1000}, ulpfec_payload_type: 98, red_type: 96, rtx_ssrc: 3349778238, rtx_payload_types: {36 (pt) -> 35 (apt), 38 (pt) -> 37 (apt), 97 (pt) -> 96 (apt), }, raw_payload_types: {}}, renderer: (renderer), render_delay_ms: 10, sync_group: stream_id}
[001:168][334402] (video_receive_stream2.cc:228): VideoReceiveStream2: {decoders: [{payload_type: 35, payload_name: AV1, codec_params: {}}], rtp: {remote_ssrc: 1630000278, local_ssrc: 1, rtcp_mode: RtcpMode::kReducedSize, rtcp_xr: {receiver_reference_time_report: off}, lntf: {enabled: false}, nack: {rtp_history_ms: 1000}, ulpfec_payload_type: 98, red_type: 96, rtx_ssrc: 3349778238, rtx_payload_types: {36 (pt) -> 35 (apt), 97 (pt) -> 96 (apt), }, raw_payload_types: {}}, renderer: (renderer), render_delay_ms: 10, sync_group: stream_id}
[001:168][334402] (rtp_demuxer.cc:163): Added sink = c4089710 for criteria {mid: <empty>, rsid: <empty>, ssrcs: [1630000278, ], payload_types = []}
[001:168][334402] (rtp_demuxer.cc:163): Added sink = c407fed0 for criteria {mid: <empty>, rsid: <empty>, ssrcs: [3349778238, ], payload_types = []}
[001:168][334402] (channel.cc:1012): Changing video state, recv=1 send=0 for {mid: 0, media_type: video}
[001:169][334401] (basic_port_allocator.cc:391): Start getting ports with turn_port_prune_policy 0
[001:169][334400] (fake_wnd.cc:99): QueueUIThreadCallback
[001:169][334400] (conductor.cc:541): UIThreadCallback 3
[001:169][334400] (conductor.cc:559): SEND_MESSAGE_TO_PEER
[001:169][334400] (conductor.cc:566): SEND_MESSAGE_TO_PEER: {
	"sdp" : "v=0\r\no=- 3278597225260963040 2 IN IP4 127.0.0.1\r\ns=-\r\nt=0 0\r\na=group:BUNDLE 0\r\na=extmap-allow-mixed\r\na=msid-semantic: WMS\r\nm=video 9 UDP/TLS/RTP/SAVPF 35 36 96 97 98\r\nc=IN IP4 0.0.0.0\r\na=rtcp:9 IN IP4 0.0.0.0\r\na=ice-ufrag:GNWf\r\na=ice-pwd:bsyb6fo+wp+OrCogJbL3hLju\r\na=ice-options:trickle\r\na=fingerprint:sha-256 06:24:54:0E:23:B6:2D:0F:62:A6:DD:4F:A9:83:BC:0B:C0:DD:FE:C9:DD:0A:A0:00:DF:6F:2E:65:63:A7:A4:12\r\na=setup:active\r\na=mid:0\r\na=extmap:1 urn:ietf:params:rtp-hdrext:toffset\r\na=extmap:2 http://www.webrtc.org/experiments/rtp-hdrext/abs-send-time\r\na=extmap:3 urn:3gpp:video-orientation\r\na=extmap:4 http://www.ietf.org/id/draft-holmer-rmcat-transport-wide-cc-extensions-01\r\na=extmap:5 http://www.webrtc.org/experiments/rtp-hdrext/playout-delay\r\na=extmap:6 http://www.webrtc.org/experiments/rtp-hdrext/video-content-type\r\na=extmap:7 http://www.webrtc.org/experiments/rtp-hdrext/video-timing\r\na=extmap:8 http://www.webrtc.org/experiments/rtp-hdrext/color-space\r\na=extmap:9 urn:ietf:params:rtp-hdrext:sdes:mid\r\na=extmap:10 urn:ietf:params:rtp-hdrext:sdes:rtp-stream-id\r\na=extmap:11 urn:ietf:params:rtp-hdrext:sdes:repaired-rtp-stream-id\r\na=recvonly\r\na=rtcp-mux\r\na=rtcp-rsize\r\na=rtpmap:35 AV1/90000\r\na=rtcp-fb:35 goog-remb\r\na=rtcp-fb:35 transport-cc\r\na=rtcp-fb:35 ccm fir\r\na=rtcp-fb:35 nack\r\na=rtcp-fb:35 nack pli\r\na=rtpmap:36 rtx/90000\r\na=fmtp:36 apt=35\r\na=rtpmap:96 red/90000\r\na=rtpmap:97 rtx/90000\r\na=fmtp:97 apt=96\r\na=rtpmap:98 ulpfec/90000\r\n",
	"type" : "answer"
}
[001:170][334401] (network.cc:1042): Socket creation failed : [0x00000061] Address family not supported by protocol
[001:170][334401] (basic_port_allocator.cc:723): Count of networks: 2
[001:170][334401] (basic_port_allocator.cc:725): Net[ingress:100.64.0.x/32:Unknown:id=1]
[001:170][334401] (basic_port_allocator.cc:725): Net[lo:127.0.0.x/8:Loopback:id=2]
[001:170][334401] (basic_port_allocator.cc:113): Filtered out ignored networks:
[001:170][334401] (basic_port_allocator.cc:115): Net[lo:127.0.0.x/8:Loopback:id=2]
[001:170][334401] (basic_port_allocator.cc:924): Network manager has started
[001:171][334401] (basic_port_allocator.cc:723): Count of networks: 2
[001:171][334401] (basic_port_allocator.cc:725): Net[ingress:100.64.0.x/32:Unknown:id=1]
[001:171][334401] (basic_port_allocator.cc:725): Net[lo:127.0.0.x/8:Loopback:id=2]
[001:171][334401] (basic_port_allocator.cc:113): Filtered out ignored networks:
[001:171][334401] (basic_port_allocator.cc:115): Net[lo:127.0.0.x/8:Loopback:id=2]
[001:171][334401] (basic_port_allocator.cc:834): Allocate ports on ingress 
[001:171][334401] (basic_port_allocator.cc:1431): Net[ingress:100.64.0.x/32:Unknown:id=1]: Allocation Phase=Udp
[001:171][334401] (port.cc:185): Port[c0017040::1:0:local:Net[ingress:100.64.0.x/32:Unknown:id=1]]: Port created with network cost 50
[001:171][334401] (basic_port_allocator.cc:1507): AllocationSequence: UDPPort will be handling the STUN candidate generation.
[001:171][334401] (basic_port_allocator.cc:947): Adding allocated port for 0
[001:171][334401] (basic_port_allocator.cc:969): Port[c0017040:0:1:0:local:Net[ingress:100.64.0.x/32:Unknown:id=1]]: Added port to allocator
[001:171][334401] (basic_port_allocator.cc:986): Port[c0017040:0:1:0:local:Net[ingress:100.64.0.x/32:Unknown:id=1]]: Gathered candidate: Cand[:2305815844:1:udp:2122260223:100.64.0.x:52116:local::0:GNWf:bsyb6fo+wp+OrCogJbL3hLju:1:50:0]
[001:171][334401] (basic_port_allocator.cc:1019): Port[c0017040:0:1:0:local:Net[ingress:100.64.0.x/32:Unknown:id=1]]: Port ready.
[001:171][334401] (stun_port.cc:446): Port[c0017040:0:1:0:local:Net[ingress:100.64.0.x/32:Unknown:id=1]]: Starting STUN host lookup for stun.l.google.com:19302
[001:177][334400] (conductor.cc:75): OnSuccess
[001:177][334400] (conductor.cc:263): OnIceCandidate 0
[001:177][334400] (fake_wnd.cc:99): QueueUIThreadCallback
[001:177][334400] (conductor.cc:541): UIThreadCallback 3
[001:177][334400] (conductor.cc:559): SEND_MESSAGE_TO_PEER
[001:177][334400] (conductor.cc:566): SEND_MESSAGE_TO_PEER: {
	"candidate" : "candidate:2305815844 1 udp 2122260223 100.64.0.2 52116 typ host generation 0 ufrag GNWf network-id 1 network-cost 50",
	"sdpMLineIndex" : 0,
	"sdpMid" : "0"
}
[001:221][334401] (basic_port_allocator.cc:1431): Net[ingress:100.64.0.x/32:Unknown:id=1]: Allocation Phase=Relay
[001:271][334401] (basic_port_allocator.cc:1431): Net[ingress:100.64.0.x/32:Unknown:id=1]: Allocation Phase=Tcp
[001:271][334401] (port.cc:185): Port[c0018df0::1:0:local:Net[ingress:100.64.0.x/32:Unknown:id=1]]: Port created with network cost 50
[001:272][334401] (basic_port_allocator.cc:947): Adding allocated port for 0
[001:272][334401] (basic_port_allocator.cc:969): Port[c0018df0:0:1:0:local:Net[ingress:100.64.0.x/32:Unknown:id=1]]: Added port to allocator
[001:272][334401] (basic_port_allocator.cc:986): Port[c0018df0:0:1:0:local:Net[ingress:100.64.0.x/32:Unknown:id=1]]: Gathered candidate: Cand[:4154464188:1:tcp:1518280447:100.64.0.x:43275:local::0:GNWf:bsyb6fo+wp+OrCogJbL3hLju:1:50:0]
[001:272][334401] (basic_port_allocator.cc:1019): Port[c0018df0:0:1:0:local:Net[ingress:100.64.0.x/32:Unknown:id=1]]: Port ready.
[001:272][334401] (basic_port_allocator.cc:1130): Port[c0018df0:0:1:0:local:Net[ingress:100.64.0.x/32:Unknown:id=1]]: Port completed gathering candidates.
[001:272][334400] (conductor.cc:263): OnIceCandidate 0
[001:272][334400] (fake_wnd.cc:99): QueueUIThreadCallback
[001:272][334400] (conductor.cc:541): UIThreadCallback 3
[001:272][334400] (conductor.cc:559): SEND_MESSAGE_TO_PEER
[001:272][334400] (conductor.cc:566): SEND_MESSAGE_TO_PEER: {
	"candidate" : "candidate:4154464188 1 tcp 1518280447 100.64.0.2 43275 typ host tcptype passive generation 0 ufrag GNWf network-id 1 network-cost 50",
	"sdpMLineIndex" : 0,
	"sdpMid" : "0"
}
[001:277][334384] (peer_connection_localvideo.cc:365): OnHangingGetRead
[001:277][334384] (peer_connection_localvideo.cc:288): Headers received
[001:277][334384] (peer_connection_localvideo.cc:465): OnClose
[001:277][334384] (conductor.cc:324): OnMessageFromPeer
[001:277][334384] (conductor.cc:328): !!!Received:2: {
	"candidate" : "candidate:2831985473 1 udp 2122260223 10.21.221.181 47192 typ host generation 0 ufrag IoKB network-id 1 network-cost 50",
	"sdpMLineIndex" : 0,
	"sdpMid" : "0"
}
[001:277][334384] (conductor.cc:410): else3
[001:277][334384] (conductor.cc:415): che3 1
[001:277][334384] (conductor.cc:424): che3 2
[001:277][334384] (conductor.cc:428): che3 3
[001:277][334384] (conductor.cc:435): che3 4
[001:277][334384] (conductor.cc:440): che3 444
[001:277][334384] (conductor.cc:441):  Received candidate :{
	"candidate" : "candidate:2831985473 1 udp 2122260223 10.21.221.181 47192 typ host generation 0 ufrag IoKB network-id 1 network-cost 50",
	"sdpMLineIndex" : 0,
	"sdpMid" : "0"
}
[001:277][334384] (conductor.cc:442): che3 5
[001:277][334384] (peer_connection_localvideo.cc:288): Headers received
[001:277][334401] (connection.cc:243): Conn[c001a0d0:0:Net[ingress:100.64.0.x/32:Unknown:id=1]:1TJbT4oU:1:0:local:udp:100.64.0.x:52116->MZkweuXV:1:2122260223:local:udp:10.21.221.x:47192|C--W|-|0|0|9115038255631187454|-]: Connection created
[001:277][334384] (peer_connection_localvideo.cc:465): OnClose
[001:278][334384] (conductor.cc:447): OnMessageSent
[001:278][334384] (fake_wnd.cc:99): QueueUIThreadCallback
[001:278][334384] (conductor.cc:541): UIThreadCallback 3
[001:278][334401] (p2p_transport_channel.cc:1469): Channel[0|1|__]: Created connection with origin: 2, total: 1
[001:278][334384] (conductor.cc:559): SEND_MESSAGE_TO_PEER
[001:278][334401] (p2p_transport_channel.cc:1920): Channel[0|1|__]: Transport channel state changed from 0 to 2
[001:278][334401] (jsep_transport_controller.cc:1238): 0 Transport 1 state changed. Check if state is complete.
[001:278][334401] (jsep_transport_controller.cc:1238): 0 Transport 1 state changed. Check if state is complete.
[001:278][334401] (p2p_transport_channel.cc:1716): Channel[0|1|__]: Have a pingable connection for the first time; starting to ping.
[001:278][334400] (peer_connection.cc:1978): Changing standardized IceConnectionState 0 => 1
[001:278][334400] (peer_connection.cc:1959): Changing IceConnectionState 0 => 1
[001:278][334401] (connection.cc:1501): Conn[c001a0d0:0:Net[ingress:100.64.0.x/32:Unknown:id=1]:1TJbT4oU:1:0:local:udp:100.64.0.x:52116->MZkweuXV:1:2122260223:local:udp:10.21.221.x:47192|C--W|-|0|0|9115038255631187454|-]: Sent STUN BINDING request, id=4764643269556a7a33644559, use_candidate=0, nomination=0
[001:282][334401] (connection.cc:1385): Conn[c001a0d0:0:Net[ingress:100.64.0.x/32:Unknown:id=1]:1TJbT4oU:1:0:local:udp:100.64.0.x:52116->MZkweuXV:1:2122260223:local:udp:10.21.221.x:47192|C--I|-|0|0|9115038255631187454|-]: Received STUN BINDING response, id=4764643269556a7a33644559, code=0, rtt=4, pings_since_last_response=4764643269556a7a33644559 
[001:282][334401] (wrapping_active_ice_controller.cc:192): Switching selected connection due to: nomination on the controlled side
[001:282][334401] (p2p_transport_channel.cc:1828): Channel[0|1|__]: New selected connection: Conn[c001a0d0:0:Net[ingress:100.64.0.x/32:Unknown:id=1]:1TJbT4oU:1:0:local:udp:100.64.0.x:52116->MZkweuXV:1:2122260223:local:udp:10.21.221.x:47192|CRWS|S|1|0|9115038255631187454|4]
[001:282][334401] (channel.cc:342): Network route changed for {mid: 0, media_type: video}
[001:282][334402] (rtp_transport_controller_send.cc:280): Network route changed on transport 0: new_route = [ connected: 1 local: [ 0/1 Unknown turn: 0 ] remote: [ 0/1 Unknown turn: 0 ] packet_overhead_bytes: 28 ]
[001:282][334401] (dtls_transport.cc:859): DtlsTransport[0|1|__]: configuring DTLS handshake timeout 50 based on ICE RTT 4
[001:282][334401] (openssl_stream_adapter.cc:848): BeginSSL with peer.
[001:282][334401] (openssl_adapter.cc:833): handshake_start TLS client start_connect
[001:282][334401] (openssl_adapter.cc:833): connect_loop TLS client enter_early_data
[001:282][334401] (openssl_adapter.cc:833): connect_loop TLS client read_hello_verify_request
[001:282][334401] (openssl_adapter.cc:833): connect_exit TLS client read_hello_verify_request
[001:282][334401] (dtls_transport.cc:761): DtlsTransport[0|1|__]: DtlsTransport: Started DTLS handshake active=1
[001:282][334401] (srtp_transport.cc:363): The params in SRTP transport are reset.
[001:282][334401] (jsep_transport_controller.cc:1238): 0 Transport 1 state changed. Check if state is complete.
[001:283][334401] (basic_port_allocator.cc:1204): All candidates gathered for 0:1:0
[001:283][334400] (peer_connection.cc:1978): Changing standardized IceConnectionState 1 => 2
[001:283][334401] (p2p_transport_channel.cc:1011): P2PTransportChannel: 0, component 1 gathering complete
[001:287][334401] (openssl_adapter.cc:833): connect_loop TLS client read_server_hello
[001:287][334401] (openssl_adapter.cc:833): connect_loop TLS client read_server_certificate
[001:287][334401] (openssl_adapter.cc:833): connect_loop TLS client read_certificate_status
[001:287][334401] (openssl_adapter.cc:833): connect_loop TLS client verify_server_certificate
[001:287][334401] (openssl_stream_adapter.cc:1137): Accepted peer certificate.
[001:287][334401] (openssl_adapter.cc:833): connect_loop TLS client read_server_key_exchange
[001:289][334401] (openssl_adapter.cc:833): connect_loop TLS client read_certificate_request
[001:289][334401] (openssl_adapter.cc:833): connect_loop TLS client read_server_hello_done
[001:289][334401] (openssl_adapter.cc:833): connect_loop TLS client send_client_certificate
[001:289][334401] (openssl_adapter.cc:833): connect_loop TLS client send_client_key_exchange
[001:290][334401] (openssl_adapter.cc:833): connect_loop TLS client send_client_certificate_verify
[001:291][334401] (openssl_adapter.cc:833): connect_loop TLS client send_client_finished
[001:291][334401] (openssl_adapter.cc:833): connect_loop TLS client finish_flight
[001:291][334401] (openssl_adapter.cc:833): connect_loop TLS client read_session_ticket
[001:291][334401] (openssl_adapter.cc:833): connect_exit TLS client read_session_ticket
[001:298][334401] (openssl_adapter.cc:833): connect_loop TLS client process_change_cipher_spec
[001:298][334401] (openssl_adapter.cc:833): connect_loop TLS client read_server_finished
[001:298][334401] (openssl_adapter.cc:833): connect_loop TLS client finish_client_handshake
[001:298][334401] (openssl_adapter.cc:833): connect_loop TLS client done
[001:298][334401] (openssl_adapter.cc:833): handshake_done TLS client done
[001:298][334401] (openssl_adapter.cc:833): connect_exit TLS client done
[001:298][334401] (dtls_transport.cc:688): DtlsTransport[0|1|__]: DTLS handshake complete.
[001:299][334401] (jsep_transport_controller.cc:1176):  Transport 0 writability changed to 1.
[001:299][334402] (call.cc:1220): UpdateAggregateNetworkState: aggregate_state change to up
[001:299][334401] (dtls_srtp_transport.cc:221): Extracting keys from transport: 0
[001:299][334400] (peer_connection.cc:2404): Changing to ICE connected state because all transports are writable.
[001:299][334400] (peer_connection.cc:1959): Changing IceConnectionState 1 => 2
[001:299][334402] (pacing_controller.cc:117): PacedSender resumed.
[001:299][334402] (rtp_transport_controller_send.cc:588): Creating fallback congestion controller
[001:299][334402] (alr_experiment.cc:80): Using ALR experiment settings: pacing factor: 1, max pacer queue length: 2875, ALR bandwidth usage percent: 80, ALR start budget level percent: 40, ALR end budget level percent: -60, ALR experiment group ID: 3
[001:299][334402] (trendline_estimator.cc:191): Using Trendline filter for delay change estimation with settings sort:false,cap:false,beginning_packets:7,end_packets:7,cap_uncertainty:0,window_size:20 and no network state predictor
[001:299][334402] (trendline_estimator.cc:191): Using Trendline filter for delay change estimation with settings sort:false,cap:false,beginning_packets:7,end_packets:7,cap_uncertainty:0,window_size:20 and no network state predictor
[001:299][334402] (aimd_rate_control.cc:89): Using aimd rate control with back off factor 0.85
[001:299][334402] (delay_based_bwe.cc:92): Initialized DelayBasedBwe with separate audio overuse detectionenabled:false,packet_threshold:10,time_threshold:1 s
[001:299][334402] (delay_based_bwe.cc:299): BWE Setting start bitrate to: 300 kbps
[001:299][334402] (goog_cc_network_control.cc:735): Pacing factor: 2.5 pacing_rate: 750000 min_total_allocated_bitrate: 0 last_loss_based_target_rate: 300000
[001:299][334402] (probe_controller.cc:305): Measured bitrate: 300 kbps Minimum to probe further: 1260 kbps upper limit: +inf bps
[001:299][334402] (goog_cc_network_control.cc:735): Pacing factor: 2.5 pacing_rate: 750000 min_total_allocated_bitrate: 0 last_loss_based_target_rate: 300000
[001:299][334402] (bitrate_prober.cc:112): Probe cluster (bitrate_bps:min bytes:min packets): (900000:1688:5, Inactive)
[001:299][334402] (bitrate_prober.cc:112): Probe cluster (bitrate_bps:min bytes:min packets): (1800000:3375:5, Inactive)
[001:299][334402] (bitrate_allocator.cc:393): Current BWE 300000
[001:301][334401] (srtp_transport.cc:306): SRTP activated with negotiated parameters: send crypto_suite 1 recv crypto_suite 1
[001:301][334401] (channel.cc:554): Channel writable ({mid: 0, media_type: video}) for the first time
[001:301][334402] (channel.cc:1012): Changing video state, recv=1 send=0 for {mid: 0, media_type: video}
[001:378][334384] (peer_connection_localvideo.cc:365): OnHangingGetRead
[001:378][334384] (peer_connection_localvideo.cc:288): Headers received
[001:378][334384] (peer_connection_localvideo.cc:465): OnClose
[001:378][334384] (conductor.cc:324): OnMessageFromPeer
[001:378][334384] (conductor.cc:328): !!!Received:2: {
	"candidate" : "candidate:475272749 1 udp 2122194687 100.64.0.1 59472 typ host generation 0 ufrag IoKB network-id 2 network-cost 50",
	"sdpMLineIndex" : 0,
	"sdpMid" : "0"
}
[001:378][334384] (conductor.cc:410): else3
[001:378][334384] (conductor.cc:415): che3 1
[001:378][334384] (conductor.cc:424): che3 2
[001:378][334384] (conductor.cc:428): che3 3
[001:378][334384] (conductor.cc:435): che3 4
[001:378][334384] (conductor.cc:440): che3 444
[001:378][334384] (conductor.cc:441):  Received candidate :{
	"candidate" : "candidate:475272749 1 udp 2122194687 100.64.0.1 59472 typ host generation 0 ufrag IoKB network-id 2 network-cost 50",
	"sdpMLineIndex" : 0,
	"sdpMid" : "0"
}
[001:378][334384] (conductor.cc:442): che3 5
[001:378][334384] (peer_connection_localvideo.cc:288): Headers received
[001:378][334401] (connection.cc:243): Conn[c00240c0:0:Net[ingress:100.64.0.x/32:Unknown:id=1]:1TJbT4oU:1:0:local:udp:100.64.0.x:52116->C1fI46BI:1:2122194687:local:udp:100.64.0.x:59472|C--W|-|0|0|9114756780654476798|-]: Connection created
[001:378][334384] (peer_connection_localvideo.cc:465): OnClose
[001:378][334384] (conductor.cc:447): OnMessageSent
[001:378][334384] (fake_wnd.cc:99): QueueUIThreadCallback
[001:378][334401] (p2p_transport_channel.cc:1469): Channel[0|1|RW]: Created connection with origin: 2, total: 2
[001:378][334384] (conductor.cc:541): UIThreadCallback 3
[001:378][334384] (conductor.cc:559): SEND_MESSAGE_TO_PEER
[001:378][334401] (connection.cc:800): Conn[c00240c0:0:Net[ingress:100.64.0.x/32:Unknown:id=1]:1TJbT4oU:1:0:local:udp:100.64.0.x:52116->C1fI46BI:1:2122194687:local:udp:100.64.0.x:59472|C--W|-|0|0|9114756780654476798|-]: Connection pruned
[001:414][334402] (rtp_video_stream_receiver2.cc:1284): Packet received on SSRC: 1630000278 with payload type: 35, timestamp: 2837576164, sequence number: 18253, arrival time: 2597281406809 us, abs send time: 8757085
[001:427][334401] (connection.cc:515): Conn[c00240c0:0:Net[ingress:100.64.0.x/32:Unknown:id=1]:1TJbT4oU:1:0:local:udp:100.64.0.x:52116->C1fI46BI:1:2122194687:local:udp:100.64.0.x:59472|C-xW|-|0|0|9114756780654476798|-]: Received STUN BINDING request, id=6a4739457157717851363771
[001:427][334401] (connection.cc:766): Conn[c00240c0:0:Net[ingress:100.64.0.x/32:Unknown:id=1]:1TJbT4oU:1:0:local:udp:100.64.0.x:52116->C1fI46BI:1:2122194687:local:udp:100.64.0.x:59472|CRxW|-|0|0|9114756780654476798|-]: Sent STUN BINDING response, to=100.64.0.x:59472, id=6a4739457157717851363771
[001:453][334401] (physical_socket_server.cc:852): Assuming benign blocking error : [0x0000006B] Transport endpoint is not connected
[001:453][334401] (physical_socket_server.cc:852): Assuming benign blocking error : [0x0000006B] Transport endpoint is not connected
[001:478][334384] (peer_connection_localvideo.cc:365): OnHangingGetRead
[001:478][334384] (peer_connection_localvideo.cc:288): Headers received
[001:479][334384] (peer_connection_localvideo.cc:465): OnClose
[001:479][334384] (conductor.cc:324): OnMessageFromPeer
[001:479][334384] (conductor.cc:328): !!!Received:2: {
	"candidate" : "candidate:270875755 1 udp 1686052607 143.89.44.11 28096 typ srflx raddr 10.21.221.181 rport 47192 generation 0 ufrag IoKB network-id 1 network-cost 50",
	"sdpMLineIndex" : 0,
	"sdpMid" : "0"
}
[001:479][334384] (conductor.cc:410): else3
[001:479][334384] (conductor.cc:415): che3 1
[001:479][334384] (conductor.cc:424): che3 2
[001:479][334384] (conductor.cc:428): che3 3
[001:479][334384] (conductor.cc:435): che3 4
[001:479][334384] (conductor.cc:440): che3 444
[001:479][334384] (conductor.cc:441):  Received candidate :{
	"candidate" : "candidate:270875755 1 udp 1686052607 143.89.44.11 28096 typ srflx raddr 10.21.221.181 rport 47192 generation 0 ufrag IoKB network-id 1 network-cost 50",
	"sdpMLineIndex" : 0,
	"sdpMid" : "0"
}
[001:479][334384] (conductor.cc:442): che3 5
[001:479][334384] (peer_connection_localvideo.cc:288): Headers received
[001:479][334401] (connection.cc:243): Conn[c00297b0:0:Net[ingress:100.64.0.x/32:Unknown:id=1]:1TJbT4oU:1:0:local:udp:100.64.0.x:52116->0ZvM71/6:1:1686052607:stun:udp:143.89.44.x:28096|C--W|-|0|0|7241540810645061118|-]: Connection created
[001:479][334384] (peer_connection_localvideo.cc:465): OnClose
[001:479][334384] (conductor.cc:447): OnMessageSent
[001:479][334384] (fake_wnd.cc:99): QueueUIThreadCallback
[001:479][334384] (conductor.cc:541): UIThreadCallback 3
[001:479][334384] (conductor.cc:559): SEND_MESSAGE_TO_PEER
[001:479][334401] (p2p_transport_channel.cc:1469): Channel[0|1|RW]: Created connection with origin: 2, total: 3
[001:479][334401] (connection.cc:800): Conn[c00297b0:0:Net[ingress:100.64.0.x/32:Unknown:id=1]:1TJbT4oU:1:0:local:udp:100.64.0.x:52116->0ZvM71/6:1:1686052607:stun:udp:143.89.44.x:28096|C--W|-|0|0|7241540810645061118|-]: Connection pruned
[001:503][334412] (decoder_database.cc:122): Initializing decoder with payload type '35'.
[001:506][334412] (generic_decoder.cc:287): Decoder implementation: DecoderInfo { prefers_late_decoding = implementation_name = 'dav1d', is_hardware_accelerated = false }
[001:523][334412] (generic_decoder.cc:117): LOG_RECV|size|decode_time|decoded_time|md5 28180 2597281498 2597281515 69c83783d79eae5cf4f09f1aba092246
[001:524][334413] (fake_wnd.cc:216): OnFrame write to file2597281516
[001:579][334384] (peer_connection_localvideo.cc:365): OnHangingGetRead
[001:579][334384] (peer_connection_localvideo.cc:288): Headers received
[001:579][334384] (peer_connection_localvideo.cc:465): OnClose
[001:579][334384] (conductor.cc:324): OnMessageFromPeer
[001:579][334384] (conductor.cc:328): !!!Received:2: {
	"candidate" : "candidate:2274696012 1 tcp 1518280447 10.21.221.181 57007 typ host tcptype passive generation 0 ufrag IoKB network-id 1 network-cost 50",
	"sdpMLineIndex" : 0,
	"sdpMid" : "0"
}
[001:579][334384] (conductor.cc:410): else3
[001:579][334384] (conductor.cc:415): che3 1
[001:579][334384] (conductor.cc:424): che3 2
[001:579][334384] (conductor.cc:428): che3 3
[001:579][334384] (conductor.cc:435): che3 4
[001:579][334384] (conductor.cc:440): che3 444
[001:579][334384] (conductor.cc:441):  Received candidate :{
	"candidate" : "candidate:2274696012 1 tcp 1518280447 10.21.221.181 57007 typ host tcptype passive generation 0 ufrag IoKB network-id 1 network-cost 50",
	"sdpMLineIndex" : 0,
	"sdpMid" : "0"
}
[001:579][334384] (conductor.cc:442): che3 5
[001:580][334401] (connection.cc:243): Conn[c0039fa0:0:Net[ingress:100.64.0.x/32:Unknown:id=1]:7FN5n2zj:1:0:local:tcp:100.64.0.x:43275->FovV3Yah:1:1518280447:local:tcp:10.21.221.x:57007|C--W|-|0|0|6520964869057822206|-]: Connection created
[001:580][334401] (p2p_transport_channel.cc:1469): Channel[0|1|RW]: Created connection with origin: 2, total: 4
[001:580][334401] (connection.cc:800): Conn[c0039fa0:0:Net[ingress:100.64.0.x/32:Unknown:id=1]:7FN5n2zj:1:0:local:tcp:100.64.0.x:43275->FovV3Yah:1:1518280447:local:tcp:10.21.221.x:57007|---W|-|0|0|6520964869057822206|-]: Connection pruned
[001:581][334412] (generic_decoder.cc:117): LOG_RECV|size|decode_time|decoded_time|md5 28224 2597281568 2597281573 127e92a43deced045e57bc909fa1f1ca
[001:581][334413] (fake_wnd.cc:216): OnFrame write to file2597281573
[001:680][334384] (peer_connection_localvideo.cc:365): OnHangingGetRead
[001:680][334384] (peer_connection_localvideo.cc:288): Headers received
[001:680][334384] (peer_connection_localvideo.cc:465): OnClose
[001:680][334384] (conductor.cc:324): OnMessageFromPeer
[001:680][334384] (conductor.cc:328): !!!Received:2: {
	"candidate" : "candidate:856532512 1 tcp 1518214911 100.64.0.1 53645 typ host tcptype passive generation 0 ufrag IoKB network-id 2 network-cost 50",
	"sdpMLineIndex" : 0,
	"sdpMid" : "0"
}
[001:680][334384] (conductor.cc:410): else3
[001:680][334384] (conductor.cc:415): che3 1
[001:680][334384] (conductor.cc:424): che3 2
[001:680][334384] (conductor.cc:428): che3 3
[001:680][334384] (conductor.cc:435): che3 4
[001:680][334384] (conductor.cc:440): che3 444
[001:680][334384] (conductor.cc:441):  Received candidate :{
	"candidate" : "candidate:856532512 1 tcp 1518214911 100.64.0.1 53645 typ host tcptype passive generation 0 ufrag IoKB network-id 2 network-cost 50",
	"sdpMLineIndex" : 0,
	"sdpMid" : "0"
}
[001:680][334384] (conductor.cc:442): che3 5
[001:680][334401] (connection.cc:243): Conn[c003bb40:0:Net[ingress:100.64.0.x/32:Unknown:id=1]:7FN5n2zj:1:0:local:tcp:100.64.0.x:43275->tw/MpHbh:1:1518214911:local:tcp:100.64.0.x:53645|C--W|-|0|0|6520683394081111550|-]: Connection created
[001:680][334401] (p2p_transport_channel.cc:1469): Channel[0|1|RW]: Created connection with origin: 2, total: 5
[001:681][334401] (connection.cc:800): Conn[c003bb40:0:Net[ingress:100.64.0.x/32:Unknown:id=1]:7FN5n2zj:1:0:local:tcp:100.64.0.x:43275->tw/MpHbh:1:1518214911:local:tcp:100.64.0.x:53645|---W|-|0|0|6520683394081111550|-]: Connection pruned
[001:803][334412] (generic_decoder.cc:117): LOG_RECV|size|decode_time|decoded_time|md5 24031 2597281792 2597281795 34d01e3a876d9988dbf83b4714ed7834
[001:803][334413] (fake_wnd.cc:216): OnFrame write to file2597281795
[001:876][334412] (generic_decoder.cc:117): LOG_RECV|size|decode_time|decoded_time|md5 19625 2597281866 2597281868 efa9e0bd3ed68cbab032e539f51656af
[001:877][334413] (fake_wnd.cc:216): OnFrame write to file2597281869
[001:981][334412] (generic_decoder.cc:117): LOG_RECV|size|decode_time|decoded_time|md5 25074 2597281970 2597281973 6443e3ff59f971d54ad9fd0c16ec06d9
[001:981][334413] (fake_wnd.cc:216): OnFrame write to file2597281973
[002:094][334412] (generic_decoder.cc:117): LOG_RECV|size|decode_time|decoded_time|md5 32279 2597282084 2597282086 44f45058223970f366230adc35399077
[002:094][334413] (fake_wnd.cc:216): OnFrame write to file2597282086
[002:197][334412] (generic_decoder.cc:117): LOG_RECV|size|decode_time|decoded_time|md5 34672 2597282186 2597282189 e55cb4d7a238de1f64b59bb93dd469f0
[002:197][334413] (fake_wnd.cc:216): OnFrame write to file2597282189
[002:304][334412] (generic_decoder.cc:117): LOG_RECV|size|decode_time|decoded_time|md5 40976 2597282293 2597282296 5e7eafd58f01ce0a3b3f02fdc87299ac
[002:304][334413] (fake_wnd.cc:216): OnFrame write to file2597282296
[002:325][334402] (probe_controller.cc:439): kWaitingForProbingResult: timeout
[002:401][334412] (generic_decoder.cc:117): LOG_RECV|size|decode_time|decoded_time|md5 36131 2597282390 2597282393 1210783ea8c4cd29dd9cc8ee140f6b55
[002:401][334413] (fake_wnd.cc:216): OnFrame write to file2597282393
[002:537][334412] (generic_decoder.cc:117): LOG_RECV|size|decode_time|decoded_time|md5 62884 2597282525 2597282529 4371a4d9149ff0882c3bd4e14f799c13
[002:537][334413] (fake_wnd.cc:216): OnFrame write to file2597282529
[002:637][334412] (generic_decoder.cc:117): LOG_RECV|size|decode_time|decoded_time|md5 56138 2597282626 2597282629 fb05a2648270481937221e438b9eda12
[002:637][334413] (fake_wnd.cc:216): OnFrame write to file2597282629
[002:746][334412] (generic_decoder.cc:117): LOG_RECV|size|decode_time|decoded_time|md5 57180 2597282735 2597282738 120b2d0281520ebcb16c297c28461e90
[002:747][334413] (fake_wnd.cc:216): OnFrame write to file2597282739
[002:856][334412] (generic_decoder.cc:117): LOG_RECV|size|decode_time|decoded_time|md5 59449 2597282844 2597282848 e696803e71775cb781831c77de04500d
[002:856][334413] (fake_wnd.cc:216): OnFrame write to file2597282848
[002:976][334412] (generic_decoder.cc:117): LOG_RECV|size|decode_time|decoded_time|md5 84022 2597282964 2597282968 481e1b4e5321e902fd86e7f9e758684b
[002:976][334413] (fake_wnd.cc:216): OnFrame write to file2597282968
[003:080][334412] (generic_decoder.cc:117): LOG_RECV|size|decode_time|decoded_time|md5 67020 2597283069 2597283072 873627da5e34d70c2f3b17085cb030ae
[003:080][334413] (fake_wnd.cc:216): OnFrame write to file2597283072
[003:171][334401] (network.cc:1042): Socket creation failed : [0x00000061] Address family not supported by protocol
[003:179][334412] (generic_decoder.cc:117): LOG_RECV|size|decode_time|decoded_time|md5 49478 2597283168 2597283171 b2f24b72ea9577b737f8307ce8647384
[003:180][334413] (fake_wnd.cc:216): OnFrame write to file2597283172
[003:289][334412] (generic_decoder.cc:117): LOG_RECV|size|decode_time|decoded_time|md5 79882 2597283277 2597283281 0daaff64f116a8263b820157d5913d86
[003:289][334413] (fake_wnd.cc:216): OnFrame write to file2597283281
[003:398][334412] (generic_decoder.cc:117): LOG_RECV|size|decode_time|decoded_time|md5 82520 2597283386 2597283390 9b51001f4b88bef34b403ff699110381
[003:398][334413] (fake_wnd.cc:216): OnFrame write to file2597283390
[003:502][334412] (generic_decoder.cc:117): LOG_RECV|size|decode_time|decoded_time|md5 75285 2597283490 2597283494 887dbc5cc58df9b4332bc88144197c78
[003:502][334413] (fake_wnd.cc:216): OnFrame write to file2597283494
[003:603][334412] (generic_decoder.cc:117): LOG_RECV|size|decode_time|decoded_time|md5 60885 2597283592 2597283595 ca0c09e66ee032c7d3e66161bcbf54ed
[003:603][334413] (fake_wnd.cc:216): OnFrame write to file2597283595
[003:702][334412] (generic_decoder.cc:117): LOG_RECV|size|decode_time|decoded_time|md5 57948 2597283691 2597283694 c516722b9f12a2450be9c330816d0ba1
[003:703][334413] (fake_wnd.cc:216): OnFrame write to file2597283695
[003:806][334412] (generic_decoder.cc:117): LOG_RECV|size|decode_time|decoded_time|md5 66101 2597283795 2597283798 f0d4e8868d1e19ac6817a214cfc90858
[003:806][334413] (fake_wnd.cc:216): OnFrame write to file2597283798
[003:906][334412] (generic_decoder.cc:117): LOG_RECV|size|decode_time|decoded_time|md5 55136 2597283894 2597283898 8951a04cd19f9cba14b3d18a028e1d22
[003:906][334413] (fake_wnd.cc:216): OnFrame write to file2597283898
[004:008][334412] (generic_decoder.cc:117): LOG_RECV|size|decode_time|decoded_time|md5 58954 2597283997 2597284000 653cc9099bd14425566fdf0d71123501
[004:008][334413] (fake_wnd.cc:216): OnFrame write to file2597284000
[004:110][334412] (generic_decoder.cc:117): LOG_RECV|size|decode_time|decoded_time|md5 54506 2597284099 2597284102 4ad5406a706a4586de0c289b921a3206
[004:112][334413] (fake_wnd.cc:216): OnFrame write to file2597284104
[004:210][334412] (generic_decoder.cc:117): LOG_RECV|size|decode_time|decoded_time|md5 52891 2597284199 2597284202 b7b7a9fb095534ee836cf311ee04ba57
[004:212][334413] (fake_wnd.cc:216): OnFrame write to file2597284204
[004:314][334412] (generic_decoder.cc:117): LOG_RECV|size|decode_time|decoded_time|md5 64854 2597284303 2597284306 463351772c6307d76de0db92b59cea8a
[004:314][334413] (fake_wnd.cc:216): OnFrame write to file2597284306
[004:414][334412] (generic_decoder.cc:117): LOG_RECV|size|decode_time|decoded_time|md5 51953 2597284403 2597284406 1fedb5761dab5876aae8b96be62f1267
[004:415][334413] (fake_wnd.cc:216): OnFrame write to file2597284407
[004:524][334412] (generic_decoder.cc:117): LOG_RECV|size|decode_time|decoded_time|md5 88049 2597284512 2597284516 95bca762443c01745b84b213ddb78fa5
[004:524][334413] (fake_wnd.cc:216): OnFrame write to file2597284516
[004:627][334412] (generic_decoder.cc:117): LOG_RECV|size|decode_time|decoded_time|md5 72669 2597284616 2597284619 756405a18694251a20f5d0f90ad94a45
[004:628][334413] (fake_wnd.cc:216): OnFrame write to file2597284620
[004:725][334412] (generic_decoder.cc:117): LOG_RECV|size|decode_time|decoded_time|md5 38944 2597284714 2597284717 e793caeb596ee19706ad792b5b8f1d52
[004:725][334413] (fake_wnd.cc:216): OnFrame write to file2597284717
[004:832][334412] (generic_decoder.cc:117): LOG_RECV|size|decode_time|decoded_time|md5 81695 2597284820 2597284824 ddb424b07180140a9faef795ad23312c
[004:832][334413] (fake_wnd.cc:216): OnFrame write to file2597284824
[004:929][334412] (generic_decoder.cc:117): LOG_RECV|size|decode_time|decoded_time|md5 68891 2597284917 2597284921 d21cee06bccadfc05d911451ea41d78b
[004:929][334413] (fake_wnd.cc:216): OnFrame write to file2597284921
[005:032][334412] (generic_decoder.cc:117): LOG_RECV|size|decode_time|decoded_time|md5 60853 2597285020 2597285024 afbf343cdc8778e30fda82b3adb7b3ac
[005:032][334413] (fake_wnd.cc:216): OnFrame write to file2597285024
[005:134][334412] (generic_decoder.cc:117): LOG_RECV|size|decode_time|decoded_time|md5 65915 2597285123 2597285126 00406dd8e3afe13c549f99748d3a297e
[005:134][334413] (fake_wnd.cc:216): OnFrame write to file2597285126
[005:173][334401] (network.cc:1042): Socket creation failed : [0x00000061] Address family not supported by protocol
[005:239][334412] (generic_decoder.cc:117): LOG_RECV|size|decode_time|decoded_time|md5 72990 2597285227 2597285231 40aa12fb26a91d33d1bf250ce2db355c
[005:239][334413] (fake_wnd.cc:216): OnFrame write to file2597285231
[005:342][334412] (generic_decoder.cc:117): LOG_RECV|size|decode_time|decoded_time|md5 70977 2597285330 2597285334 24e7e004c6497b61ab14635f8a790650
[005:342][334413] (fake_wnd.cc:216): OnFrame write to file2597285334
[005:444][334412] (generic_decoder.cc:117): LOG_RECV|size|decode_time|decoded_time|md5 68803 2597285432 2597285436 deced6a4ddf6e07a6fc7cdd0017a33e7
[005:444][334413] (fake_wnd.cc:216): OnFrame write to file2597285436
[005:545][334412] (generic_decoder.cc:117): LOG_RECV|size|decode_time|decoded_time|md5 72957 2597285533 2597285537 ce288d6edacab46af32e54f48c3bceb8
[005:546][334413] (fake_wnd.cc:216): OnFrame write to file2597285538
[005:650][334412] (generic_decoder.cc:117): LOG_RECV|size|decode_time|decoded_time|md5 76343 2597285639 2597285642 b256238dd2679004fbbbb69108209f23
[005:650][334413] (fake_wnd.cc:216): OnFrame write to file2597285642
[005:753][334412] (generic_decoder.cc:117): LOG_RECV|size|decode_time|decoded_time|md5 66920 2597285742 2597285745 0b6800048c10e04d6ef580de03810925
[005:753][334413] (fake_wnd.cc:216): OnFrame write to file2597285745
[005:858][334412] (generic_decoder.cc:117): LOG_RECV|size|decode_time|decoded_time|md5 83668 2597285845 2597285850 f4b147d0e2ba7a4efc01a8f5763cc3fd
[005:858][334413] (fake_wnd.cc:216): OnFrame write to file2597285850
[005:960][334412] (generic_decoder.cc:117): LOG_RECV|size|decode_time|decoded_time|md5 70954 2597285948 2597285952 693ea89aca1b28bf378306bb48e3e9f0
[005:960][334413] (fake_wnd.cc:216): OnFrame write to file2597285952
[006:062][334412] (generic_decoder.cc:117): LOG_RECV|size|decode_time|decoded_time|md5 61632 2597286050 2597286054 f01ba2757462aeddb50e3961e1f8981f
[006:062][334413] (fake_wnd.cc:216): OnFrame write to file2597286054
[006:164][334412] (generic_decoder.cc:117): LOG_RECV|size|decode_time|decoded_time|md5 67066 2597286153 2597286156 5eaab24382884b3a11023031f5471ea5
[006:166][334413] (fake_wnd.cc:216): OnFrame write to file2597286158
[006:268][334412] (generic_decoder.cc:117): LOG_RECV|size|decode_time|decoded_time|md5 84052 2597286257 2597286260 20ada4b1a646e4c2fbcf620c5624ea7a
[006:268][334413] (fake_wnd.cc:216): OnFrame write to file2597286260
[006:369][334412] (generic_decoder.cc:117): LOG_RECV|size|decode_time|decoded_time|md5 74557 2597286357 2597286361 d3ef4a390facc73539eb14fb38807f34
[006:369][334413] (fake_wnd.cc:216): OnFrame write to file2597286361
[006:472][334412] (generic_decoder.cc:117): LOG_RECV|size|decode_time|decoded_time|md5 81364 2597286460 2597286464 7e40d7720cc2eb891f401959b855f469
[006:473][334413] (fake_wnd.cc:216): OnFrame write to file2597286465
[006:576][334412] (generic_decoder.cc:117): LOG_RECV|size|decode_time|decoded_time|md5 79082 2597286564 2597286568 f95f61735d2fd088753f83972ed86bb3
[006:576][334413] (fake_wnd.cc:216): OnFrame write to file2597286568
[006:679][334412] (generic_decoder.cc:117): LOG_RECV|size|decode_time|decoded_time|md5 86895 2597286667 2597286671 85b726ebcfa8ef769ec4aa77058c6275
[006:679][334413] (fake_wnd.cc:216): OnFrame write to file2597286671
[006:782][334412] (generic_decoder.cc:117): LOG_RECV|size|decode_time|decoded_time|md5 83526 2597286770 2597286774 31e28985f8af6a77536e76090794c410
[006:782][334413] (fake_wnd.cc:216): OnFrame write to file2597286774
[006:884][334412] (generic_decoder.cc:117): LOG_RECV|size|decode_time|decoded_time|md5 80347 2597286872 2597286876 2d4e812254c83088889c4e0ea3c3abd9
[006:884][334413] (fake_wnd.cc:216): OnFrame write to file2597286876
[006:988][334412] (generic_decoder.cc:117): LOG_RECV|size|decode_time|decoded_time|md5 79174 2597286976 2597286980 b66f06177805a4051b056d096fdc1960
[006:988][334413] (fake_wnd.cc:216): OnFrame write to file2597286980
[007:097][334412] (generic_decoder.cc:117): LOG_RECV|size|decode_time|decoded_time|md5 82792 2597287084 2597287089 07213c9d01fb9a03fcbe880e22baefbc
[007:097][334413] (fake_wnd.cc:216): OnFrame write to file2597287089
[007:175][334401] (network.cc:1042): Socket creation failed : [0x00000061] Address family not supported by protocol
[007:199][334412] (generic_decoder.cc:117): LOG_RECV|size|decode_time|decoded_time|md5 79120 2597287186 2597287191 f085e1feb0154210bc614e27a7970cb0
[007:199][334413] (fake_wnd.cc:216): OnFrame write to file2597287191
[007:301][334412] (generic_decoder.cc:117): LOG_RECV|size|decode_time|decoded_time|md5 86561 2597287289 2597287293 24f3ff0e18d3ba224394997adeb23282
[007:301][334413] (fake_wnd.cc:216): OnFrame write to file2597287293
[007:401][334412] (generic_decoder.cc:117): LOG_RECV|size|decode_time|decoded_time|md5 54961 2597287389 2597287393 30a28477a487d8571e7778fc5b986745
[007:401][334413] (fake_wnd.cc:216): OnFrame write to file2597287393
[007:612][334412] (generic_decoder.cc:117): LOG_RECV|size|decode_time|decoded_time|md5 180692 2597287599 2597287604 29cb48ebcd4917fe0f187c5fb0c57224
[007:612][334413] (fake_wnd.cc:216): OnFrame write to file2597287604
[007:715][334412] (generic_decoder.cc:117): LOG_RECV|size|decode_time|decoded_time|md5 84300 2597287703 2597287707 f6e8dbf6e892f4c86f180d96106b9aac
[007:715][334413] (fake_wnd.cc:216): OnFrame write to file2597287707
[007:828][334412] (generic_decoder.cc:117): LOG_RECV|size|decode_time|decoded_time|md5 88386 2597287814 2597287820 6b78fee35810e37432b62730e8fd478d
[007:828][334413] (fake_wnd.cc:216): OnFrame write to file2597287820
[007:932][334412] (generic_decoder.cc:117): LOG_RECV|size|decode_time|decoded_time|md5 84390 2597287919 2597287924 eaebdfcca78eae0362939c809e50e834
[007:932][334413] (fake_wnd.cc:216): OnFrame write to file2597287924
[008:025][334412] (generic_decoder.cc:117): LOG_RECV|size|decode_time|decoded_time|md5 63187 2597288014 2597288017 18b4f35bcbdf6ef93d515423d53291c9
[008:026][334413] (fake_wnd.cc:216): OnFrame write to file2597288018
[008:134][334412] (generic_decoder.cc:117): LOG_RECV|size|decode_time|decoded_time|md5 70222 2597288123 2597288126 bf75b76c04f7b2b928470fcbb17210a9
[008:135][334413] (fake_wnd.cc:216): OnFrame write to file2597288127
[008:235][334412] (generic_decoder.cc:117): LOG_RECV|size|decode_time|decoded_time|md5 58375 2597288224 2597288227 289c82fdc6883f617e7be39fec6b47b0
[008:239][334413] (fake_wnd.cc:216): OnFrame write to file2597288231
[008:341][334412] (generic_decoder.cc:117): LOG_RECV|size|decode_time|decoded_time|md5 61952 2597288329 2597288333 e584534efd92a220fdffb59ed011c03b
[008:343][334413] (fake_wnd.cc:216): OnFrame write to file2597288335
[008:444][334412] (generic_decoder.cc:117): LOG_RECV|size|decode_time|decoded_time|md5 67248 2597288432 2597288436 fe2186b50ed39e86bbf95c8880e7ea12
[008:444][334413] (fake_wnd.cc:216): OnFrame write to file2597288436
[008:544][334412] (generic_decoder.cc:117): LOG_RECV|size|decode_time|decoded_time|md5 65384 2597288532 2597288536 bace4a4ea0abc4c61e1a795de445f23e
[008:545][334413] (fake_wnd.cc:216): OnFrame write to file2597288537
[008:644][334412] (generic_decoder.cc:117): LOG_RECV|size|decode_time|decoded_time|md5 69696 2597288632 2597288636 b62736466a76ff77cc23d55558baf7f0
[008:646][334413] (fake_wnd.cc:216): OnFrame write to file2597288638
[008:746][334412] (generic_decoder.cc:117): LOG_RECV|size|decode_time|decoded_time|md5 75306 2597288734 2597288738 f33ae8ece39cb43d58240e895e3f637c
[008:746][334413] (fake_wnd.cc:216): OnFrame write to file2597288738
[008:843][334412] (generic_decoder.cc:117): LOG_RECV|size|decode_time|decoded_time|md5 77152 2597288831 2597288835 b434998747f6c7b84eba9c0dd450161d
[008:844][334413] (fake_wnd.cc:216): OnFrame write to file2597288836
[008:943][334412] (generic_decoder.cc:117): LOG_RECV|size|decode_time|decoded_time|md5 78324 2597288931 2597288935 96471f915822f76700793c4113be83d1
[008:944][334413] (fake_wnd.cc:216): OnFrame write to file2597288936
[009:041][334412] (generic_decoder.cc:117): LOG_RECV|size|decode_time|decoded_time|md5 81060 2597289029 2597289033 e631f04a4d2a7a5d05111945c03e9941
[009:043][334413] (fake_wnd.cc:216): OnFrame write to file2597289035
[009:142][334412] (generic_decoder.cc:117): LOG_RECV|size|decode_time|decoded_time|md5 73649 2597289130 2597289134 43edd645ae940ee8f7955628102b57f1
[009:142][334413] (fake_wnd.cc:216): OnFrame write to file2597289134
[009:177][334401] (network.cc:1042): Socket creation failed : [0x00000061] Address family not supported by protocol
[009:238][334412] (generic_decoder.cc:117): LOG_RECV|size|decode_time|decoded_time|md5 52485 2597289226 2597289230 04f968cf2659d91e365d4162065b2402
[009:238][334413] (fake_wnd.cc:216): OnFrame write to file2597289230
[009:332][334412] (generic_decoder.cc:117): LOG_RECV|size|decode_time|decoded_time|md5 49226 2597289321 2597289324 4a18b8efd8955671c2ddcd197f112c48
[009:334][334413] (fake_wnd.cc:216): OnFrame write to file2597289326
[009:433][334412] (generic_decoder.cc:117): LOG_RECV|size|decode_time|decoded_time|md5 42764 2597289422 2597289425 0409c028a2c51d7bb3b22d16d90b425c
[009:435][334413] (fake_wnd.cc:216): OnFrame write to file2597289427
[009:530][334412] (generic_decoder.cc:117): LOG_RECV|size|decode_time|decoded_time|md5 41054 2597289520 2597289522 77826729292abfab0c75aaa4d0b815a4
[009:532][334413] (fake_wnd.cc:216): OnFrame write to file2597289524
[009:629][334412] (generic_decoder.cc:117): LOG_RECV|size|decode_time|decoded_time|md5 43204 2597289618 2597289621 89f0dd6461a20bcc547a1c209d9af6b9
[009:629][334413] (fake_wnd.cc:216): OnFrame write to file2597289621
[009:727][334412] (generic_decoder.cc:117): LOG_RECV|size|decode_time|decoded_time|md5 43961 2597289715 2597289719 d9118fe6ee454bbd053968f6edf3ebe3
[009:728][334413] (fake_wnd.cc:216): OnFrame write to file2597289720
[009:824][334412] (generic_decoder.cc:117): LOG_RECV|size|decode_time|decoded_time|md5 46098 2597289813 2597289816 555ceb6f2019c8ce169352f10999e8e0
[009:825][334413] (fake_wnd.cc:216): OnFrame write to file2597289817
[009:922][334412] (generic_decoder.cc:117): LOG_RECV|size|decode_time|decoded_time|md5 44645 2597289911 2597289914 31bada731aedab6db3d9802da64d09bf
[009:924][334413] (fake_wnd.cc:216): OnFrame write to file2597289916
[010:021][334412] (generic_decoder.cc:117): LOG_RECV|size|decode_time|decoded_time|md5 47356 2597290010 2597290013 47989fb207ebe791dce5a4eff1cae1c3
[010:023][334413] (fake_wnd.cc:216): OnFrame write to file2597290015
[010:117][334412] (generic_decoder.cc:117): LOG_RECV|size|decode_time|decoded_time|md5 41215 2597290106 2597290109 9e417881ebfe7f48d3f2993c2091baad
[010:120][334413] (fake_wnd.cc:216): OnFrame write to file2597290112
[010:219][334412] (generic_decoder.cc:117): LOG_RECV|size|decode_time|decoded_time|md5 45895 2597290208 2597290211 5a52fc1594f20982a0bd75f624703ca8
[010:222][334413] (fake_wnd.cc:216): OnFrame write to file2597290214
[010:320][334412] (generic_decoder.cc:117): LOG_RECV|size|decode_time|decoded_time|md5 45984 2597290309 2597290312 157887f3e89d2ab105c519e07a11c9b3
[010:322][334413] (fake_wnd.cc:216): OnFrame write to file2597290314
[010:420][334412] (generic_decoder.cc:117): LOG_RECV|size|decode_time|decoded_time|md5 45333 2597290409 2597290412 33c44ab8c8ce8fbe995a6e1b578e8e44
[010:422][334413] (fake_wnd.cc:216): OnFrame write to file2597290414
[010:523][334412] (generic_decoder.cc:117): LOG_RECV|size|decode_time|decoded_time|md5 43642 2597290512 2597290515 ae37d63f79b0b62d7c32dc58f1d066cc
[010:524][334413] (fake_wnd.cc:216): OnFrame write to file2597290516
[010:624][334412] (generic_decoder.cc:117): LOG_RECV|size|decode_time|decoded_time|md5 46102 2597290613 2597290616 b2c8742261d424e9f18636dfeb8cb638
[010:627][334413] (fake_wnd.cc:216): OnFrame write to file2597290619
[010:724][334412] (generic_decoder.cc:117): LOG_RECV|size|decode_time|decoded_time|md5 42276 2597290713 2597290716 e955cc466ebd1741954d02a8200278f7
[010:726][334413] (fake_wnd.cc:216): OnFrame write to file2597290718
[010:826][334412] (generic_decoder.cc:117): LOG_RECV|size|decode_time|decoded_time|md5 49224 2597290815 2597290818 457c48d1ed4860755862b32899d0efc1
[010:829][334413] (fake_wnd.cc:216): OnFrame write to file2597290821
[010:928][334412] (generic_decoder.cc:117): LOG_RECV|size|decode_time|decoded_time|md5 47507 2597290917 2597290920 cf3e3a2ea66b0871023d3d12dec4b46b
[010:930][334413] (fake_wnd.cc:216): OnFrame write to file2597290922
[011:031][334412] (generic_decoder.cc:117): LOG_RECV|size|decode_time|decoded_time|md5 50830 2597291020 2597291023 3f90944b7af95674c0192a8b03c5bf43
[011:032][334413] (fake_wnd.cc:216): OnFrame write to file2597291024
[011:133][334412] (generic_decoder.cc:117): LOG_RECV|size|decode_time|decoded_time|md5 50484 2597291122 2597291125 904c12661b154557d1a328b30ca745a6
[011:135][334413] (fake_wnd.cc:216): OnFrame write to file2597291127
[011:179][334401] (network.cc:1042): Socket creation failed : [0x00000061] Address family not supported by protocol
[011:238][334412] (generic_decoder.cc:117): LOG_RECV|size|decode_time|decoded_time|md5 52574 2597291227 2597291230 a8bbccab0fb701c8129f961f9cf4d092
[011:239][334413] (fake_wnd.cc:216): OnFrame write to file2597291231
[011:342][334412] (generic_decoder.cc:117): LOG_RECV|size|decode_time|decoded_time|md5 52262 2597291331 2597291334 aec7820645beb17ea4eccbe0dfe9190a
[011:344][334413] (fake_wnd.cc:216): OnFrame write to file2597291336
[011:417][334402] (rtp_video_stream_receiver2.cc:1284): Packet received on SSRC: 1630000278 with payload type: 35, timestamp: 2838474004, sequence number: 23395, arrival time: 2597291409138 us, abs send time: 11350442
[011:448][334412] (generic_decoder.cc:117): LOG_RECV|size|decode_time|decoded_time|md5 54451 2597291438 2597291440 aea5fc4d57547dfa22702207a2ab400b
[011:450][334413] (fake_wnd.cc:216): OnFrame write to file2597291442
[011:553][334412] (generic_decoder.cc:117): LOG_RECV|size|decode_time|decoded_time|md5 53506 2597291542 2597291545 3ff71f0fcff9bbd7a7201c9b4015f573
[011:556][334413] (fake_wnd.cc:216): OnFrame write to file2597291548
[011:659][334412] (generic_decoder.cc:117): LOG_RECV|size|decode_time|decoded_time|md5 49741 2597291648 2597291651 22acd1587486703e5f7d1d31dfc1982e
[011:661][334413] (fake_wnd.cc:216): OnFrame write to file2597291653
[011:682][334401] (p2p_transport_channel.cc:2131): Channel[0|1|RW]: Removed connection c00297b0 (4 remaining)
[011:682][334401] (p2p_transport_channel.cc:2131): Channel[0|1|RW]: Removed connection c0039fa0 (3 remaining)
[011:682][334401] (p2p_transport_channel.cc:2131): Channel[0|1|RW]: Removed connection c003bb40 (2 remaining)
[011:766][334412] (generic_decoder.cc:117): LOG_RECV|size|decode_time|decoded_time|md5 57677 2597291755 2597291758 b05d0dfc8186b10bd4bed361fe0c6ba3
[011:769][334413] (fake_wnd.cc:216): OnFrame write to file2597291761
[011:891][334412] (generic_decoder.cc:117): LOG_RECV|size|decode_time|decoded_time|md5 55264 2597291880 2597291883 0fb0409189dd928e3bd93a65e4646882
[011:891][334413] (fake_wnd.cc:216): OnFrame write to file2597291883
[012:029][334412] (generic_decoder.cc:117): LOG_RECV|size|decode_time|decoded_time|md5 60606 2597292017 2597292021 9160773390256a1159a5e8cac4339ed8
[012:029][334413] (fake_wnd.cc:216): OnFrame write to file2597292021
[012:147][334412] (generic_decoder.cc:117): LOG_RECV|size|decode_time|decoded_time|md5 53356 2597292136 2597292139 c92bff82e270089ae1881586b302406e
[012:147][334413] (fake_wnd.cc:216): OnFrame write to file2597292139
[012:284][334412] (generic_decoder.cc:117): LOG_RECV|size|decode_time|decoded_time|md5 61117 2597292273 2597292276 8986cd348616dd238657b335456389a1
[012:284][334413] (fake_wnd.cc:216): OnFrame write to file2597292276
[012:424][334412] (generic_decoder.cc:117): LOG_RECV|size|decode_time|decoded_time|md5 61532 2597292413 2597292416 22a7433a54d13afa5fa7939ba51376c1
[012:424][334413] (fake_wnd.cc:216): OnFrame write to file2597292416
[012:548][334412] (generic_decoder.cc:117): LOG_RECV|size|decode_time|decoded_time|md5 56359 2597292536 2597292540 648b0a856e323c98532687140bdb77e1
[012:548][334413] (fake_wnd.cc:216): OnFrame write to file2597292540
[012:695][334412] (generic_decoder.cc:117): LOG_RECV|size|decode_time|decoded_time|md5 64760 2597292684 2597292687 04fdb03ff34bf88ffcaefffdde13d044
[012:695][334413] (fake_wnd.cc:216): OnFrame write to file2597292687
[012:829][334412] (generic_decoder.cc:117): LOG_RECV|size|decode_time|decoded_time|md5 59223 2597292818 2597292821 b81666a14e3e1758ea9cd250cac8317a
[012:829][334413] (fake_wnd.cc:216): OnFrame write to file2597292821
[012:966][334412] (generic_decoder.cc:117): LOG_RECV|size|decode_time|decoded_time|md5 60860 2597292955 2597292958 0a0156aa6e6361fe3331479ee31da34d
[012:966][334413] (fake_wnd.cc:216): OnFrame write to file2597292958
[013:094][334412] (generic_decoder.cc:117): LOG_RECV|size|decode_time|decoded_time|md5 56767 2597293083 2597293086 022bb042a4a056d56e9ab9d8095d8fbb
[013:094][334413] (fake_wnd.cc:216): OnFrame write to file2597293086
[013:181][334401] (network.cc:1042): Socket creation failed : [0x00000061] Address family not supported by protocol
[013:227][334412] (generic_decoder.cc:117): LOG_RECV|size|decode_time|decoded_time|md5 59911 2597293216 2597293219 f252b305ef71ff3554566c12c2ec7bd3
[013:227][334413] (fake_wnd.cc:216): OnFrame write to file2597293219
[013:368][334412] (generic_decoder.cc:117): LOG_RECV|size|decode_time|decoded_time|md5 62796 2597293357 2597293360 fffa5f2d5f5ae8353fe690f429250976
[013:368][334413] (fake_wnd.cc:216): OnFrame write to file2597293360
[013:524][334412] (generic_decoder.cc:117): LOG_RECV|size|decode_time|decoded_time|md5 68721 2597293513 2597293516 154d72ccbaa3768a247e092398c594ba
[013:525][334413] (fake_wnd.cc:216): OnFrame write to file2597293517
[013:610][334412] (generic_decoder.cc:117): LOG_RECV|size|decode_time|decoded_time|md5 38753 2597293599 2597293602 e88ec70ea6bbdb33fb324ba329171b30
[013:610][334413] (fake_wnd.cc:216): OnFrame write to file2597293602
[013:749][334412] (generic_decoder.cc:117): LOG_RECV|size|decode_time|decoded_time|md5 44789 2597293738 2597293741 a547916c7c49ca84cfb57f7f91334706
[013:751][334413] (fake_wnd.cc:216): OnFrame write to file2597293743
[013:958][334412] (generic_decoder.cc:117): LOG_RECV|size|decode_time|decoded_time|md5 70726 2597293947 2597293950 649ca549012c90618eac6bcc4062bbb7
[013:959][334413] (fake_wnd.cc:216): OnFrame write to file2597293951
[014:159][334412] (generic_decoder.cc:117): LOG_RECV|size|decode_time|decoded_time|md5 10548 2597294149 2597294151 4a7d605235020d18c06d29d0509046b2
[014:162][334413] (fake_wnd.cc:216): OnFrame write to file2597294154
[014:350][334412] (generic_decoder.cc:117): LOG_RECV|size|decode_time|decoded_time|md5 45119 2597294339 2597294342 2356f5b09eb8d662a5bd49c176213893
[014:352][334413] (fake_wnd.cc:216): OnFrame write to file2597294344
[014:431][334412] (generic_decoder.cc:117): LOG_RECV|size|decode_time|decoded_time|md5 35121 2597294421 2597294423 0b8bfa5e35fb074c897234cf311e9efc
[014:434][334413] (fake_wnd.cc:216): OnFrame write to file2597294426
[014:535][334412] (generic_decoder.cc:117): LOG_RECV|size|decode_time|decoded_time|md5 38483 2597294524 2597294527 0d0b1278d27da4c859130cdca441fda0
[014:539][334413] (fake_wnd.cc:216): OnFrame write to file2597294531
[014:632][334412] (generic_decoder.cc:117): LOG_RECV|size|decode_time|decoded_time|md5 35001 2597294622 2597294624 42d0474a0df91f0fb9b6684125350d5a
[014:634][334413] (fake_wnd.cc:216): OnFrame write to file2597294626
[014:729][334412] (generic_decoder.cc:117): LOG_RECV|size|decode_time|decoded_time|md5 36255 2597294718 2597294721 b917f285df9d9408067e487b2aa5f9f6
[014:730][334413] (fake_wnd.cc:216): OnFrame write to file2597294722
[014:824][334412] (generic_decoder.cc:117): LOG_RECV|size|decode_time|decoded_time|md5 36260 2597294814 2597294816 e170de962423ee81dacc397c68a2ae9c
[014:827][334413] (fake_wnd.cc:216): OnFrame write to file2597294819
[014:921][334412] (generic_decoder.cc:117): LOG_RECV|size|decode_time|decoded_time|md5 37822 2597294909 2597294913 e86d0207dbe5eccff2d63496d4354a1f
[014:923][334413] (fake_wnd.cc:216): OnFrame write to file2597294915
[015:017][334412] (generic_decoder.cc:117): LOG_RECV|size|decode_time|decoded_time|md5 35558 2597295006 2597295009 4a516c43f77450793a13cfc0e9d48ab1
[015:018][334413] (fake_wnd.cc:216): OnFrame write to file2597295010
[015:113][334412] (generic_decoder.cc:117): LOG_RECV|size|decode_time|decoded_time|md5 33568 2597295102 2597295105 f78f4a89da90a790864c864f56d737f6
[015:116][334413] (fake_wnd.cc:216): OnFrame write to file2597295108
[015:182][334401] (network.cc:1042): Socket creation failed : [0x00000061] Address family not supported by protocol
[015:203][334412] (generic_decoder.cc:117): LOG_RECV|size|decode_time|decoded_time|md5 33953 2597295192 2597295195 b12a552a8c12290fc37cea8df19fdb2c
[015:205][334413] (fake_wnd.cc:216): OnFrame write to file2597295197
[015:306][334412] (generic_decoder.cc:117): LOG_RECV|size|decode_time|decoded_time|md5 33656 2597295295 2597295298 8abd8ebbd95977c85a8d1769f660f093
[015:308][334413] (fake_wnd.cc:216): OnFrame write to file2597295300
[015:403][334412] (generic_decoder.cc:117): LOG_RECV|size|decode_time|decoded_time|md5 31284 2597295392 2597295395 0011bba73f03a5526dc890f817864132
[015:405][334413] (fake_wnd.cc:216): OnFrame write to file2597295397
[015:500][334412] (generic_decoder.cc:117): LOG_RECV|size|decode_time|decoded_time|md5 30677 2597295489 2597295492 514ef44b4fb15e92cb27502a757d0233
[015:502][334413] (fake_wnd.cc:216): OnFrame write to file2597295494
[015:596][334412] (generic_decoder.cc:117): LOG_RECV|size|decode_time|decoded_time|md5 30836 2597295584 2597295588 387daa346691ef6bc262c3833b7d1357
[015:597][334413] (fake_wnd.cc:216): OnFrame write to file2597295589
[015:693][334412] (generic_decoder.cc:117): LOG_RECV|size|decode_time|decoded_time|md5 31361 2597295682 2597295685 370d0fd1153ca7b6b15be366ae4e96be
[015:695][334413] (fake_wnd.cc:216): OnFrame write to file2597295687
[015:790][334412] (generic_decoder.cc:117): LOG_RECV|size|decode_time|decoded_time|md5 29745 2597295780 2597295782 f66218abb473206978e838b806dcbd97
[015:792][334413] (fake_wnd.cc:216): OnFrame write to file2597295784
[015:888][334412] (generic_decoder.cc:117): LOG_RECV|size|decode_time|decoded_time|md5 31331 2597295877 2597295880 ffda476f17d3c8f2f52e7b7f4d4b81ea
[015:890][334413] (fake_wnd.cc:216): OnFrame write to file2597295882
